a0011e00 Q0 k27 1 20 results_for_datasets
a0011e00 Q0 uk34 2 19 results_for_datasets
a0011e00 Q0 uk35 3 18 results_for_datasets
a0011e00 Q0 uk36 4 17 results_for_datasets
a0011e00 Q0 k10 5 16 results_for_datasets
a0011e00 Q0 uk37 6 15 results_for_datasets
a0011e00 Q0 k12 7 14 results_for_datasets
a0011e00 Q0 uk38 8 13 results_for_datasets
a0011e00 Q0 uk39 9 12 results_for_datasets
a0011e00 Q0 uk40 10 11 results_for_datasets
a0011e00 Q0 uk41 11 10 results_for_datasets
a0011e00 Q0 uk42 12 9 results_for_datasets
a0011e00 Q0 k16 13 8 results_for_datasets
a0011e00 Q0 uk43 14 7 results_for_datasets
a0011e00 Q0 uk44 15 6 results_for_datasets
a0011e00 Q0 uk45 16 5 results_for_datasets
a0011e00 Q0 uk46 17 4 results_for_datasets
a0011e00 Q0 uk47 18 3 results_for_datasets
a0011e00 Q0 k4 19 2 results_for_datasets
a0011e00 Q0 uk48 20 1 results_for_datasets
a0126e00 Q0 uk44 1 20 results_for_datasets
a0126e00 Q0 uk45 2 19 results_for_datasets
a0126e00 Q0 uk46 3 18 results_for_datasets
a0126e00 Q0 uk47 4 17 results_for_datasets
a0126e00 Q0 uk48 5 16 results_for_datasets
a0126e00 Q0 uk49 6 15 results_for_datasets
a0126e00 Q0 uk50 7 14 results_for_datasets
a0126e00 Q0 uk51 8 13 results_for_datasets
a0126e00 Q0 uk52 9 12 results_for_datasets
a0126e00 Q0 uk53 10 11 results_for_datasets
a0126e00 Q0 uk54 11 10 results_for_datasets
a0126e00 Q0 k8 12 9 results_for_datasets
a0126e00 Q0 uk55 13 8 results_for_datasets
a0126e00 Q0 k31 14 7 results_for_datasets
a0126e00 Q0 uk56 15 6 results_for_datasets
a0126e00 Q0 uk57 16 5 results_for_datasets
a0126e00 Q0 uk58 17 4 results_for_datasets
a0126e00 Q0 uk59 18 3 results_for_datasets
a0126e00 Q0 uk60 19 2 results_for_datasets
a0126e00 Q0 k7 20 1 results_for_datasets
a0184e00 Q0 uk30 1 20 results_for_datasets
a0184e00 Q0 uk31 2 19 results_for_datasets
a0184e00 Q0 uk32 3 18 results_for_datasets
a0184e00 Q0 k9 4 17 results_for_datasets
a0184e00 Q0 uk33 5 16 results_for_datasets
a0184e00 Q0 k5 6 15 results_for_datasets
a0184e00 Q0 uk34 7 14 results_for_datasets
a0184e00 Q0 uk35 8 13 results_for_datasets
a0184e00 Q0 k8 9 12 results_for_datasets
a0184e00 Q0 uk36 10 11 results_for_datasets
a0184e00 Q0 uk37 11 10 results_for_datasets
a0184e00 Q0 uk38 12 9 results_for_datasets
a0184e00 Q0 uk39 13 8 results_for_datasets
a0184e00 Q0 uk40 14 7 results_for_datasets
a0184e00 Q0 uk41 15 6 results_for_datasets
a0184e00 Q0 uk42 16 5 results_for_datasets
a0184e00 Q0 uk43 17 4 results_for_datasets
a0184e00 Q0 uk44 18 3 results_for_datasets
a0184e00 Q0 uk45 19 2 results_for_datasets
a0184e00 Q0 uk46 20 1 results_for_datasets
a0276e00 Q0 k2 1 20 results_for_datasets
a0276e00 Q0 k22 2 19 results_for_datasets
a0276e00 Q0 uk44 3 18 results_for_datasets
a0276e00 Q0 uk45 4 17 results_for_datasets
a0276e00 Q0 uk46 5 16 results_for_datasets
a0276e00 Q0 uk47 6 15 results_for_datasets
a0276e00 Q0 uk48 7 14 results_for_datasets
a0276e00 Q0 uk49 8 13 results_for_datasets
a0276e00 Q0 uk50 9 12 results_for_datasets
a0276e00 Q0 uk51 10 11 results_for_datasets
a0276e00 Q0 uk52 11 10 results_for_datasets
a0276e00 Q0 uk53 12 9 results_for_datasets
a0276e00 Q0 uk54 13 8 results_for_datasets
a0276e00 Q0 uk55 14 7 results_for_datasets
a0276e00 Q0 uk56 15 6 results_for_datasets
a0276e00 Q0 uk57 16 5 results_for_datasets
a0276e00 Q0 uk58 17 4 results_for_datasets
a0276e00 Q0 uk59 18 3 results_for_datasets
a0276e00 Q0 k16 19 2 results_for_datasets
a0276e00 Q0 uk60 20 1 results_for_datasets
a0469e00 Q0 uk28 1 20 results_for_datasets
a0469e00 Q0 uk29 2 19 results_for_datasets
a0469e00 Q0 uk30 3 18 results_for_datasets
a0469e00 Q0 k1 4 17 results_for_datasets
a0469e00 Q0 uk31 5 16 results_for_datasets
a0469e00 Q0 uk32 6 15 results_for_datasets
a0469e00 Q0 uk33 7 14 results_for_datasets
a0469e00 Q0 uk34 8 13 results_for_datasets
a0469e00 Q0 uk35 9 12 results_for_datasets
a0469e00 Q0 uk36 10 11 results_for_datasets
a0469e00 Q0 uk37 11 10 results_for_datasets
a0469e00 Q0 uk38 12 9 results_for_datasets
a0469e00 Q0 uk39 13 8 results_for_datasets
a0469e00 Q0 uk40 14 7 results_for_datasets
a0469e00 Q0 uk41 15 6 results_for_datasets
a0469e00 Q0 uk42 16 5 results_for_datasets
a0469e00 Q0 uk43 17 4 results_for_datasets
a0469e00 Q0 uk44 18 3 results_for_datasets
a0469e00 Q0 uk45 19 2 results_for_datasets
a0469e00 Q0 uk46 20 1 results_for_datasets
a0541e00 Q0 k11 1 20 results_for_datasets
a0541e00 Q0 uk36 2 19 results_for_datasets
a0541e00 Q0 uk37 3 18 results_for_datasets
a0541e00 Q0 uk38 4 17 results_for_datasets
a0541e00 Q0 uk39 5 16 results_for_datasets
a0541e00 Q0 uk40 6 15 results_for_datasets
a0541e00 Q0 uk41 7 14 results_for_datasets
a0541e00 Q0 uk42 8 13 results_for_datasets
a0541e00 Q0 uk43 9 12 results_for_datasets
a0541e00 Q0 k15 10 11 results_for_datasets
a0541e00 Q0 uk44 11 10 results_for_datasets
a0541e00 Q0 uk45 12 9 results_for_datasets
a0541e00 Q0 uk46 13 8 results_for_datasets
a0541e00 Q0 uk47 14 7 results_for_datasets
a0541e00 Q0 uk48 15 6 results_for_datasets
a0541e00 Q0 uk49 16 5 results_for_datasets
a0541e00 Q0 uk50 17 4 results_for_datasets
a0541e00 Q0 uk51 18 3 results_for_datasets
a0541e00 Q0 uk52 19 2 results_for_datasets
a0541e00 Q0 uk53 20 1 results_for_datasets
a0549e00 Q0 uk36 1 20 results_for_datasets
a0549e00 Q0 k15 2 19 results_for_datasets
a0549e00 Q0 k12 3 18 results_for_datasets
a0549e00 Q0 uk37 4 17 results_for_datasets
a0549e00 Q0 uk38 5 16 results_for_datasets
a0549e00 Q0 k34 6 15 results_for_datasets
a0549e00 Q0 uk39 7 14 results_for_datasets
a0549e00 Q0 uk40 8 13 results_for_datasets
a0549e00 Q0 uk41 9 12 results_for_datasets
a0549e00 Q0 uk42 10 11 results_for_datasets
a0549e00 Q0 uk43 11 10 results_for_datasets
a0549e00 Q0 uk44 12 9 results_for_datasets
a0549e00 Q0 uk45 13 8 results_for_datasets
a0549e00 Q0 uk46 14 7 results_for_datasets
a0549e00 Q0 uk47 15 6 results_for_datasets
a0549e00 Q0 uk48 16 5 results_for_datasets
a0549e00 Q0 uk49 17 4 results_for_datasets
a0549e00 Q0 uk50 18 3 results_for_datasets
a0549e00 Q0 uk51 19 2 results_for_datasets
a0549e00 Q0 uk52 20 1 results_for_datasets
a0587e00 Q0 uk31 1 20 results_for_datasets
a0587e00 Q0 k7 2 19 results_for_datasets
a0587e00 Q0 uk32 3 18 results_for_datasets
a0587e00 Q0 uk33 4 17 results_for_datasets
a0587e00 Q0 uk34 5 16 results_for_datasets
a0587e00 Q0 uk35 6 15 results_for_datasets
a0587e00 Q0 uk36 7 14 results_for_datasets
a0587e00 Q0 uk37 8 13 results_for_datasets
a0587e00 Q0 uk38 9 12 results_for_datasets
a0587e00 Q0 uk39 10 11 results_for_datasets
a0587e00 Q0 k24 11 10 results_for_datasets
a0587e00 Q0 uk40 12 9 results_for_datasets
a0587e00 Q0 uk41 13 8 results_for_datasets
a0587e00 Q0 uk42 14 7 results_for_datasets
a0587e00 Q0 uk43 15 6 results_for_datasets
a0587e00 Q0 uk44 16 5 results_for_datasets
a0587e00 Q0 k3 17 4 results_for_datasets
a0587e00 Q0 uk45 18 3 results_for_datasets
a0587e00 Q0 uk46 19 2 results_for_datasets
a0587e00 Q0 k11 20 1 results_for_datasets
ae080e00 Q0 uk27 1 20 results_for_datasets
ae080e00 Q0 uk28 2 19 results_for_datasets
ae080e00 Q0 uk29 3 18 results_for_datasets
ae080e00 Q0 k14 4 17 results_for_datasets
ae080e00 Q0 uk30 5 16 results_for_datasets
ae080e00 Q0 k24 6 15 results_for_datasets
ae080e00 Q0 uk31 7 14 results_for_datasets
ae080e00 Q0 uk32 8 13 results_for_datasets
ae080e00 Q0 uk33 9 12 results_for_datasets
ae080e00 Q0 uk34 10 11 results_for_datasets
ae080e00 Q0 uk35 11 10 results_for_datasets
ae080e00 Q0 uk36 12 9 results_for_datasets
ae080e00 Q0 uk37 13 8 results_for_datasets
ae080e00 Q0 uk38 14 7 results_for_datasets
ae080e00 Q0 uk39 15 6 results_for_datasets
ae080e00 Q0 uk40 16 5 results_for_datasets
ae080e00 Q0 uk41 17 4 results_for_datasets
ae080e00 Q0 uk42 18 3 results_for_datasets
ae080e00 Q0 uk43 19 2 results_for_datasets
ae080e00 Q0 uk44 20 1 results_for_datasets
ae228e00 Q0 uk34 1 20 results_for_datasets
ae228e00 Q0 k1 2 19 results_for_datasets
ae228e00 Q0 uk35 3 18 results_for_datasets
ae228e00 Q0 uk36 4 17 results_for_datasets
ae228e00 Q0 uk37 5 16 results_for_datasets
ae228e00 Q0 uk38 6 15 results_for_datasets
ae228e00 Q0 uk39 7 14 results_for_datasets
ae228e00 Q0 uk40 8 13 results_for_datasets
ae228e00 Q0 uk41 9 12 results_for_datasets
ae228e00 Q0 uk42 10 11 results_for_datasets
ae228e00 Q0 uk43 11 10 results_for_datasets
ae228e00 Q0 uk44 12 9 results_for_datasets
ae228e00 Q0 uk45 13 8 results_for_datasets
ae228e00 Q0 uk46 14 7 results_for_datasets
ae228e00 Q0 uk47 15 6 results_for_datasets
ae228e00 Q0 uk48 16 5 results_for_datasets
ae228e00 Q0 uk49 17 4 results_for_datasets
ae228e00 Q0 uk50 18 3 results_for_datasets
ae228e00 Q0 k9 19 2 results_for_datasets
ae228e00 Q0 uk51 20 1 results_for_datasets
ae403e00 Q0 uk27 1 20 results_for_datasets
ae403e00 Q0 uk28 2 19 results_for_datasets
ae403e00 Q0 k18 3 18 results_for_datasets
ae403e00 Q0 uk29 4 17 results_for_datasets
ae403e00 Q0 uk30 5 16 results_for_datasets
ae403e00 Q0 uk31 6 15 results_for_datasets
ae403e00 Q0 k4 7 14 results_for_datasets
ae403e00 Q0 uk32 8 13 results_for_datasets
ae403e00 Q0 uk33 9 12 results_for_datasets
ae403e00 Q0 uk34 10 11 results_for_datasets
ae403e00 Q0 uk35 11 10 results_for_datasets
ae403e00 Q0 uk36 12 9 results_for_datasets
ae403e00 Q0 uk37 13 8 results_for_datasets
ae403e00 Q0 uk38 14 7 results_for_datasets
ae403e00 Q0 uk39 15 6 results_for_datasets
ae403e00 Q0 uk40 16 5 results_for_datasets
ae403e00 Q0 uk41 17 4 results_for_datasets
ae403e00 Q0 uk42 18 3 results_for_datasets
ae403e00 Q0 k25 19 2 results_for_datasets
ae403e00 Q0 uk43 20 1 results_for_datasets
ae937e00 Q0 uk61 1 20 results_for_datasets
ae937e00 Q0 uk62 2 19 results_for_datasets
ae937e00 Q0 uk63 3 18 results_for_datasets
ae937e00 Q0 uk64 4 17 results_for_datasets
ae937e00 Q0 uk65 5 16 results_for_datasets
ae937e00 Q0 uk66 6 15 results_for_datasets
ae937e00 Q0 uk67 7 14 results_for_datasets
ae937e00 Q0 k48 8 13 results_for_datasets
ae937e00 Q0 uk68 9 12 results_for_datasets
ae937e00 Q0 uk69 10 11 results_for_datasets
ae937e00 Q0 uk70 11 10 results_for_datasets
ae937e00 Q0 k35 12 9 results_for_datasets
ae937e00 Q0 uk71 13 8 results_for_datasets
ae937e00 Q0 uk72 14 7 results_for_datasets
ae937e00 Q0 uk73 15 6 results_for_datasets
ae937e00 Q0 uk74 16 5 results_for_datasets
ae937e00 Q0 uk75 17 4 results_for_datasets
ae937e00 Q0 uk76 18 3 results_for_datasets
ae937e00 Q0 k1 19 2 results_for_datasets
ae937e00 Q0 uk77 20 1 results_for_datasets
ag091e00 Q0 uk27 1 20 results_for_datasets
ag091e00 Q0 uk28 2 19 results_for_datasets
ag091e00 Q0 uk29 3 18 results_for_datasets
ag091e00 Q0 uk30 4 17 results_for_datasets
ag091e00 Q0 uk31 5 16 results_for_datasets
ag091e00 Q0 uk32 6 15 results_for_datasets
ag091e00 Q0 uk33 7 14 results_for_datasets
ag091e00 Q0 uk34 8 13 results_for_datasets
ag091e00 Q0 uk35 9 12 results_for_datasets
ag091e00 Q0 uk36 10 11 results_for_datasets
ag091e00 Q0 k12 11 10 results_for_datasets
ag091e00 Q0 uk37 12 9 results_for_datasets
ag091e00 Q0 uk38 13 8 results_for_datasets
ag091e00 Q0 uk39 14 7 results_for_datasets
ag091e00 Q0 uk40 15 6 results_for_datasets
ag091e00 Q0 uk41 16 5 results_for_datasets
ag091e00 Q0 uk42 17 4 results_for_datasets
ag091e00 Q0 uk43 18 3 results_for_datasets
ag091e00 Q0 k1 19 2 results_for_datasets
ag091e00 Q0 uk44 20 1 results_for_datasets
ag093e00 Q0 k6 1 20 results_for_datasets
ag093e00 Q0 k44 2 19 results_for_datasets
ag093e00 Q0 uk46 3 18 results_for_datasets
ag093e00 Q0 uk47 4 17 results_for_datasets
ag093e00 Q0 uk48 5 16 results_for_datasets
ag093e00 Q0 k34 6 15 results_for_datasets
ag093e00 Q0 uk49 7 14 results_for_datasets
ag093e00 Q0 uk50 8 13 results_for_datasets
ag093e00 Q0 uk51 9 12 results_for_datasets
ag093e00 Q0 uk52 10 11 results_for_datasets
ag093e00 Q0 uk53 11 10 results_for_datasets
ag093e00 Q0 uk54 12 9 results_for_datasets
ag093e00 Q0 uk55 13 8 results_for_datasets
ag093e00 Q0 uk56 14 7 results_for_datasets
ag093e00 Q0 uk57 15 6 results_for_datasets
ag093e00 Q0 uk58 16 5 results_for_datasets
ag093e00 Q0 k8 17 4 results_for_datasets
ag093e00 Q0 k15 18 3 results_for_datasets
ag093e00 Q0 uk59 19 2 results_for_datasets
ag093e00 Q0 uk60 20 1 results_for_datasets
ag101e00 Q0 uk34 1 20 results_for_datasets
ag101e00 Q0 uk35 2 19 results_for_datasets
ag101e00 Q0 uk36 3 18 results_for_datasets
ag101e00 Q0 uk37 4 17 results_for_datasets
ag101e00 Q0 uk38 5 16 results_for_datasets
ag101e00 Q0 uk39 6 15 results_for_datasets
ag101e00 Q0 uk40 7 14 results_for_datasets
ag101e00 Q0 uk41 8 13 results_for_datasets
ag101e00 Q0 uk42 9 12 results_for_datasets
ag101e00 Q0 k16 10 11 results_for_datasets
ag101e00 Q0 uk43 11 10 results_for_datasets
ag101e00 Q0 uk44 12 9 results_for_datasets
ag101e00 Q0 uk45 13 8 results_for_datasets
ag101e00 Q0 k11 14 7 results_for_datasets
ag101e00 Q0 uk46 15 6 results_for_datasets
ag101e00 Q0 uk47 16 5 results_for_datasets
ag101e00 Q0 uk48 17 4 results_for_datasets
ag101e00 Q0 uk49 18 3 results_for_datasets
ag101e00 Q0 uk50 19 2 results_for_datasets
ag101e00 Q0 uk51 20 1 results_for_datasets
ag102e00 Q0 k27 1 20 results_for_datasets
ag102e00 Q0 uk37 2 19 results_for_datasets
ag102e00 Q0 k30 3 18 results_for_datasets
ag102e00 Q0 uk38 4 17 results_for_datasets
ag102e00 Q0 uk39 5 16 results_for_datasets
ag102e00 Q0 uk40 6 15 results_for_datasets
ag102e00 Q0 k7 7 14 results_for_datasets
ag102e00 Q0 uk41 8 13 results_for_datasets
ag102e00 Q0 uk42 9 12 results_for_datasets
ag102e00 Q0 k16 10 11 results_for_datasets
ag102e00 Q0 uk43 11 10 results_for_datasets
ag102e00 Q0 uk44 12 9 results_for_datasets
ag102e00 Q0 uk45 13 8 results_for_datasets
ag102e00 Q0 uk46 14 7 results_for_datasets
ag102e00 Q0 k4 15 6 results_for_datasets
ag102e00 Q0 uk47 16 5 results_for_datasets
ag102e00 Q0 uk48 17 4 results_for_datasets
ag102e00 Q0 uk49 18 3 results_for_datasets
ag102e00 Q0 uk50 19 2 results_for_datasets
ag102e00 Q0 uk51 20 1 results_for_datasets
ag387e00 Q0 uk28 1 20 results_for_datasets
ag387e00 Q0 k19 2 19 results_for_datasets
ag387e00 Q0 uk29 3 18 results_for_datasets
ag387e00 Q0 uk30 4 17 results_for_datasets
ag387e00 Q0 uk31 5 16 results_for_datasets
ag387e00 Q0 uk32 6 15 results_for_datasets
ag387e00 Q0 uk33 7 14 results_for_datasets
ag387e00 Q0 uk34 8 13 results_for_datasets
ag387e00 Q0 uk35 9 12 results_for_datasets
ag387e00 Q0 uk36 10 11 results_for_datasets
ag387e00 Q0 uk37 11 10 results_for_datasets
ag387e00 Q0 uk38 12 9 results_for_datasets
ag387e00 Q0 k25 13 8 results_for_datasets
ag387e00 Q0 k3 14 7 results_for_datasets
ag387e00 Q0 uk39 15 6 results_for_datasets
ag387e00 Q0 uk40 16 5 results_for_datasets
ag387e00 Q0 uk41 17 4 results_for_datasets
ag387e00 Q0 uk42 18 3 results_for_datasets
ag387e00 Q0 uk43 19 2 results_for_datasets
ag387e00 Q0 uk44 20 1 results_for_datasets
ag868e00 Q0 uk24 1 20 results_for_datasets
ag868e00 Q0 uk25 2 19 results_for_datasets
ag868e00 Q0 uk26 3 18 results_for_datasets
ag868e00 Q0 uk27 4 17 results_for_datasets
ag868e00 Q0 uk28 5 16 results_for_datasets
ag868e00 Q0 uk29 6 15 results_for_datasets
ag868e00 Q0 uk30 7 14 results_for_datasets
ag868e00 Q0 uk31 8 13 results_for_datasets
ag868e00 Q0 k20 9 12 results_for_datasets
ag868e00 Q0 uk32 10 11 results_for_datasets
ag868e00 Q0 uk33 11 10 results_for_datasets
ag868e00 Q0 uk34 12 9 results_for_datasets
ag868e00 Q0 uk35 13 8 results_for_datasets
ag868e00 Q0 k19 14 7 results_for_datasets
ag868e00 Q0 uk36 15 6 results_for_datasets
ag868e00 Q0 uk37 16 5 results_for_datasets
ag868e00 Q0 k10 17 4 results_for_datasets
ag868e00 Q0 uk38 18 3 results_for_datasets
ag868e00 Q0 uk39 19 2 results_for_datasets
ag868e00 Q0 uk40 20 1 results_for_datasets
alt_livelihood Q0 uk30 1 20 results_for_datasets
alt_livelihood Q0 uk31 2 19 results_for_datasets
alt_livelihood Q0 uk32 3 18 results_for_datasets
alt_livelihood Q0 uk33 4 17 results_for_datasets
alt_livelihood Q0 uk34 5 16 results_for_datasets
alt_livelihood Q0 uk35 6 15 results_for_datasets
alt_livelihood Q0 uk36 7 14 results_for_datasets
alt_livelihood Q0 uk37 8 13 results_for_datasets
alt_livelihood Q0 uk38 9 12 results_for_datasets
alt_livelihood Q0 uk39 10 11 results_for_datasets
alt_livelihood Q0 k13 11 10 results_for_datasets
alt_livelihood Q0 uk40 12 9 results_for_datasets
alt_livelihood Q0 uk41 13 8 results_for_datasets
alt_livelihood Q0 uk42 14 7 results_for_datasets
alt_livelihood Q0 uk43 15 6 results_for_datasets
alt_livelihood Q0 uk44 16 5 results_for_datasets
alt_livelihood Q0 uk45 17 4 results_for_datasets
alt_livelihood Q0 k27 18 3 results_for_datasets
alt_livelihood Q0 uk46 19 2 results_for_datasets
alt_livelihood Q0 uk47 20 1 results_for_datasets
at2050web Q0 uk39 1 20 results_for_datasets
at2050web Q0 uk40 2 19 results_for_datasets
at2050web Q0 uk41 3 18 results_for_datasets
at2050web Q0 k9 4 17 results_for_datasets
at2050web Q0 uk42 5 16 results_for_datasets
at2050web Q0 uk43 6 15 results_for_datasets
at2050web Q0 uk44 7 14 results_for_datasets
at2050web Q0 uk45 8 13 results_for_datasets
at2050web Q0 k12 9 12 results_for_datasets
at2050web Q0 k36 10 11 results_for_datasets
at2050web Q0 uk46 11 10 results_for_datasets
at2050web Q0 k4 12 9 results_for_datasets
at2050web Q0 uk47 13 8 results_for_datasets
at2050web Q0 uk48 14 7 results_for_datasets
at2050web Q0 k26 15 6 results_for_datasets
at2050web Q0 uk49 16 5 results_for_datasets
at2050web Q0 uk50 17 4 results_for_datasets
at2050web Q0 uk51 18 3 results_for_datasets
at2050web Q0 uk52 19 2 results_for_datasets
at2050web Q0 uk53 20 1 results_for_datasets
birdpre Q0 uk24 1 20 results_for_datasets
birdpre Q0 uk25 2 19 results_for_datasets
birdpre Q0 uk26 3 18 results_for_datasets
birdpre Q0 uk27 4 17 results_for_datasets
birdpre Q0 k22 5 16 results_for_datasets
birdpre Q0 uk28 6 15 results_for_datasets
birdpre Q0 uk29 7 14 results_for_datasets
birdpre Q0 k0 8 13 results_for_datasets
birdpre Q0 uk30 9 12 results_for_datasets
birdpre Q0 k18 10 11 results_for_datasets
birdpre Q0 uk31 11 10 results_for_datasets
birdpre Q0 uk32 12 9 results_for_datasets
birdpre Q0 uk33 13 8 results_for_datasets
birdpre Q0 uk34 14 7 results_for_datasets
birdpre Q0 uk35 15 6 results_for_datasets
birdpre Q0 uk36 16 5 results_for_datasets
birdpre Q0 uk37 17 4 results_for_datasets
birdpre Q0 uk38 18 3 results_for_datasets
birdpre Q0 uk39 19 2 results_for_datasets
birdpre Q0 uk40 20 1 results_for_datasets
cleveland02_ecosystems Q0 uk32 1 20 results_for_datasets
cleveland02_ecosystems Q0 uk33 2 19 results_for_datasets
cleveland02_ecosystems Q0 uk34 3 18 results_for_datasets
cleveland02_ecosystems Q0 uk35 4 17 results_for_datasets
cleveland02_ecosystems Q0 uk36 5 16 results_for_datasets
cleveland02_ecosystems Q0 uk37 6 15 results_for_datasets
cleveland02_ecosystems Q0 uk38 7 14 results_for_datasets
cleveland02_ecosystems Q0 uk39 8 13 results_for_datasets
cleveland02_ecosystems Q0 uk40 9 12 results_for_datasets
cleveland02_ecosystems Q0 uk41 10 11 results_for_datasets
cleveland02_ecosystems Q0 uk42 11 10 results_for_datasets
cleveland02_ecosystems Q0 uk43 12 9 results_for_datasets
cleveland02_ecosystems Q0 uk44 13 8 results_for_datasets
cleveland02_ecosystems Q0 uk45 14 7 results_for_datasets
cleveland02_ecosystems Q0 uk46 15 6 results_for_datasets
cleveland02_ecosystems Q0 uk47 16 5 results_for_datasets
cleveland02_ecosystems Q0 uk48 17 4 results_for_datasets
cleveland02_ecosystems Q0 uk49 18 3 results_for_datasets
cleveland02_ecosystems Q0 uk50 19 2 results_for_datasets
cleveland02_ecosystems Q0 uk51 20 1 results_for_datasets
ecology_letters_2004 Q0 uk31 1 20 results_for_datasets
ecology_letters_2004 Q0 uk32 2 19 results_for_datasets
ecology_letters_2004 Q0 uk33 3 18 results_for_datasets
ecology_letters_2004 Q0 k28 4 17 results_for_datasets
ecology_letters_2004 Q0 uk34 5 16 results_for_datasets
ecology_letters_2004 Q0 uk35 6 15 results_for_datasets
ecology_letters_2004 Q0 uk36 7 14 results_for_datasets
ecology_letters_2004 Q0 uk37 8 13 results_for_datasets
ecology_letters_2004 Q0 uk38 9 12 results_for_datasets
ecology_letters_2004 Q0 uk39 10 11 results_for_datasets
ecology_letters_2004 Q0 uk40 11 10 results_for_datasets
ecology_letters_2004 Q0 uk41 12 9 results_for_datasets
ecology_letters_2004 Q0 uk42 13 8 results_for_datasets
ecology_letters_2004 Q0 uk43 14 7 results_for_datasets
ecology_letters_2004 Q0 uk44 15 6 results_for_datasets
ecology_letters_2004 Q0 uk45 16 5 results_for_datasets
ecology_letters_2004 Q0 uk46 17 4 results_for_datasets
ecology_letters_2004 Q0 uk47 18 3 results_for_datasets
ecology_letters_2004 Q0 uk48 19 2 results_for_datasets
ecology_letters_2004 Q0 uk49 20 1 results_for_datasets
hoagland_mre_2003 Q0 k0 1 20 results_for_datasets
hoagland_mre_2003 Q0 k1 2 19 results_for_datasets
hoagland_mre_2003 Q0 uk25 3 18 results_for_datasets
hoagland_mre_2003 Q0 uk26 4 17 results_for_datasets
hoagland_mre_2003 Q0 uk27 5 16 results_for_datasets
hoagland_mre_2003 Q0 uk28 6 15 results_for_datasets
hoagland_mre_2003 Q0 uk29 7 14 results_for_datasets
hoagland_mre_2003 Q0 uk30 8 13 results_for_datasets
hoagland_mre_2003 Q0 uk31 9 12 results_for_datasets
hoagland_mre_2003 Q0 uk32 10 11 results_for_datasets
hoagland_mre_2003 Q0 uk33 11 10 results_for_datasets
hoagland_mre_2003 Q0 uk34 12 9 results_for_datasets
hoagland_mre_2003 Q0 uk35 13 8 results_for_datasets
hoagland_mre_2003 Q0 uk36 14 7 results_for_datasets
hoagland_mre_2003 Q0 uk37 15 6 results_for_datasets
hoagland_mre_2003 Q0 uk38 16 5 results_for_datasets
hoagland_mre_2003 Q0 uk39 17 4 results_for_datasets
hoagland_mre_2003 Q0 uk40 18 3 results_for_datasets
hoagland_mre_2003 Q0 uk41 19 2 results_for_datasets
hoagland_mre_2003 Q0 uk42 20 1 results_for_datasets
j1255e00 Q0 k0 1 20 results_for_datasets
j1255e00 Q0 k5 2 19 results_for_datasets
j1255e00 Q0 uk38 3 18 results_for_datasets
j1255e00 Q0 k21 4 17 results_for_datasets
j1255e00 Q0 uk39 5 16 results_for_datasets
j1255e00 Q0 uk40 6 15 results_for_datasets
j1255e00 Q0 uk41 7 14 results_for_datasets
j1255e00 Q0 uk42 8 13 results_for_datasets
j1255e00 Q0 uk43 9 12 results_for_datasets
j1255e00 Q0 uk44 10 11 results_for_datasets
j1255e00 Q0 uk45 11 10 results_for_datasets
j1255e00 Q0 uk46 12 9 results_for_datasets
j1255e00 Q0 uk47 13 8 results_for_datasets
j1255e00 Q0 k7 14 7 results_for_datasets
j1255e00 Q0 uk48 15 6 results_for_datasets
j1255e00 Q0 uk49 16 5 results_for_datasets
j1255e00 Q0 uk50 17 4 results_for_datasets
j1255e00 Q0 uk51 18 3 results_for_datasets
j1255e00 Q0 uk52 19 2 results_for_datasets
j1255e00 Q0 uk53 20 1 results_for_datasets
j6561e00 Q0 uk29 1 20 results_for_datasets
j6561e00 Q0 uk30 2 19 results_for_datasets
j6561e00 Q0 uk31 3 18 results_for_datasets
j6561e00 Q0 uk32 4 17 results_for_datasets
j6561e00 Q0 uk33 5 16 results_for_datasets
j6561e00 Q0 uk34 6 15 results_for_datasets
j6561e00 Q0 k15 7 14 results_for_datasets
j6561e00 Q0 uk35 8 13 results_for_datasets
j6561e00 Q0 uk36 9 12 results_for_datasets
j6561e00 Q0 uk37 10 11 results_for_datasets
j6561e00 Q0 uk38 11 10 results_for_datasets
j6561e00 Q0 uk39 12 9 results_for_datasets
j6561e00 Q0 uk40 13 8 results_for_datasets
j6561e00 Q0 uk41 14 7 results_for_datasets
j6561e00 Q0 uk42 15 6 results_for_datasets
j6561e00 Q0 k12 16 5 results_for_datasets
j6561e00 Q0 uk43 17 4 results_for_datasets
j6561e00 Q0 k26 18 3 results_for_datasets
j6561e00 Q0 uk44 19 2 results_for_datasets
j6561e00 Q0 uk45 20 1 results_for_datasets
x6998e00 Q0 uk27 1 20 results_for_datasets
x6998e00 Q0 uk28 2 19 results_for_datasets
x6998e00 Q0 uk29 3 18 results_for_datasets
x6998e00 Q0 uk30 4 17 results_for_datasets
x6998e00 Q0 k8 5 16 results_for_datasets
x6998e00 Q0 k23 6 15 results_for_datasets
x6998e00 Q0 uk31 7 14 results_for_datasets
x6998e00 Q0 uk32 8 13 results_for_datasets
x6998e00 Q0 k24 9 12 results_for_datasets
x6998e00 Q0 uk33 10 11 results_for_datasets
x6998e00 Q0 uk34 11 10 results_for_datasets
x6998e00 Q0 uk35 12 9 results_for_datasets
x6998e00 Q0 uk36 13 8 results_for_datasets
x6998e00 Q0 uk37 14 7 results_for_datasets
x6998e00 Q0 uk38 15 6 results_for_datasets
x6998e00 Q0 k10 16 5 results_for_datasets
x6998e00 Q0 uk39 17 4 results_for_datasets
x6998e00 Q0 uk40 18 3 results_for_datasets
x6998e00 Q0 uk41 19 2 results_for_datasets
x6998e00 Q0 uk42 20 1 results_for_datasets
y5647e00 Q0 uk27 1 20 results_for_datasets
y5647e00 Q0 uk28 2 19 results_for_datasets
y5647e00 Q0 uk29 3 18 results_for_datasets
y5647e00 Q0 uk30 4 17 results_for_datasets
y5647e00 Q0 uk31 5 16 results_for_datasets
y5647e00 Q0 k16 6 15 results_for_datasets
y5647e00 Q0 uk32 7 14 results_for_datasets
y5647e00 Q0 uk33 8 13 results_for_datasets
y5647e00 Q0 uk34 9 12 results_for_datasets
y5647e00 Q0 uk35 10 11 results_for_datasets
y5647e00 Q0 uk36 11 10 results_for_datasets
y5647e00 Q0 k1 12 9 results_for_datasets
y5647e00 Q0 uk37 13 8 results_for_datasets
y5647e00 Q0 uk38 14 7 results_for_datasets
y5647e00 Q0 uk39 15 6 results_for_datasets
y5647e00 Q0 uk40 16 5 results_for_datasets
y5647e00 Q0 uk41 17 4 results_for_datasets
y5647e00 Q0 uk42 18 3 results_for_datasets
y5647e00 Q0 uk43 19 2 results_for_datasets
y5647e00 Q0 uk44 20 1 results_for_datasets
y5843e00 Q0 uk42 1 20 results_for_datasets
y5843e00 Q0 uk43 2 19 results_for_datasets
y5843e00 Q0 uk44 3 18 results_for_datasets
y5843e00 Q0 k34 4 17 results_for_datasets
y5843e00 Q0 uk45 5 16 results_for_datasets
y5843e00 Q0 uk46 6 15 results_for_datasets
y5843e00 Q0 uk47 7 14 results_for_datasets
y5843e00 Q0 k2 8 13 results_for_datasets
y5843e00 Q0 uk48 9 12 results_for_datasets
y5843e00 Q0 uk49 10 11 results_for_datasets
y5843e00 Q0 k17 11 10 results_for_datasets
y5843e00 Q0 uk50 12 9 results_for_datasets
y5843e00 Q0 uk51 13 8 results_for_datasets
y5843e00 Q0 uk52 14 7 results_for_datasets
y5843e00 Q0 uk53 15 6 results_for_datasets
y5843e00 Q0 uk54 16 5 results_for_datasets
y5843e00 Q0 uk55 17 4 results_for_datasets
y5843e00 Q0 uk56 18 3 results_for_datasets
y5843e00 Q0 uk57 19 2 results_for_datasets
y5843e00 Q0 k35 20 1 results_for_datasets
y6396e00 Q0 uk25 1 20 results_for_datasets
y6396e00 Q0 uk26 2 19 results_for_datasets
y6396e00 Q0 uk27 3 18 results_for_datasets
y6396e00 Q0 uk28 4 17 results_for_datasets
y6396e00 Q0 k1 5 16 results_for_datasets
y6396e00 Q0 uk29 6 15 results_for_datasets
y6396e00 Q0 uk30 7 14 results_for_datasets
y6396e00 Q0 uk31 8 13 results_for_datasets
y6396e00 Q0 uk32 9 12 results_for_datasets
y6396e00 Q0 uk33 10 11 results_for_datasets
y6396e00 Q0 uk34 11 10 results_for_datasets
y6396e00 Q0 k0 12 9 results_for_datasets
y6396e00 Q0 uk35 13 8 results_for_datasets
y6396e00 Q0 uk36 14 7 results_for_datasets
y6396e00 Q0 uk37 15 6 results_for_datasets
y6396e00 Q0 uk38 16 5 results_for_datasets
y6396e00 Q0 uk39 17 4 results_for_datasets
y6396e00 Q0 uk40 18 3 results_for_datasets
y6396e00 Q0 uk41 19 2 results_for_datasets
y6396e00 Q0 k5 20 1 results_for_datasets
