adeline Q0 uk5 1 20 results_for_datasets
adeline Q0 uk6 2 19 results_for_datasets
adeline Q0 uk7 3 18 results_for_datasets
adeline Q0 uk8 4 17 results_for_datasets
adeline Q0 uk9 5 16 results_for_datasets
adeline Q0 uk10 6 15 results_for_datasets
adeline Q0 uk11 7 14 results_for_datasets
adeline Q0 uk12 8 13 results_for_datasets
adeline Q0 uk13 9 12 results_for_datasets
adeline Q0 uk14 10 11 results_for_datasets
adeline Q0 uk15 11 10 results_for_datasets
adeline Q0 uk16 12 9 results_for_datasets
adeline Q0 uk17 13 8 results_for_datasets
adeline Q0 uk18 14 7 results_for_datasets
adeline Q0 uk19 15 6 results_for_datasets
adeline Q0 uk20 16 5 results_for_datasets
adeline Q0 uk21 17 4 results_for_datasets
adeline Q0 uk22 18 3 results_for_datasets
adeline Q0 uk23 19 2 results_for_datasets
adeline Q0 uk24 20 1 results_for_datasets
afiya Q0 uk12 1 20 results_for_datasets
afiya Q0 uk13 2 19 results_for_datasets
afiya Q0 uk14 3 18 results_for_datasets
afiya Q0 uk15 4 17 results_for_datasets
afiya Q0 uk16 5 16 results_for_datasets
afiya Q0 uk17 6 15 results_for_datasets
afiya Q0 uk18 7 14 results_for_datasets
afiya Q0 uk19 8 13 results_for_datasets
afiya Q0 uk20 9 12 results_for_datasets
afiya Q0 uk21 10 11 results_for_datasets
afiya Q0 uk22 11 10 results_for_datasets
afiya Q0 uk23 12 9 results_for_datasets
afiya Q0 uk24 13 8 results_for_datasets
afiya Q0 uk25 14 7 results_for_datasets
afiya Q0 uk26 15 6 results_for_datasets
afiya Q0 uk27 16 5 results_for_datasets
afiya Q0 uk28 17 4 results_for_datasets
afiya Q0 uk29 18 3 results_for_datasets
afiya Q0 uk30 19 2 results_for_datasets
afiya Q0 uk31 20 1 results_for_datasets
allen Q0 uk9 1 20 results_for_datasets
allen Q0 k4 2 19 results_for_datasets
allen Q0 uk10 3 18 results_for_datasets
allen Q0 k0 4 17 results_for_datasets
allen Q0 uk11 5 16 results_for_datasets
allen Q0 uk12 6 15 results_for_datasets
allen Q0 uk13 7 14 results_for_datasets
allen Q0 k1 8 13 results_for_datasets
allen Q0 uk14 9 12 results_for_datasets
allen Q0 uk15 10 11 results_for_datasets
allen Q0 uk16 11 10 results_for_datasets
allen Q0 uk17 12 9 results_for_datasets
allen Q0 uk18 13 8 results_for_datasets
allen Q0 uk19 14 7 results_for_datasets
allen Q0 uk20 15 6 results_for_datasets
allen Q0 uk21 16 5 results_for_datasets
allen Q0 uk22 17 4 results_for_datasets
allen Q0 uk23 18 3 results_for_datasets
allen Q0 uk24 19 2 results_for_datasets
allen Q0 uk25 20 1 results_for_datasets
anan Q0 uk5 1 20 results_for_datasets
anan Q0 uk6 2 19 results_for_datasets
anan Q0 uk7 3 18 results_for_datasets
anan Q0 uk8 4 17 results_for_datasets
anan Q0 uk9 5 16 results_for_datasets
anan Q0 uk10 6 15 results_for_datasets
anan Q0 uk11 7 14 results_for_datasets
anan Q0 uk12 8 13 results_for_datasets
anan Q0 uk13 9 12 results_for_datasets
anan Q0 uk14 10 11 results_for_datasets
anan Q0 uk15 11 10 results_for_datasets
anan Q0 uk16 12 9 results_for_datasets
anan Q0 uk17 13 8 results_for_datasets
anan Q0 uk18 14 7 results_for_datasets
anan Q0 uk19 15 6 results_for_datasets
anan Q0 uk20 16 5 results_for_datasets
anan Q0 k3 17 4 results_for_datasets
anan Q0 uk21 18 3 results_for_datasets
anan Q0 uk22 19 2 results_for_datasets
anan Q0 uk23 20 1 results_for_datasets
anna Q0 uk6 1 20 results_for_datasets
anna Q0 uk7 2 19 results_for_datasets
anna Q0 uk8 3 18 results_for_datasets
anna Q0 k0 4 17 results_for_datasets
anna Q0 uk9 5 16 results_for_datasets
anna Q0 uk10 6 15 results_for_datasets
anna Q0 uk11 7 14 results_for_datasets
anna Q0 uk12 8 13 results_for_datasets
anna Q0 uk13 9 12 results_for_datasets
anna Q0 uk14 10 11 results_for_datasets
anna Q0 uk15 11 10 results_for_datasets
anna Q0 uk16 12 9 results_for_datasets
anna Q0 uk17 13 8 results_for_datasets
anna Q0 uk18 14 7 results_for_datasets
anna Q0 uk19 15 6 results_for_datasets
anna Q0 uk20 16 5 results_for_datasets
anna Q0 uk21 17 4 results_for_datasets
anna Q0 uk22 18 3 results_for_datasets
anna Q0 uk23 19 2 results_for_datasets
anna Q0 uk24 20 1 results_for_datasets
anneh Q0 uk7 1 20 results_for_datasets
anneh Q0 uk8 2 19 results_for_datasets
anneh Q0 uk9 3 18 results_for_datasets
anneh Q0 uk10 4 17 results_for_datasets
anneh Q0 uk11 5 16 results_for_datasets
anneh Q0 uk12 6 15 results_for_datasets
anneh Q0 uk13 7 14 results_for_datasets
anneh Q0 uk14 8 13 results_for_datasets
anneh Q0 uk15 9 12 results_for_datasets
anneh Q0 uk16 10 11 results_for_datasets
anneh Q0 uk17 11 10 results_for_datasets
anneh Q0 uk18 12 9 results_for_datasets
anneh Q0 uk19 13 8 results_for_datasets
anneh Q0 uk20 14 7 results_for_datasets
anneh Q0 uk21 15 6 results_for_datasets
anneh Q0 uk22 16 5 results_for_datasets
anneh Q0 uk23 17 4 results_for_datasets
anneh Q0 uk24 18 3 results_for_datasets
anneh Q0 uk25 19 2 results_for_datasets
anneh Q0 uk26 20 1 results_for_datasets
armstrong Q0 uk4 1 20 results_for_datasets
armstrong Q0 uk5 2 19 results_for_datasets
armstrong Q0 uk6 3 18 results_for_datasets
armstrong Q0 uk7 4 17 results_for_datasets
armstrong Q0 uk8 5 16 results_for_datasets
armstrong Q0 uk9 6 15 results_for_datasets
armstrong Q0 uk10 7 14 results_for_datasets
armstrong Q0 uk11 8 13 results_for_datasets
armstrong Q0 uk12 9 12 results_for_datasets
armstrong Q0 uk13 10 11 results_for_datasets
armstrong Q0 uk14 11 10 results_for_datasets
armstrong Q0 uk15 12 9 results_for_datasets
armstrong Q0 uk16 13 8 results_for_datasets
armstrong Q0 uk17 14 7 results_for_datasets
armstrong Q0 uk18 15 6 results_for_datasets
armstrong Q0 uk19 16 5 results_for_datasets
armstrong Q0 uk20 17 4 results_for_datasets
armstrong Q0 uk21 18 3 results_for_datasets
armstrong Q0 uk22 19 2 results_for_datasets
armstrong Q0 uk23 20 1 results_for_datasets
bannon Q0 uk5 1 20 results_for_datasets
bannon Q0 uk6 2 19 results_for_datasets
bannon Q0 uk7 3 18 results_for_datasets
bannon Q0 uk8 4 17 results_for_datasets
bannon Q0 uk9 5 16 results_for_datasets
bannon Q0 uk10 6 15 results_for_datasets
bannon Q0 uk11 7 14 results_for_datasets
bannon Q0 uk12 8 13 results_for_datasets
bannon Q0 uk13 9 12 results_for_datasets
bannon Q0 uk14 10 11 results_for_datasets
bannon Q0 uk15 11 10 results_for_datasets
bannon Q0 uk16 12 9 results_for_datasets
bannon Q0 uk17 13 8 results_for_datasets
bannon Q0 uk18 14 7 results_for_datasets
bannon Q0 uk19 15 6 results_for_datasets
bannon Q0 uk20 16 5 results_for_datasets
bannon Q0 uk21 17 4 results_for_datasets
bannon Q0 uk22 18 3 results_for_datasets
bannon Q0 uk23 19 2 results_for_datasets
bannon Q0 uk24 20 1 results_for_datasets
barnett Q0 uk10 1 20 results_for_datasets
barnett Q0 uk11 2 19 results_for_datasets
barnett Q0 k7 3 18 results_for_datasets
barnett Q0 uk12 4 17 results_for_datasets
barnett Q0 uk13 5 16 results_for_datasets
barnett Q0 uk14 6 15 results_for_datasets
barnett Q0 uk15 7 14 results_for_datasets
barnett Q0 uk16 8 13 results_for_datasets
barnett Q0 uk17 9 12 results_for_datasets
barnett Q0 uk18 10 11 results_for_datasets
barnett Q0 uk19 11 10 results_for_datasets
barnett Q0 uk20 12 9 results_for_datasets
barnett Q0 uk21 13 8 results_for_datasets
barnett Q0 uk22 14 7 results_for_datasets
barnett Q0 uk23 15 6 results_for_datasets
barnett Q0 uk24 16 5 results_for_datasets
barnett Q0 uk25 17 4 results_for_datasets
barnett Q0 uk26 18 3 results_for_datasets
barnett Q0 uk27 19 2 results_for_datasets
barnett Q0 uk28 20 1 results_for_datasets
beere Q0 uk10 1 20 results_for_datasets
beere Q0 uk11 2 19 results_for_datasets
beere Q0 uk12 3 18 results_for_datasets
beere Q0 k0 4 17 results_for_datasets
beere Q0 uk13 5 16 results_for_datasets
beere Q0 uk14 6 15 results_for_datasets
beere Q0 uk15 7 14 results_for_datasets
beere Q0 uk16 8 13 results_for_datasets
beere Q0 uk17 9 12 results_for_datasets
beere Q0 uk18 10 11 results_for_datasets
beere Q0 uk19 11 10 results_for_datasets
beere Q0 uk20 12 9 results_for_datasets
beere Q0 uk21 13 8 results_for_datasets
beere Q0 uk22 14 7 results_for_datasets
beere Q0 uk23 15 6 results_for_datasets
beere Q0 uk24 16 5 results_for_datasets
beere Q0 uk25 17 4 results_for_datasets
beere Q0 uk26 18 3 results_for_datasets
beere Q0 uk27 19 2 results_for_datasets
beere Q0 uk28 20 1 results_for_datasets
benton Q0 uk4 1 20 results_for_datasets
benton Q0 uk5 2 19 results_for_datasets
benton Q0 uk6 3 18 results_for_datasets
benton Q0 uk7 4 17 results_for_datasets
benton Q0 uk8 5 16 results_for_datasets
benton Q0 uk9 6 15 results_for_datasets
benton Q0 uk10 7 14 results_for_datasets
benton Q0 uk11 8 13 results_for_datasets
benton Q0 uk12 9 12 results_for_datasets
benton Q0 uk13 10 11 results_for_datasets
benton Q0 uk14 11 10 results_for_datasets
benton Q0 uk15 12 9 results_for_datasets
benton Q0 uk16 13 8 results_for_datasets
benton Q0 uk17 14 7 results_for_datasets
benton Q0 uk18 15 6 results_for_datasets
benton Q0 uk19 16 5 results_for_datasets
benton Q0 uk20 17 4 results_for_datasets
benton Q0 uk21 18 3 results_for_datasets
benton Q0 uk22 19 2 results_for_datasets
benton Q0 uk23 20 1 results_for_datasets
bethany Q0 uk6 1 20 results_for_datasets
bethany Q0 uk7 2 19 results_for_datasets
bethany Q0 uk8 3 18 results_for_datasets
bethany Q0 uk9 4 17 results_for_datasets
bethany Q0 uk10 5 16 results_for_datasets
bethany Q0 uk11 6 15 results_for_datasets
bethany Q0 uk12 7 14 results_for_datasets
bethany Q0 uk13 8 13 results_for_datasets
bethany Q0 uk14 9 12 results_for_datasets
bethany Q0 uk15 10 11 results_for_datasets
bethany Q0 uk16 11 10 results_for_datasets
bethany Q0 uk17 12 9 results_for_datasets
bethany Q0 uk18 13 8 results_for_datasets
bethany Q0 uk19 14 7 results_for_datasets
bethany Q0 uk20 15 6 results_for_datasets
bethany Q0 uk21 16 5 results_for_datasets
bethany Q0 uk22 17 4 results_for_datasets
bethany Q0 uk23 18 3 results_for_datasets
bethany Q0 uk24 19 2 results_for_datasets
bethany Q0 uk25 20 1 results_for_datasets
biju Q0 uk6 1 20 results_for_datasets
biju Q0 uk7 2 19 results_for_datasets
biju Q0 uk8 3 18 results_for_datasets
biju Q0 uk9 4 17 results_for_datasets
biju Q0 uk10 5 16 results_for_datasets
biju Q0 k1 6 15 results_for_datasets
biju Q0 uk11 7 14 results_for_datasets
biju Q0 uk12 8 13 results_for_datasets
biju Q0 uk13 9 12 results_for_datasets
biju Q0 uk14 10 11 results_for_datasets
biju Q0 uk15 11 10 results_for_datasets
biju Q0 uk16 12 9 results_for_datasets
biju Q0 uk17 13 8 results_for_datasets
biju Q0 uk18 14 7 results_for_datasets
biju Q0 uk19 15 6 results_for_datasets
biju Q0 uk20 16 5 results_for_datasets
biju Q0 uk21 17 4 results_for_datasets
biju Q0 uk22 18 3 results_for_datasets
biju Q0 uk23 19 2 results_for_datasets
biju Q0 uk24 20 1 results_for_datasets
blaire Q0 uk7 1 20 results_for_datasets
blaire Q0 uk8 2 19 results_for_datasets
blaire Q0 uk9 3 18 results_for_datasets
blaire Q0 uk10 4 17 results_for_datasets
blaire Q0 uk11 5 16 results_for_datasets
blaire Q0 uk12 6 15 results_for_datasets
blaire Q0 uk13 7 14 results_for_datasets
blaire Q0 uk14 8 13 results_for_datasets
blaire Q0 uk15 9 12 results_for_datasets
blaire Q0 uk16 10 11 results_for_datasets
blaire Q0 uk17 11 10 results_for_datasets
blaire Q0 uk18 12 9 results_for_datasets
blaire Q0 uk19 13 8 results_for_datasets
blaire Q0 uk20 14 7 results_for_datasets
blaire Q0 uk21 15 6 results_for_datasets
blaire Q0 uk22 16 5 results_for_datasets
blaire Q0 uk23 17 4 results_for_datasets
blaire Q0 uk24 18 3 results_for_datasets
blaire Q0 uk25 19 2 results_for_datasets
blaire Q0 uk26 20 1 results_for_datasets
brian Q0 uk9 1 20 results_for_datasets
brian Q0 uk10 2 19 results_for_datasets
brian Q0 uk11 3 18 results_for_datasets
brian Q0 k4 4 17 results_for_datasets
brian Q0 uk12 5 16 results_for_datasets
brian Q0 uk13 6 15 results_for_datasets
brian Q0 uk14 7 14 results_for_datasets
brian Q0 uk15 8 13 results_for_datasets
brian Q0 uk16 9 12 results_for_datasets
brian Q0 k0 10 11 results_for_datasets
brian Q0 uk17 11 10 results_for_datasets
brian Q0 uk18 12 9 results_for_datasets
brian Q0 uk19 13 8 results_for_datasets
brian Q0 uk20 14 7 results_for_datasets
brian Q0 uk21 15 6 results_for_datasets
brian Q0 uk22 16 5 results_for_datasets
brian Q0 uk23 17 4 results_for_datasets
brian Q0 uk24 18 3 results_for_datasets
brian Q0 uk25 19 2 results_for_datasets
brian Q0 uk26 20 1 results_for_datasets
bridget Q0 uk8 1 20 results_for_datasets
bridget Q0 uk9 2 19 results_for_datasets
bridget Q0 k1 3 18 results_for_datasets
bridget Q0 uk10 4 17 results_for_datasets
bridget Q0 uk11 5 16 results_for_datasets
bridget Q0 uk12 6 15 results_for_datasets
bridget Q0 uk13 7 14 results_for_datasets
bridget Q0 uk14 8 13 results_for_datasets
bridget Q0 uk15 9 12 results_for_datasets
bridget Q0 uk16 10 11 results_for_datasets
bridget Q0 uk17 11 10 results_for_datasets
bridget Q0 uk18 12 9 results_for_datasets
bridget Q0 uk19 13 8 results_for_datasets
bridget Q0 uk20 14 7 results_for_datasets
bridget Q0 uk21 15 6 results_for_datasets
bridget Q0 uk22 16 5 results_for_datasets
bridget Q0 uk23 17 4 results_for_datasets
bridget Q0 uk24 18 3 results_for_datasets
bridget Q0 uk25 19 2 results_for_datasets
bridget Q0 uk26 20 1 results_for_datasets
brown Q0 uk5 1 20 results_for_datasets
brown Q0 uk6 2 19 results_for_datasets
brown Q0 uk7 3 18 results_for_datasets
brown Q0 uk8 4 17 results_for_datasets
brown Q0 uk9 5 16 results_for_datasets
brown Q0 uk10 6 15 results_for_datasets
brown Q0 uk11 7 14 results_for_datasets
brown Q0 uk12 8 13 results_for_datasets
brown Q0 uk13 9 12 results_for_datasets
brown Q0 uk14 10 11 results_for_datasets
brown Q0 uk15 11 10 results_for_datasets
brown Q0 uk16 12 9 results_for_datasets
brown Q0 uk17 13 8 results_for_datasets
brown Q0 uk18 14 7 results_for_datasets
brown Q0 uk19 15 6 results_for_datasets
brown Q0 uk20 16 5 results_for_datasets
brown Q0 uk21 17 4 results_for_datasets
brown Q0 uk22 18 3 results_for_datasets
brown Q0 uk23 19 2 results_for_datasets
brown Q0 uk24 20 1 results_for_datasets
bruce Q0 uk7 1 20 results_for_datasets
bruce Q0 uk8 2 19 results_for_datasets
bruce Q0 uk9 3 18 results_for_datasets
bruce Q0 uk10 4 17 results_for_datasets
bruce Q0 uk11 5 16 results_for_datasets
bruce Q0 uk12 6 15 results_for_datasets
bruce Q0 uk13 7 14 results_for_datasets
bruce Q0 uk14 8 13 results_for_datasets
bruce Q0 uk15 9 12 results_for_datasets
bruce Q0 uk16 10 11 results_for_datasets
bruce Q0 uk17 11 10 results_for_datasets
bruce Q0 uk18 12 9 results_for_datasets
bruce Q0 uk19 13 8 results_for_datasets
bruce Q0 uk20 14 7 results_for_datasets
bruce Q0 uk21 15 6 results_for_datasets
bruce Q0 uk22 16 5 results_for_datasets
bruce Q0 uk23 17 4 results_for_datasets
bruce Q0 uk24 18 3 results_for_datasets
bruce Q0 uk25 19 2 results_for_datasets
bruce Q0 uk26 20 1 results_for_datasets
buckley Q0 uk10 1 20 results_for_datasets
buckley Q0 uk11 2 19 results_for_datasets
buckley Q0 uk12 3 18 results_for_datasets
buckley Q0 uk13 4 17 results_for_datasets
buckley Q0 uk14 5 16 results_for_datasets
buckley Q0 uk15 6 15 results_for_datasets
buckley Q0 uk16 7 14 results_for_datasets
buckley Q0 uk17 8 13 results_for_datasets
buckley Q0 uk18 9 12 results_for_datasets
buckley Q0 uk19 10 11 results_for_datasets
buckley Q0 uk20 11 10 results_for_datasets
buckley Q0 uk21 12 9 results_for_datasets
buckley Q0 k0 13 8 results_for_datasets
buckley Q0 k8 14 7 results_for_datasets
buckley Q0 uk22 15 6 results_for_datasets
buckley Q0 uk23 16 5 results_for_datasets
buckley Q0 uk24 17 4 results_for_datasets
buckley Q0 uk25 18 3 results_for_datasets
buckley Q0 uk26 19 2 results_for_datasets
buckley Q0 uk27 20 1 results_for_datasets
burke Q0 uk10 1 20 results_for_datasets
burke Q0 uk11 2 19 results_for_datasets
burke Q0 uk12 3 18 results_for_datasets
burke Q0 k4 4 17 results_for_datasets
burke Q0 uk13 5 16 results_for_datasets
burke Q0 uk14 6 15 results_for_datasets
burke Q0 uk15 7 14 results_for_datasets
burke Q0 uk16 8 13 results_for_datasets
burke Q0 uk17 9 12 results_for_datasets
burke Q0 uk18 10 11 results_for_datasets
burke Q0 uk19 11 10 results_for_datasets
burke Q0 uk20 12 9 results_for_datasets
burke Q0 uk21 13 8 results_for_datasets
burke Q0 uk22 14 7 results_for_datasets
burke Q0 uk23 15 6 results_for_datasets
burke Q0 uk24 16 5 results_for_datasets
burke Q0 uk25 17 4 results_for_datasets
burke Q0 uk26 18 3 results_for_datasets
burke Q0 uk27 19 2 results_for_datasets
burke Q0 uk28 20 1 results_for_datasets
carolina Q0 uk10 1 20 results_for_datasets
carolina Q0 uk11 2 19 results_for_datasets
carolina Q0 uk12 3 18 results_for_datasets
carolina Q0 uk13 4 17 results_for_datasets
carolina Q0 uk14 5 16 results_for_datasets
carolina Q0 uk15 6 15 results_for_datasets
carolina Q0 uk16 7 14 results_for_datasets
carolina Q0 uk17 8 13 results_for_datasets
carolina Q0 uk18 9 12 results_for_datasets
carolina Q0 uk19 10 11 results_for_datasets
carolina Q0 uk20 11 10 results_for_datasets
carolina Q0 uk21 12 9 results_for_datasets
carolina Q0 uk22 13 8 results_for_datasets
carolina Q0 uk23 14 7 results_for_datasets
carolina Q0 uk24 15 6 results_for_datasets
carolina Q0 uk25 16 5 results_for_datasets
carolina Q0 uk26 17 4 results_for_datasets
carolina Q0 uk27 18 3 results_for_datasets
carolina Q0 uk28 19 2 results_for_datasets
carolina Q0 uk29 20 1 results_for_datasets
casci Q0 uk12 1 20 results_for_datasets
casci Q0 uk13 2 19 results_for_datasets
casci Q0 uk14 3 18 results_for_datasets
casci Q0 uk15 4 17 results_for_datasets
casci Q0 uk16 5 16 results_for_datasets
casci Q0 uk17 6 15 results_for_datasets
casci Q0 uk18 7 14 results_for_datasets
casci Q0 uk19 8 13 results_for_datasets
casci Q0 uk20 9 12 results_for_datasets
casci Q0 uk21 10 11 results_for_datasets
casci Q0 uk22 11 10 results_for_datasets
casci Q0 k5 12 9 results_for_datasets
casci Q0 uk23 13 8 results_for_datasets
casci Q0 uk24 14 7 results_for_datasets
casci Q0 uk25 15 6 results_for_datasets
casci Q0 uk26 16 5 results_for_datasets
casci Q0 uk27 17 4 results_for_datasets
casci Q0 uk28 18 3 results_for_datasets
casci Q0 k6 19 2 results_for_datasets
casci Q0 uk29 20 1 results_for_datasets
cbarnett Q0 uk6 1 20 results_for_datasets
cbarnett Q0 uk7 2 19 results_for_datasets
cbarnett Q0 uk8 3 18 results_for_datasets
cbarnett Q0 uk9 4 17 results_for_datasets
cbarnett Q0 uk10 5 16 results_for_datasets
cbarnett Q0 uk11 6 15 results_for_datasets
cbarnett Q0 uk12 7 14 results_for_datasets
cbarnett Q0 uk13 8 13 results_for_datasets
cbarnett Q0 uk14 9 12 results_for_datasets
cbarnett Q0 uk15 10 11 results_for_datasets
cbarnett Q0 uk16 11 10 results_for_datasets
cbarnett Q0 uk17 12 9 results_for_datasets
cbarnett Q0 uk18 13 8 results_for_datasets
cbarnett Q0 uk19 14 7 results_for_datasets
cbarnett Q0 uk20 15 6 results_for_datasets
cbarnett Q0 uk21 16 5 results_for_datasets
cbarnett Q0 uk22 17 4 results_for_datasets
cbarnett Q0 uk23 18 3 results_for_datasets
cbarnett Q0 uk24 19 2 results_for_datasets
cbarnett Q0 uk25 20 1 results_for_datasets
charlotte Q0 uk18 1 20 results_for_datasets
charlotte Q0 uk19 2 19 results_for_datasets
charlotte Q0 uk20 3 18 results_for_datasets
charlotte Q0 uk21 4 17 results_for_datasets
charlotte Q0 uk22 5 16 results_for_datasets
charlotte Q0 uk23 6 15 results_for_datasets
charlotte Q0 uk24 7 14 results_for_datasets
charlotte Q0 uk25 8 13 results_for_datasets
charlotte Q0 uk26 9 12 results_for_datasets
charlotte Q0 uk27 10 11 results_for_datasets
charlotte Q0 uk28 11 10 results_for_datasets
charlotte Q0 uk29 12 9 results_for_datasets
charlotte Q0 uk30 13 8 results_for_datasets
charlotte Q0 uk31 14 7 results_for_datasets
charlotte Q0 uk32 15 6 results_for_datasets
charlotte Q0 uk33 16 5 results_for_datasets
charlotte Q0 uk34 17 4 results_for_datasets
charlotte Q0 uk35 18 3 results_for_datasets
charlotte Q0 uk36 19 2 results_for_datasets
charlotte Q0 uk37 20 1 results_for_datasets
cleland Q0 uk14 1 20 results_for_datasets
cleland Q0 uk15 2 19 results_for_datasets
cleland Q0 uk16 3 18 results_for_datasets
cleland Q0 uk17 4 17 results_for_datasets
cleland Q0 uk18 5 16 results_for_datasets
cleland Q0 uk19 6 15 results_for_datasets
cleland Q0 k6 7 14 results_for_datasets
cleland Q0 uk20 8 13 results_for_datasets
cleland Q0 uk21 9 12 results_for_datasets
cleland Q0 uk22 10 11 results_for_datasets
cleland Q0 uk23 11 10 results_for_datasets
cleland Q0 uk24 12 9 results_for_datasets
cleland Q0 uk25 13 8 results_for_datasets
cleland Q0 uk26 14 7 results_for_datasets
cleland Q0 uk27 15 6 results_for_datasets
cleland Q0 uk28 16 5 results_for_datasets
cleland Q0 uk29 17 4 results_for_datasets
cleland Q0 uk30 18 3 results_for_datasets
cleland Q0 uk31 19 2 results_for_datasets
cleland Q0 uk32 20 1 results_for_datasets
collins Q0 uk10 1 20 results_for_datasets
collins Q0 uk11 2 19 results_for_datasets
collins Q0 k1 3 18 results_for_datasets
collins Q0 uk12 4 17 results_for_datasets
collins Q0 uk13 5 16 results_for_datasets
collins Q0 uk14 6 15 results_for_datasets
collins Q0 uk15 7 14 results_for_datasets
collins Q0 uk16 8 13 results_for_datasets
collins Q0 uk17 9 12 results_for_datasets
collins Q0 uk18 10 11 results_for_datasets
collins Q0 uk19 11 10 results_for_datasets
collins Q0 uk20 12 9 results_for_datasets
collins Q0 uk21 13 8 results_for_datasets
collins Q0 uk22 14 7 results_for_datasets
collins Q0 uk23 15 6 results_for_datasets
collins Q0 uk24 16 5 results_for_datasets
collins Q0 uk25 17 4 results_for_datasets
collins Q0 uk26 18 3 results_for_datasets
collins Q0 uk27 19 2 results_for_datasets
collins Q0 uk28 20 1 results_for_datasets
cowley Q0 k3 1 20 results_for_datasets
cowley Q0 uk5 2 19 results_for_datasets
cowley Q0 uk6 3 18 results_for_datasets
cowley Q0 uk7 4 17 results_for_datasets
cowley Q0 uk8 5 16 results_for_datasets
cowley Q0 uk9 6 15 results_for_datasets
cowley Q0 uk10 7 14 results_for_datasets
cowley Q0 k2 8 13 results_for_datasets
cowley Q0 uk11 9 12 results_for_datasets
cowley Q0 uk12 10 11 results_for_datasets
cowley Q0 uk13 11 10 results_for_datasets
cowley Q0 uk14 12 9 results_for_datasets
cowley Q0 uk15 13 8 results_for_datasets
cowley Q0 uk16 14 7 results_for_datasets
cowley Q0 uk17 15 6 results_for_datasets
cowley Q0 uk18 16 5 results_for_datasets
cowley Q0 uk19 17 4 results_for_datasets
cowley Q0 uk20 18 3 results_for_datasets
cowley Q0 uk21 19 2 results_for_datasets
cowley Q0 uk22 20 1 results_for_datasets
dan Q0 uk5 1 20 results_for_datasets
dan Q0 uk6 2 19 results_for_datasets
dan Q0 uk7 3 18 results_for_datasets
dan Q0 uk8 4 17 results_for_datasets
dan Q0 uk9 5 16 results_for_datasets
dan Q0 uk10 6 15 results_for_datasets
dan Q0 uk11 7 14 results_for_datasets
dan Q0 uk12 8 13 results_for_datasets
dan Q0 k1 9 12 results_for_datasets
dan Q0 uk13 10 11 results_for_datasets
dan Q0 uk14 11 10 results_for_datasets
dan Q0 uk15 12 9 results_for_datasets
dan Q0 uk16 13 8 results_for_datasets
dan Q0 uk17 14 7 results_for_datasets
dan Q0 uk18 15 6 results_for_datasets
dan Q0 uk19 16 5 results_for_datasets
dan Q0 uk20 17 4 results_for_datasets
dan Q0 uk21 18 3 results_for_datasets
dan Q0 uk22 19 2 results_for_datasets
dan Q0 uk23 20 1 results_for_datasets
davies Q0 uk7 1 20 results_for_datasets
davies Q0 uk8 2 19 results_for_datasets
davies Q0 uk9 3 18 results_for_datasets
davies Q0 uk10 4 17 results_for_datasets
davies Q0 uk11 5 16 results_for_datasets
davies Q0 uk12 6 15 results_for_datasets
davies Q0 uk13 7 14 results_for_datasets
davies Q0 uk14 8 13 results_for_datasets
davies Q0 uk15 9 12 results_for_datasets
davies Q0 uk16 10 11 results_for_datasets
davies Q0 uk17 11 10 results_for_datasets
davies Q0 k3 12 9 results_for_datasets
davies Q0 uk18 13 8 results_for_datasets
davies Q0 uk19 14 7 results_for_datasets
davies Q0 uk20 15 6 results_for_datasets
davies Q0 uk21 16 5 results_for_datasets
davies Q0 uk22 17 4 results_for_datasets
davies Q0 uk23 18 3 results_for_datasets
davies Q0 uk24 19 2 results_for_datasets
davies Q0 uk25 20 1 results_for_datasets
davison Q0 uk6 1 20 results_for_datasets
davison Q0 uk7 2 19 results_for_datasets
davison Q0 uk8 3 18 results_for_datasets
davison Q0 uk9 4 17 results_for_datasets
davison Q0 uk10 5 16 results_for_datasets
davison Q0 uk11 6 15 results_for_datasets
davison Q0 uk12 7 14 results_for_datasets
davison Q0 uk13 8 13 results_for_datasets
davison Q0 uk14 9 12 results_for_datasets
davison Q0 uk15 10 11 results_for_datasets
davison Q0 uk16 11 10 results_for_datasets
davison Q0 uk17 12 9 results_for_datasets
davison Q0 uk18 13 8 results_for_datasets
davison Q0 uk19 14 7 results_for_datasets
davison Q0 uk20 15 6 results_for_datasets
davison Q0 uk21 16 5 results_for_datasets
davison Q0 uk22 17 4 results_for_datasets
davison Q0 uk23 18 3 results_for_datasets
davison Q0 uk24 19 2 results_for_datasets
davison Q0 uk25 20 1 results_for_datasets
debra Q0 k7 1 20 results_for_datasets
debra Q0 uk9 2 19 results_for_datasets
debra Q0 uk10 3 18 results_for_datasets
debra Q0 uk11 4 17 results_for_datasets
debra Q0 uk12 5 16 results_for_datasets
debra Q0 uk13 6 15 results_for_datasets
debra Q0 uk14 7 14 results_for_datasets
debra Q0 uk15 8 13 results_for_datasets
debra Q0 uk16 9 12 results_for_datasets
debra Q0 uk17 10 11 results_for_datasets
debra Q0 uk18 11 10 results_for_datasets
debra Q0 uk19 12 9 results_for_datasets
debra Q0 uk20 13 8 results_for_datasets
debra Q0 k2 14 7 results_for_datasets
debra Q0 uk21 15 6 results_for_datasets
debra Q0 uk22 16 5 results_for_datasets
debra Q0 uk23 17 4 results_for_datasets
debra Q0 uk24 18 3 results_for_datasets
debra Q0 uk25 19 2 results_for_datasets
debra Q0 uk26 20 1 results_for_datasets
derek Q0 uk12 1 20 results_for_datasets
derek Q0 uk13 2 19 results_for_datasets
derek Q0 uk14 3 18 results_for_datasets
derek Q0 uk15 4 17 results_for_datasets
derek Q0 k2 5 16 results_for_datasets
derek Q0 uk16 6 15 results_for_datasets
derek Q0 uk17 7 14 results_for_datasets
derek Q0 uk18 8 13 results_for_datasets
derek Q0 uk19 9 12 results_for_datasets
derek Q0 uk20 10 11 results_for_datasets
derek Q0 uk21 11 10 results_for_datasets
derek Q0 uk22 12 9 results_for_datasets
derek Q0 uk23 13 8 results_for_datasets
derek Q0 uk24 14 7 results_for_datasets
derek Q0 uk25 15 6 results_for_datasets
derek Q0 uk26 16 5 results_for_datasets
derek Q0 uk27 17 4 results_for_datasets
derek Q0 uk28 18 3 results_for_datasets
derek Q0 uk29 19 2 results_for_datasets
derek Q0 uk30 20 1 results_for_datasets
dyar Q0 uk7 1 20 results_for_datasets
dyar Q0 uk8 2 19 results_for_datasets
dyar Q0 uk9 3 18 results_for_datasets
dyar Q0 uk10 4 17 results_for_datasets
dyar Q0 uk11 5 16 results_for_datasets
dyar Q0 uk12 6 15 results_for_datasets
dyar Q0 uk13 7 14 results_for_datasets
dyar Q0 uk14 8 13 results_for_datasets
dyar Q0 uk15 9 12 results_for_datasets
dyar Q0 uk16 10 11 results_for_datasets
dyar Q0 uk17 11 10 results_for_datasets
dyar Q0 uk18 12 9 results_for_datasets
dyar Q0 uk19 13 8 results_for_datasets
dyar Q0 uk20 14 7 results_for_datasets
dyar Q0 uk21 15 6 results_for_datasets
dyar Q0 uk22 16 5 results_for_datasets
dyar Q0 uk23 17 4 results_for_datasets
dyar Q0 uk24 18 3 results_for_datasets
dyar Q0 uk25 19 2 results_for_datasets
dyar Q0 uk26 20 1 results_for_datasets
emma Q0 uk13 1 20 results_for_datasets
emma Q0 uk14 2 19 results_for_datasets
emma Q0 uk15 3 18 results_for_datasets
emma Q0 uk16 4 17 results_for_datasets
emma Q0 k10 5 16 results_for_datasets
emma Q0 uk17 6 15 results_for_datasets
emma Q0 uk18 7 14 results_for_datasets
emma Q0 uk19 8 13 results_for_datasets
emma Q0 uk20 9 12 results_for_datasets
emma Q0 uk21 10 11 results_for_datasets
emma Q0 uk22 11 10 results_for_datasets
emma Q0 uk23 12 9 results_for_datasets
emma Q0 uk24 13 8 results_for_datasets
emma Q0 uk25 14 7 results_for_datasets
emma Q0 k3 15 6 results_for_datasets
emma Q0 uk26 16 5 results_for_datasets
emma Q0 uk27 17 4 results_for_datasets
emma Q0 uk28 18 3 results_for_datasets
emma Q0 uk29 19 2 results_for_datasets
emma Q0 uk30 20 1 results_for_datasets
errol Q0 uk6 1 20 results_for_datasets
errol Q0 uk7 2 19 results_for_datasets
errol Q0 uk8 3 18 results_for_datasets
errol Q0 uk9 4 17 results_for_datasets
errol Q0 uk10 5 16 results_for_datasets
errol Q0 uk11 6 15 results_for_datasets
errol Q0 uk12 7 14 results_for_datasets
errol Q0 uk13 8 13 results_for_datasets
errol Q0 uk14 9 12 results_for_datasets
errol Q0 uk15 10 11 results_for_datasets
errol Q0 uk16 11 10 results_for_datasets
errol Q0 uk17 12 9 results_for_datasets
errol Q0 uk18 13 8 results_for_datasets
errol Q0 uk19 14 7 results_for_datasets
errol Q0 uk20 15 6 results_for_datasets
errol Q0 uk21 16 5 results_for_datasets
errol Q0 uk22 17 4 results_for_datasets
errol Q0 uk23 18 3 results_for_datasets
errol Q0 uk24 19 2 results_for_datasets
errol Q0 uk25 20 1 results_for_datasets
foster Q0 uk8 1 20 results_for_datasets
foster Q0 uk9 2 19 results_for_datasets
foster Q0 uk10 3 18 results_for_datasets
foster Q0 uk11 4 17 results_for_datasets
foster Q0 k4 5 16 results_for_datasets
foster Q0 uk12 6 15 results_for_datasets
foster Q0 uk13 7 14 results_for_datasets
foster Q0 uk14 8 13 results_for_datasets
foster Q0 uk15 9 12 results_for_datasets
foster Q0 uk16 10 11 results_for_datasets
foster Q0 uk17 11 10 results_for_datasets
foster Q0 uk18 12 9 results_for_datasets
foster Q0 uk19 13 8 results_for_datasets
foster Q0 uk20 14 7 results_for_datasets
foster Q0 uk21 15 6 results_for_datasets
foster Q0 uk22 16 5 results_for_datasets
foster Q0 uk23 17 4 results_for_datasets
foster Q0 uk24 18 3 results_for_datasets
foster Q0 uk25 19 2 results_for_datasets
foster Q0 uk26 20 1 results_for_datasets
fow Q0 k1 1 20 results_for_datasets
fow Q0 uk3 2 19 results_for_datasets
fow Q0 uk4 3 18 results_for_datasets
fow Q0 uk5 4 17 results_for_datasets
fow Q0 uk6 5 16 results_for_datasets
fow Q0 uk7 6 15 results_for_datasets
fow Q0 uk8 7 14 results_for_datasets
fow Q0 uk9 8 13 results_for_datasets
fow Q0 uk10 9 12 results_for_datasets
fow Q0 uk11 10 11 results_for_datasets
fow Q0 uk12 11 10 results_for_datasets
fow Q0 uk13 12 9 results_for_datasets
fow Q0 uk14 13 8 results_for_datasets
fow Q0 uk15 14 7 results_for_datasets
fow Q0 uk16 15 6 results_for_datasets
fow Q0 uk17 16 5 results_for_datasets
fow Q0 uk18 17 4 results_for_datasets
fow Q0 uk19 18 3 results_for_datasets
fow Q0 uk20 19 2 results_for_datasets
fow Q0 uk21 20 1 results_for_datasets
fritzc Q0 k5 1 20 results_for_datasets
fritzc Q0 uk8 2 19 results_for_datasets
fritzc Q0 uk9 3 18 results_for_datasets
fritzc Q0 uk10 4 17 results_for_datasets
fritzc Q0 uk11 5 16 results_for_datasets
fritzc Q0 uk12 6 15 results_for_datasets
fritzc Q0 uk13 7 14 results_for_datasets
fritzc Q0 uk14 8 13 results_for_datasets
fritzc Q0 uk15 9 12 results_for_datasets
fritzc Q0 uk16 10 11 results_for_datasets
fritzc Q0 uk17 11 10 results_for_datasets
fritzc Q0 uk18 12 9 results_for_datasets
fritzc Q0 uk19 13 8 results_for_datasets
fritzc Q0 uk20 14 7 results_for_datasets
fritzc Q0 uk21 15 6 results_for_datasets
fritzc Q0 uk22 16 5 results_for_datasets
fritzc Q0 uk23 17 4 results_for_datasets
fritzc Q0 uk24 18 3 results_for_datasets
fritzc Q0 uk25 19 2 results_for_datasets
fritzc Q0 uk26 20 1 results_for_datasets
giles Q0 uk8 1 20 results_for_datasets
giles Q0 uk9 2 19 results_for_datasets
giles Q0 uk10 3 18 results_for_datasets
giles Q0 uk11 4 17 results_for_datasets
giles Q0 uk12 5 16 results_for_datasets
giles Q0 uk13 6 15 results_for_datasets
giles Q0 uk14 7 14 results_for_datasets
giles Q0 uk15 8 13 results_for_datasets
giles Q0 uk16 9 12 results_for_datasets
giles Q0 uk17 10 11 results_for_datasets
giles Q0 uk18 11 10 results_for_datasets
giles Q0 uk19 12 9 results_for_datasets
giles Q0 uk20 13 8 results_for_datasets
giles Q0 uk21 14 7 results_for_datasets
giles Q0 uk22 15 6 results_for_datasets
giles Q0 uk23 16 5 results_for_datasets
giles Q0 uk24 17 4 results_for_datasets
giles Q0 uk25 18 3 results_for_datasets
giles Q0 uk26 19 2 results_for_datasets
giles Q0 uk27 20 1 results_for_datasets
goodhue Q0 uk10 1 20 results_for_datasets
goodhue Q0 k2 2 19 results_for_datasets
goodhue Q0 k5 3 18 results_for_datasets
goodhue Q0 uk11 4 17 results_for_datasets
goodhue Q0 uk12 5 16 results_for_datasets
goodhue Q0 uk13 6 15 results_for_datasets
goodhue Q0 uk14 7 14 results_for_datasets
goodhue Q0 uk15 8 13 results_for_datasets
goodhue Q0 uk16 9 12 results_for_datasets
goodhue Q0 uk17 10 11 results_for_datasets
goodhue Q0 uk18 11 10 results_for_datasets
goodhue Q0 uk19 12 9 results_for_datasets
goodhue Q0 uk20 13 8 results_for_datasets
goodhue Q0 uk21 14 7 results_for_datasets
goodhue Q0 uk22 15 6 results_for_datasets
goodhue Q0 uk23 16 5 results_for_datasets
goodhue Q0 uk24 17 4 results_for_datasets
goodhue Q0 uk25 18 3 results_for_datasets
goodhue Q0 uk26 19 2 results_for_datasets
goodhue Q0 uk27 20 1 results_for_datasets
gordon Q0 uk7 1 20 results_for_datasets
gordon Q0 uk8 2 19 results_for_datasets
gordon Q0 uk9 3 18 results_for_datasets
gordon Q0 uk10 4 17 results_for_datasets
gordon Q0 uk11 5 16 results_for_datasets
gordon Q0 uk12 6 15 results_for_datasets
gordon Q0 uk13 7 14 results_for_datasets
gordon Q0 uk14 8 13 results_for_datasets
gordon Q0 uk15 9 12 results_for_datasets
gordon Q0 uk16 10 11 results_for_datasets
gordon Q0 uk17 11 10 results_for_datasets
gordon Q0 uk18 12 9 results_for_datasets
gordon Q0 uk19 13 8 results_for_datasets
gordon Q0 uk20 14 7 results_for_datasets
gordon Q0 uk21 15 6 results_for_datasets
gordon Q0 uk22 16 5 results_for_datasets
gordon Q0 uk23 17 4 results_for_datasets
gordon Q0 uk24 18 3 results_for_datasets
gordon Q0 uk25 19 2 results_for_datasets
gordon Q0 uk26 20 1 results_for_datasets
gwenda Q0 uk13 1 20 results_for_datasets
gwenda Q0 uk14 2 19 results_for_datasets
gwenda Q0 uk15 3 18 results_for_datasets
gwenda Q0 uk16 4 17 results_for_datasets
gwenda Q0 uk17 5 16 results_for_datasets
gwenda Q0 uk18 6 15 results_for_datasets
gwenda Q0 uk19 7 14 results_for_datasets
gwenda Q0 k3 8 13 results_for_datasets
gwenda Q0 uk20 9 12 results_for_datasets
gwenda Q0 uk21 10 11 results_for_datasets
gwenda Q0 uk22 11 10 results_for_datasets
gwenda Q0 uk23 12 9 results_for_datasets
gwenda Q0 uk24 13 8 results_for_datasets
gwenda Q0 uk25 14 7 results_for_datasets
gwenda Q0 uk26 15 6 results_for_datasets
gwenda Q0 uk27 16 5 results_for_datasets
gwenda Q0 uk28 17 4 results_for_datasets
gwenda Q0 uk29 18 3 results_for_datasets
gwenda Q0 uk30 19 2 results_for_datasets
gwenda Q0 uk31 20 1 results_for_datasets
harris Q0 uk5 1 20 results_for_datasets
harris Q0 uk6 2 19 results_for_datasets
harris Q0 uk7 3 18 results_for_datasets
harris Q0 uk8 4 17 results_for_datasets
harris Q0 uk9 5 16 results_for_datasets
harris Q0 uk10 6 15 results_for_datasets
harris Q0 uk11 7 14 results_for_datasets
harris Q0 uk12 8 13 results_for_datasets
harris Q0 uk13 9 12 results_for_datasets
harris Q0 uk14 10 11 results_for_datasets
harris Q0 uk15 11 10 results_for_datasets
harris Q0 uk16 12 9 results_for_datasets
harris Q0 uk17 13 8 results_for_datasets
harris Q0 uk18 14 7 results_for_datasets
harris Q0 uk19 15 6 results_for_datasets
harris Q0 uk20 16 5 results_for_datasets
harris Q0 uk21 17 4 results_for_datasets
harris Q0 uk22 18 3 results_for_datasets
harris Q0 uk23 19 2 results_for_datasets
harris Q0 uk24 20 1 results_for_datasets
herbert Q0 uk8 1 20 results_for_datasets
herbert Q0 uk9 2 19 results_for_datasets
herbert Q0 uk10 3 18 results_for_datasets
herbert Q0 uk11 4 17 results_for_datasets
herbert Q0 uk12 5 16 results_for_datasets
herbert Q0 uk13 6 15 results_for_datasets
herbert Q0 uk14 7 14 results_for_datasets
herbert Q0 uk15 8 13 results_for_datasets
herbert Q0 uk16 9 12 results_for_datasets
herbert Q0 uk17 10 11 results_for_datasets
herbert Q0 uk18 11 10 results_for_datasets
herbert Q0 uk19 12 9 results_for_datasets
herbert Q0 uk20 13 8 results_for_datasets
herbert Q0 uk21 14 7 results_for_datasets
herbert Q0 uk22 15 6 results_for_datasets
herbert Q0 uk23 16 5 results_for_datasets
herbert Q0 k5 17 4 results_for_datasets
herbert Q0 uk24 18 3 results_for_datasets
herbert Q0 uk25 19 2 results_for_datasets
herbert Q0 uk26 20 1 results_for_datasets
hoan Q0 uk8 1 20 results_for_datasets
hoan Q0 uk9 2 19 results_for_datasets
hoan Q0 uk10 3 18 results_for_datasets
hoan Q0 uk11 4 17 results_for_datasets
hoan Q0 uk12 5 16 results_for_datasets
hoan Q0 uk13 6 15 results_for_datasets
hoan Q0 uk14 7 14 results_for_datasets
hoan Q0 uk15 8 13 results_for_datasets
hoan Q0 uk16 9 12 results_for_datasets
hoan Q0 uk17 10 11 results_for_datasets
hoan Q0 uk18 11 10 results_for_datasets
hoan Q0 uk19 12 9 results_for_datasets
hoan Q0 uk20 13 8 results_for_datasets
hoan Q0 uk21 14 7 results_for_datasets
hoan Q0 uk22 15 6 results_for_datasets
hoan Q0 uk23 16 5 results_for_datasets
hoan Q0 uk24 17 4 results_for_datasets
hoan Q0 uk25 18 3 results_for_datasets
hoan Q0 uk26 19 2 results_for_datasets
hoan Q0 uk27 20 1 results_for_datasets
hodder Q0 uk8 1 20 results_for_datasets
hodder Q0 uk9 2 19 results_for_datasets
hodder Q0 uk10 3 18 results_for_datasets
hodder Q0 uk11 4 17 results_for_datasets
hodder Q0 uk12 5 16 results_for_datasets
hodder Q0 uk13 6 15 results_for_datasets
hodder Q0 uk14 7 14 results_for_datasets
hodder Q0 uk15 8 13 results_for_datasets
hodder Q0 uk16 9 12 results_for_datasets
hodder Q0 uk17 10 11 results_for_datasets
hodder Q0 uk18 11 10 results_for_datasets
hodder Q0 uk19 12 9 results_for_datasets
hodder Q0 uk20 13 8 results_for_datasets
hodder Q0 uk21 14 7 results_for_datasets
hodder Q0 uk22 15 6 results_for_datasets
hodder Q0 uk23 16 5 results_for_datasets
hodder Q0 uk24 17 4 results_for_datasets
hodder Q0 uk25 18 3 results_for_datasets
hodder Q0 uk26 19 2 results_for_datasets
hodder Q0 uk27 20 1 results_for_datasets
hoult Q0 uk9 1 20 results_for_datasets
hoult Q0 uk10 2 19 results_for_datasets
hoult Q0 uk11 3 18 results_for_datasets
hoult Q0 uk12 4 17 results_for_datasets
hoult Q0 uk13 5 16 results_for_datasets
hoult Q0 uk14 6 15 results_for_datasets
hoult Q0 uk15 7 14 results_for_datasets
hoult Q0 uk16 8 13 results_for_datasets
hoult Q0 uk17 9 12 results_for_datasets
hoult Q0 uk18 10 11 results_for_datasets
hoult Q0 uk19 11 10 results_for_datasets
hoult Q0 uk20 12 9 results_for_datasets
hoult Q0 uk21 13 8 results_for_datasets
hoult Q0 uk22 14 7 results_for_datasets
hoult Q0 k0 15 6 results_for_datasets
hoult Q0 uk23 16 5 results_for_datasets
hoult Q0 uk24 17 4 results_for_datasets
hoult Q0 uk25 18 3 results_for_datasets
hoult Q0 uk26 19 2 results_for_datasets
hoult Q0 uk27 20 1 results_for_datasets
ismail Q0 uk9 1 20 results_for_datasets
ismail Q0 uk10 2 19 results_for_datasets
ismail Q0 uk11 3 18 results_for_datasets
ismail Q0 uk12 4 17 results_for_datasets
ismail Q0 uk13 5 16 results_for_datasets
ismail Q0 uk14 6 15 results_for_datasets
ismail Q0 uk15 7 14 results_for_datasets
ismail Q0 uk16 8 13 results_for_datasets
ismail Q0 uk17 9 12 results_for_datasets
ismail Q0 uk18 10 11 results_for_datasets
ismail Q0 uk19 11 10 results_for_datasets
ismail Q0 uk20 12 9 results_for_datasets
ismail Q0 uk21 13 8 results_for_datasets
ismail Q0 uk22 14 7 results_for_datasets
ismail Q0 uk23 15 6 results_for_datasets
ismail Q0 uk24 16 5 results_for_datasets
ismail Q0 uk25 17 4 results_for_datasets
ismail Q0 uk26 18 3 results_for_datasets
ismail Q0 uk27 19 2 results_for_datasets
ismail Q0 uk28 20 1 results_for_datasets
jaygrace Q0 uk9 1 20 results_for_datasets
jaygrace Q0 uk10 2 19 results_for_datasets
jaygrace Q0 uk11 3 18 results_for_datasets
jaygrace Q0 uk12 4 17 results_for_datasets
jaygrace Q0 uk13 5 16 results_for_datasets
jaygrace Q0 uk14 6 15 results_for_datasets
jaygrace Q0 uk15 7 14 results_for_datasets
jaygrace Q0 uk16 8 13 results_for_datasets
jaygrace Q0 uk17 9 12 results_for_datasets
jaygrace Q0 uk18 10 11 results_for_datasets
jaygrace Q0 uk19 11 10 results_for_datasets
jaygrace Q0 uk20 12 9 results_for_datasets
jaygrace Q0 uk21 13 8 results_for_datasets
jaygrace Q0 uk22 14 7 results_for_datasets
jaygrace Q0 uk23 15 6 results_for_datasets
jaygrace Q0 uk24 16 5 results_for_datasets
jaygrace Q0 uk25 17 4 results_for_datasets
jaygrace Q0 uk26 18 3 results_for_datasets
jaygrace Q0 uk27 19 2 results_for_datasets
jaygrace Q0 uk28 20 1 results_for_datasets
jeanp Q0 k0 1 20 results_for_datasets
jeanp Q0 uk7 2 19 results_for_datasets
jeanp Q0 uk8 3 18 results_for_datasets
jeanp Q0 uk9 4 17 results_for_datasets
jeanp Q0 uk10 5 16 results_for_datasets
jeanp Q0 uk11 6 15 results_for_datasets
jeanp Q0 uk12 7 14 results_for_datasets
jeanp Q0 uk13 8 13 results_for_datasets
jeanp Q0 uk14 9 12 results_for_datasets
jeanp Q0 uk15 10 11 results_for_datasets
jeanp Q0 uk16 11 10 results_for_datasets
jeanp Q0 uk17 12 9 results_for_datasets
jeanp Q0 uk18 13 8 results_for_datasets
jeanp Q0 uk19 14 7 results_for_datasets
jeanp Q0 uk20 15 6 results_for_datasets
jeanp Q0 uk21 16 5 results_for_datasets
jeanp Q0 uk22 17 4 results_for_datasets
jeanp Q0 uk23 18 3 results_for_datasets
jeanp Q0 uk24 19 2 results_for_datasets
jeanp Q0 uk25 20 1 results_for_datasets
joanna Q0 k3 1 20 results_for_datasets
joanna Q0 uk8 2 19 results_for_datasets
joanna Q0 uk9 3 18 results_for_datasets
joanna Q0 uk10 4 17 results_for_datasets
joanna Q0 uk11 5 16 results_for_datasets
joanna Q0 uk12 6 15 results_for_datasets
joanna Q0 uk13 7 14 results_for_datasets
joanna Q0 uk14 8 13 results_for_datasets
joanna Q0 uk15 9 12 results_for_datasets
joanna Q0 uk16 10 11 results_for_datasets
joanna Q0 uk17 11 10 results_for_datasets
joanna Q0 uk18 12 9 results_for_datasets
joanna Q0 uk19 13 8 results_for_datasets
joanna Q0 uk20 14 7 results_for_datasets
joanna Q0 uk21 15 6 results_for_datasets
joanna Q0 uk22 16 5 results_for_datasets
joanna Q0 uk23 17 4 results_for_datasets
joanna Q0 uk24 18 3 results_for_datasets
joanna Q0 uk25 19 2 results_for_datasets
joanna Q0 uk26 20 1 results_for_datasets
jonathan Q0 uk6 1 20 results_for_datasets
jonathan Q0 uk7 2 19 results_for_datasets
jonathan Q0 uk8 3 18 results_for_datasets
jonathan Q0 uk9 4 17 results_for_datasets
jonathan Q0 uk10 5 16 results_for_datasets
jonathan Q0 uk11 6 15 results_for_datasets
jonathan Q0 uk12 7 14 results_for_datasets
jonathan Q0 uk13 8 13 results_for_datasets
jonathan Q0 uk14 9 12 results_for_datasets
jonathan Q0 uk15 10 11 results_for_datasets
jonathan Q0 uk16 11 10 results_for_datasets
jonathan Q0 uk17 12 9 results_for_datasets
jonathan Q0 uk18 13 8 results_for_datasets
jonathan Q0 uk19 14 7 results_for_datasets
jonathan Q0 uk20 15 6 results_for_datasets
jonathan Q0 uk21 16 5 results_for_datasets
jonathan Q0 uk22 17 4 results_for_datasets
jonathan Q0 uk23 18 3 results_for_datasets
jonathan Q0 uk24 19 2 results_for_datasets
jonathan Q0 uk25 20 1 results_for_datasets
joseph Q0 uk6 1 20 results_for_datasets
joseph Q0 uk7 2 19 results_for_datasets
joseph Q0 uk8 3 18 results_for_datasets
joseph Q0 uk9 4 17 results_for_datasets
joseph Q0 k2 5 16 results_for_datasets
joseph Q0 uk10 6 15 results_for_datasets
joseph Q0 uk11 7 14 results_for_datasets
joseph Q0 uk12 8 13 results_for_datasets
joseph Q0 uk13 9 12 results_for_datasets
joseph Q0 uk14 10 11 results_for_datasets
joseph Q0 uk15 11 10 results_for_datasets
joseph Q0 uk16 12 9 results_for_datasets
joseph Q0 uk17 13 8 results_for_datasets
joseph Q0 uk18 14 7 results_for_datasets
joseph Q0 uk19 15 6 results_for_datasets
joseph Q0 uk20 16 5 results_for_datasets
joseph Q0 uk21 17 4 results_for_datasets
joseph Q0 uk22 18 3 results_for_datasets
joseph Q0 uk23 19 2 results_for_datasets
joseph Q0 uk24 20 1 results_for_datasets
kartick Q0 uk8 1 20 results_for_datasets
kartick Q0 uk9 2 19 results_for_datasets
kartick Q0 uk10 3 18 results_for_datasets
kartick Q0 uk11 4 17 results_for_datasets
kartick Q0 uk12 5 16 results_for_datasets
kartick Q0 uk13 6 15 results_for_datasets
kartick Q0 uk14 7 14 results_for_datasets
kartick Q0 uk15 8 13 results_for_datasets
kartick Q0 uk16 9 12 results_for_datasets
kartick Q0 uk17 10 11 results_for_datasets
kartick Q0 uk18 11 10 results_for_datasets
kartick Q0 uk19 12 9 results_for_datasets
kartick Q0 uk20 13 8 results_for_datasets
kartick Q0 uk21 14 7 results_for_datasets
kartick Q0 uk22 15 6 results_for_datasets
kartick Q0 uk23 16 5 results_for_datasets
kartick Q0 uk24 17 4 results_for_datasets
kartick Q0 uk25 18 3 results_for_datasets
kartick Q0 uk26 19 2 results_for_datasets
kartick Q0 k5 20 1 results_for_datasets
kieren Q0 uk9 1 20 results_for_datasets
kieren Q0 uk10 2 19 results_for_datasets
kieren Q0 uk11 3 18 results_for_datasets
kieren Q0 uk12 4 17 results_for_datasets
kieren Q0 uk13 5 16 results_for_datasets
kieren Q0 uk14 6 15 results_for_datasets
kieren Q0 uk15 7 14 results_for_datasets
kieren Q0 uk16 8 13 results_for_datasets
kieren Q0 uk17 9 12 results_for_datasets
kieren Q0 uk18 10 11 results_for_datasets
kieren Q0 uk19 11 10 results_for_datasets
kieren Q0 uk20 12 9 results_for_datasets
kieren Q0 uk21 13 8 results_for_datasets
kieren Q0 uk22 14 7 results_for_datasets
kieren Q0 uk23 15 6 results_for_datasets
kieren Q0 uk24 16 5 results_for_datasets
kieren Q0 uk25 17 4 results_for_datasets
kieren Q0 uk26 18 3 results_for_datasets
kieren Q0 uk27 19 2 results_for_datasets
kieren Q0 uk28 20 1 results_for_datasets
kirk Q0 uk8 1 20 results_for_datasets
kirk Q0 uk9 2 19 results_for_datasets
kirk Q0 uk10 3 18 results_for_datasets
kirk Q0 uk11 4 17 results_for_datasets
kirk Q0 uk12 5 16 results_for_datasets
kirk Q0 uk13 6 15 results_for_datasets
kirk Q0 uk14 7 14 results_for_datasets
kirk Q0 uk15 8 13 results_for_datasets
kirk Q0 k4 9 12 results_for_datasets
kirk Q0 uk16 10 11 results_for_datasets
kirk Q0 uk17 11 10 results_for_datasets
kirk Q0 uk18 12 9 results_for_datasets
kirk Q0 uk19 13 8 results_for_datasets
kirk Q0 uk20 14 7 results_for_datasets
kirk Q0 uk21 15 6 results_for_datasets
kirk Q0 uk22 16 5 results_for_datasets
kirk Q0 uk23 17 4 results_for_datasets
kirk Q0 uk24 18 3 results_for_datasets
kirk Q0 uk25 19 2 results_for_datasets
kirk Q0 k6 20 1 results_for_datasets
levine Q0 uk8 1 20 results_for_datasets
levine Q0 uk9 2 19 results_for_datasets
levine Q0 uk10 3 18 results_for_datasets
levine Q0 uk11 4 17 results_for_datasets
levine Q0 uk12 5 16 results_for_datasets
levine Q0 uk13 6 15 results_for_datasets
levine Q0 uk14 7 14 results_for_datasets
levine Q0 uk15 8 13 results_for_datasets
levine Q0 uk16 9 12 results_for_datasets
levine Q0 uk17 10 11 results_for_datasets
levine Q0 uk18 11 10 results_for_datasets
levine Q0 uk19 12 9 results_for_datasets
levine Q0 uk20 13 8 results_for_datasets
levine Q0 uk21 14 7 results_for_datasets
levine Q0 uk22 15 6 results_for_datasets
levine Q0 uk23 16 5 results_for_datasets
levine Q0 uk24 17 4 results_for_datasets
levine Q0 uk25 18 3 results_for_datasets
levine Q0 uk26 19 2 results_for_datasets
levine Q0 uk27 20 1 results_for_datasets
lisag Q0 uk9 1 20 results_for_datasets
lisag Q0 uk10 2 19 results_for_datasets
lisag Q0 uk11 3 18 results_for_datasets
lisag Q0 uk12 4 17 results_for_datasets
lisag Q0 uk13 5 16 results_for_datasets
lisag Q0 uk14 6 15 results_for_datasets
lisag Q0 uk15 7 14 results_for_datasets
lisag Q0 uk16 8 13 results_for_datasets
lisag Q0 k0 9 12 results_for_datasets
lisag Q0 uk17 10 11 results_for_datasets
lisag Q0 uk18 11 10 results_for_datasets
lisag Q0 uk19 12 9 results_for_datasets
lisag Q0 uk20 13 8 results_for_datasets
lisag Q0 uk21 14 7 results_for_datasets
lisag Q0 uk22 15 6 results_for_datasets
lisag Q0 uk23 16 5 results_for_datasets
lisag Q0 uk24 17 4 results_for_datasets
lisag Q0 uk25 18 3 results_for_datasets
lisag Q0 uk26 19 2 results_for_datasets
lisag Q0 uk27 20 1 results_for_datasets
liu Q0 uk6 1 20 results_for_datasets
liu Q0 uk7 2 19 results_for_datasets
liu Q0 uk8 3 18 results_for_datasets
liu Q0 uk9 4 17 results_for_datasets
liu Q0 uk10 5 16 results_for_datasets
liu Q0 uk11 6 15 results_for_datasets
liu Q0 uk12 7 14 results_for_datasets
liu Q0 uk13 8 13 results_for_datasets
liu Q0 uk14 9 12 results_for_datasets
liu Q0 uk15 10 11 results_for_datasets
liu Q0 uk16 11 10 results_for_datasets
liu Q0 uk17 12 9 results_for_datasets
liu Q0 uk18 13 8 results_for_datasets
liu Q0 uk19 14 7 results_for_datasets
liu Q0 uk20 15 6 results_for_datasets
liu Q0 uk21 16 5 results_for_datasets
liu Q0 uk22 17 4 results_for_datasets
liu Q0 uk23 18 3 results_for_datasets
liu Q0 uk24 19 2 results_for_datasets
liu Q0 uk25 20 1 results_for_datasets
lunn Q0 uk9 1 20 results_for_datasets
lunn Q0 uk10 2 19 results_for_datasets
lunn Q0 k3 3 18 results_for_datasets
lunn Q0 uk11 4 17 results_for_datasets
lunn Q0 uk12 5 16 results_for_datasets
lunn Q0 uk13 6 15 results_for_datasets
lunn Q0 uk14 7 14 results_for_datasets
lunn Q0 uk15 8 13 results_for_datasets
lunn Q0 uk16 9 12 results_for_datasets
lunn Q0 k0 10 11 results_for_datasets
lunn Q0 uk17 11 10 results_for_datasets
lunn Q0 uk18 12 9 results_for_datasets
lunn Q0 uk19 13 8 results_for_datasets
lunn Q0 uk20 14 7 results_for_datasets
lunn Q0 uk21 15 6 results_for_datasets
lunn Q0 uk22 16 5 results_for_datasets
lunn Q0 uk23 17 4 results_for_datasets
lunn Q0 uk24 18 3 results_for_datasets
lunn Q0 uk25 19 2 results_for_datasets
lunn Q0 uk26 20 1 results_for_datasets
margaret Q0 k3 1 20 results_for_datasets
margaret Q0 uk6 2 19 results_for_datasets
margaret Q0 uk7 3 18 results_for_datasets
margaret Q0 uk8 4 17 results_for_datasets
margaret Q0 uk9 5 16 results_for_datasets
margaret Q0 uk10 6 15 results_for_datasets
margaret Q0 uk11 7 14 results_for_datasets
margaret Q0 uk12 8 13 results_for_datasets
margaret Q0 uk13 9 12 results_for_datasets
margaret Q0 uk14 10 11 results_for_datasets
margaret Q0 uk15 11 10 results_for_datasets
margaret Q0 uk16 12 9 results_for_datasets
margaret Q0 uk17 13 8 results_for_datasets
margaret Q0 uk18 14 7 results_for_datasets
margaret Q0 uk19 15 6 results_for_datasets
margaret Q0 uk20 16 5 results_for_datasets
margaret Q0 uk21 17 4 results_for_datasets
margaret Q0 uk22 18 3 results_for_datasets
margaret Q0 uk23 19 2 results_for_datasets
margaret Q0 uk24 20 1 results_for_datasets
marie Q0 uk8 1 20 results_for_datasets
marie Q0 uk9 2 19 results_for_datasets
marie Q0 uk10 3 18 results_for_datasets
marie Q0 uk11 4 17 results_for_datasets
marie Q0 uk12 5 16 results_for_datasets
marie Q0 uk13 6 15 results_for_datasets
marie Q0 uk14 7 14 results_for_datasets
marie Q0 uk15 8 13 results_for_datasets
marie Q0 uk16 9 12 results_for_datasets
marie Q0 uk17 10 11 results_for_datasets
marie Q0 k5 11 10 results_for_datasets
marie Q0 uk18 12 9 results_for_datasets
marie Q0 uk19 13 8 results_for_datasets
marie Q0 uk20 14 7 results_for_datasets
marie Q0 uk21 15 6 results_for_datasets
marie Q0 uk22 16 5 results_for_datasets
marie Q0 uk23 17 4 results_for_datasets
marie Q0 uk24 18 3 results_for_datasets
marie Q0 uk25 19 2 results_for_datasets
marie Q0 uk26 20 1 results_for_datasets
markk Q0 uk6 1 20 results_for_datasets
markk Q0 uk7 2 19 results_for_datasets
markk Q0 uk8 3 18 results_for_datasets
markk Q0 uk9 4 17 results_for_datasets
markk Q0 k0 5 16 results_for_datasets
markk Q0 uk10 6 15 results_for_datasets
markk Q0 uk11 7 14 results_for_datasets
markk Q0 uk12 8 13 results_for_datasets
markk Q0 uk13 9 12 results_for_datasets
markk Q0 uk14 10 11 results_for_datasets
markk Q0 uk15 11 10 results_for_datasets
markk Q0 uk16 12 9 results_for_datasets
markk Q0 uk17 13 8 results_for_datasets
markk Q0 uk18 14 7 results_for_datasets
markk Q0 uk19 15 6 results_for_datasets
markk Q0 uk20 16 5 results_for_datasets
markk Q0 uk21 17 4 results_for_datasets
markk Q0 uk22 18 3 results_for_datasets
markk Q0 uk23 19 2 results_for_datasets
markk Q0 uk24 20 1 results_for_datasets
mayall Q0 uk3 1 20 results_for_datasets
mayall Q0 uk4 2 19 results_for_datasets
mayall Q0 uk5 3 18 results_for_datasets
mayall Q0 uk6 4 17 results_for_datasets
mayall Q0 uk7 5 16 results_for_datasets
mayall Q0 uk8 6 15 results_for_datasets
mayall Q0 uk9 7 14 results_for_datasets
mayall Q0 uk10 8 13 results_for_datasets
mayall Q0 uk11 9 12 results_for_datasets
mayall Q0 uk12 10 11 results_for_datasets
mayall Q0 uk13 11 10 results_for_datasets
mayall Q0 uk14 12 9 results_for_datasets
mayall Q0 uk15 13 8 results_for_datasets
mayall Q0 uk16 14 7 results_for_datasets
mayall Q0 uk17 15 6 results_for_datasets
mayall Q0 uk18 16 5 results_for_datasets
mayall Q0 uk19 17 4 results_for_datasets
mayall Q0 uk20 18 3 results_for_datasets
mayall Q0 uk21 19 2 results_for_datasets
mayall Q0 uk22 20 1 results_for_datasets
mcgregor Q0 uk4 1 20 results_for_datasets
mcgregor Q0 uk5 2 19 results_for_datasets
mcgregor Q0 uk6 3 18 results_for_datasets
mcgregor Q0 uk7 4 17 results_for_datasets
mcgregor Q0 uk8 5 16 results_for_datasets
mcgregor Q0 uk9 6 15 results_for_datasets
mcgregor Q0 uk10 7 14 results_for_datasets
mcgregor Q0 uk11 8 13 results_for_datasets
mcgregor Q0 uk12 9 12 results_for_datasets
mcgregor Q0 uk13 10 11 results_for_datasets
mcgregor Q0 uk14 11 10 results_for_datasets
mcgregor Q0 uk15 12 9 results_for_datasets
mcgregor Q0 uk16 13 8 results_for_datasets
mcgregor Q0 uk17 14 7 results_for_datasets
mcgregor Q0 uk18 15 6 results_for_datasets
mcgregor Q0 uk19 16 5 results_for_datasets
mcgregor Q0 uk20 17 4 results_for_datasets
mcgregor Q0 uk21 18 3 results_for_datasets
mcgregor Q0 uk22 19 2 results_for_datasets
mcgregor Q0 uk23 20 1 results_for_datasets
morehu Q0 uk8 1 20 results_for_datasets
morehu Q0 uk9 2 19 results_for_datasets
morehu Q0 uk10 3 18 results_for_datasets
morehu Q0 uk11 4 17 results_for_datasets
morehu Q0 uk12 5 16 results_for_datasets
morehu Q0 uk13 6 15 results_for_datasets
morehu Q0 uk14 7 14 results_for_datasets
morehu Q0 uk15 8 13 results_for_datasets
morehu Q0 uk16 9 12 results_for_datasets
morehu Q0 uk17 10 11 results_for_datasets
morehu Q0 uk18 11 10 results_for_datasets
morehu Q0 uk19 12 9 results_for_datasets
morehu Q0 uk20 13 8 results_for_datasets
morehu Q0 uk21 14 7 results_for_datasets
morehu Q0 uk22 15 6 results_for_datasets
morehu Q0 uk23 16 5 results_for_datasets
morehu Q0 uk24 17 4 results_for_datasets
morehu Q0 uk25 18 3 results_for_datasets
morehu Q0 uk26 19 2 results_for_datasets
morehu Q0 uk27 20 1 results_for_datasets
neil Q0 uk8 1 20 results_for_datasets
neil Q0 uk9 2 19 results_for_datasets
neil Q0 uk10 3 18 results_for_datasets
neil Q0 uk11 4 17 results_for_datasets
neil Q0 uk12 5 16 results_for_datasets
neil Q0 k2 6 15 results_for_datasets
neil Q0 uk13 7 14 results_for_datasets
neil Q0 uk14 8 13 results_for_datasets
neil Q0 uk15 9 12 results_for_datasets
neil Q0 uk16 10 11 results_for_datasets
neil Q0 uk17 11 10 results_for_datasets
neil Q0 uk18 12 9 results_for_datasets
neil Q0 uk19 13 8 results_for_datasets
neil Q0 uk20 14 7 results_for_datasets
neil Q0 uk21 15 6 results_for_datasets
neil Q0 uk22 16 5 results_for_datasets
neil Q0 uk23 17 4 results_for_datasets
neil Q0 uk24 18 3 results_for_datasets
neil Q0 uk25 19 2 results_for_datasets
neil Q0 uk26 20 1 results_for_datasets
newbold Q0 uk6 1 20 results_for_datasets
newbold Q0 uk7 2 19 results_for_datasets
newbold Q0 uk8 3 18 results_for_datasets
newbold Q0 uk9 4 17 results_for_datasets
newbold Q0 uk10 5 16 results_for_datasets
newbold Q0 uk11 6 15 results_for_datasets
newbold Q0 uk12 7 14 results_for_datasets
newbold Q0 uk13 8 13 results_for_datasets
newbold Q0 uk14 9 12 results_for_datasets
newbold Q0 uk15 10 11 results_for_datasets
newbold Q0 uk16 11 10 results_for_datasets
newbold Q0 uk17 12 9 results_for_datasets
newbold Q0 uk18 13 8 results_for_datasets
newbold Q0 uk19 14 7 results_for_datasets
newbold Q0 uk20 15 6 results_for_datasets
newbold Q0 uk21 16 5 results_for_datasets
newbold Q0 uk22 17 4 results_for_datasets
newbold Q0 uk23 18 3 results_for_datasets
newbold Q0 uk24 19 2 results_for_datasets
newbold Q0 uk25 20 1 results_for_datasets
nicola Q0 uk7 1 20 results_for_datasets
nicola Q0 uk8 2 19 results_for_datasets
nicola Q0 k4 3 18 results_for_datasets
nicola Q0 uk9 4 17 results_for_datasets
nicola Q0 uk10 5 16 results_for_datasets
nicola Q0 uk11 6 15 results_for_datasets
nicola Q0 uk12 7 14 results_for_datasets
nicola Q0 uk13 8 13 results_for_datasets
nicola Q0 uk14 9 12 results_for_datasets
nicola Q0 uk15 10 11 results_for_datasets
nicola Q0 k5 11 10 results_for_datasets
nicola Q0 uk16 12 9 results_for_datasets
nicola Q0 uk17 13 8 results_for_datasets
nicola Q0 uk18 14 7 results_for_datasets
nicola Q0 uk19 15 6 results_for_datasets
nicola Q0 uk20 16 5 results_for_datasets
nicola Q0 uk21 17 4 results_for_datasets
nicola Q0 uk22 18 3 results_for_datasets
nicola Q0 uk23 19 2 results_for_datasets
nicola Q0 uk24 20 1 results_for_datasets
padmini Q0 uk10 1 20 results_for_datasets
padmini Q0 k1 2 19 results_for_datasets
padmini Q0 uk11 3 18 results_for_datasets
padmini Q0 uk12 4 17 results_for_datasets
padmini Q0 uk13 5 16 results_for_datasets
padmini Q0 uk14 6 15 results_for_datasets
padmini Q0 uk15 7 14 results_for_datasets
padmini Q0 uk16 8 13 results_for_datasets
padmini Q0 uk17 9 12 results_for_datasets
padmini Q0 uk18 10 11 results_for_datasets
padmini Q0 uk19 11 10 results_for_datasets
padmini Q0 uk20 12 9 results_for_datasets
padmini Q0 uk21 13 8 results_for_datasets
padmini Q0 uk22 14 7 results_for_datasets
padmini Q0 uk23 15 6 results_for_datasets
padmini Q0 uk24 16 5 results_for_datasets
padmini Q0 uk25 17 4 results_for_datasets
padmini Q0 uk26 18 3 results_for_datasets
padmini Q0 uk27 19 2 results_for_datasets
padmini Q0 uk28 20 1 results_for_datasets
paynter Q0 uk3 1 20 results_for_datasets
paynter Q0 uk4 2 19 results_for_datasets
paynter Q0 uk5 3 18 results_for_datasets
paynter Q0 uk6 4 17 results_for_datasets
paynter Q0 uk7 5 16 results_for_datasets
paynter Q0 uk8 6 15 results_for_datasets
paynter Q0 uk9 7 14 results_for_datasets
paynter Q0 uk10 8 13 results_for_datasets
paynter Q0 uk11 9 12 results_for_datasets
paynter Q0 uk12 10 11 results_for_datasets
paynter Q0 uk13 11 10 results_for_datasets
paynter Q0 uk14 12 9 results_for_datasets
paynter Q0 uk15 13 8 results_for_datasets
paynter Q0 uk16 14 7 results_for_datasets
paynter Q0 uk17 15 6 results_for_datasets
paynter Q0 uk18 16 5 results_for_datasets
paynter Q0 uk19 17 4 results_for_datasets
paynter Q0 uk20 18 3 results_for_datasets
paynter Q0 uk21 19 2 results_for_datasets
paynter Q0 uk22 20 1 results_for_datasets
pocock Q0 uk7 1 20 results_for_datasets
pocock Q0 uk8 2 19 results_for_datasets
pocock Q0 uk9 3 18 results_for_datasets
pocock Q0 uk10 4 17 results_for_datasets
pocock Q0 uk11 5 16 results_for_datasets
pocock Q0 uk12 6 15 results_for_datasets
pocock Q0 uk13 7 14 results_for_datasets
pocock Q0 uk14 8 13 results_for_datasets
pocock Q0 uk15 9 12 results_for_datasets
pocock Q0 uk16 10 11 results_for_datasets
pocock Q0 uk17 11 10 results_for_datasets
pocock Q0 k1 12 9 results_for_datasets
pocock Q0 uk18 13 8 results_for_datasets
pocock Q0 uk19 14 7 results_for_datasets
pocock Q0 uk20 15 6 results_for_datasets
pocock Q0 uk21 16 5 results_for_datasets
pocock Q0 uk22 17 4 results_for_datasets
pocock Q0 uk23 18 3 results_for_datasets
pocock Q0 uk24 19 2 results_for_datasets
pocock Q0 uk25 20 1 results_for_datasets
qin Q0 uk8 1 20 results_for_datasets
qin Q0 uk9 2 19 results_for_datasets
qin Q0 uk10 3 18 results_for_datasets
qin Q0 uk11 4 17 results_for_datasets
qin Q0 uk12 5 16 results_for_datasets
qin Q0 uk13 6 15 results_for_datasets
qin Q0 uk14 7 14 results_for_datasets
qin Q0 uk15 8 13 results_for_datasets
qin Q0 uk16 9 12 results_for_datasets
qin Q0 uk17 10 11 results_for_datasets
qin Q0 uk18 11 10 results_for_datasets
qin Q0 uk19 12 9 results_for_datasets
qin Q0 uk20 13 8 results_for_datasets
qin Q0 uk21 14 7 results_for_datasets
qin Q0 uk22 15 6 results_for_datasets
qin Q0 uk23 16 5 results_for_datasets
qin Q0 uk24 17 4 results_for_datasets
qin Q0 uk25 18 3 results_for_datasets
qin Q0 uk26 19 2 results_for_datasets
qin Q0 uk27 20 1 results_for_datasets
redfern Q0 uk7 1 20 results_for_datasets
redfern Q0 uk8 2 19 results_for_datasets
redfern Q0 uk9 3 18 results_for_datasets
redfern Q0 uk10 4 17 results_for_datasets
redfern Q0 uk11 5 16 results_for_datasets
redfern Q0 uk12 6 15 results_for_datasets
redfern Q0 k1 7 14 results_for_datasets
redfern Q0 uk13 8 13 results_for_datasets
redfern Q0 uk14 9 12 results_for_datasets
redfern Q0 uk15 10 11 results_for_datasets
redfern Q0 uk16 11 10 results_for_datasets
redfern Q0 uk17 12 9 results_for_datasets
redfern Q0 uk18 13 8 results_for_datasets
redfern Q0 uk19 14 7 results_for_datasets
redfern Q0 uk20 15 6 results_for_datasets
redfern Q0 uk21 16 5 results_for_datasets
redfern Q0 k3 17 4 results_for_datasets
redfern Q0 uk22 18 3 results_for_datasets
redfern Q0 uk23 19 2 results_for_datasets
redfern Q0 uk24 20 1 results_for_datasets
reese Q0 uk8 1 20 results_for_datasets
reese Q0 uk9 2 19 results_for_datasets
reese Q0 uk10 3 18 results_for_datasets
reese Q0 uk11 4 17 results_for_datasets
reese Q0 uk12 5 16 results_for_datasets
reese Q0 uk13 6 15 results_for_datasets
reese Q0 uk14 7 14 results_for_datasets
reese Q0 uk15 8 13 results_for_datasets
reese Q0 uk16 9 12 results_for_datasets
reese Q0 uk17 10 11 results_for_datasets
reese Q0 uk18 11 10 results_for_datasets
reese Q0 uk19 12 9 results_for_datasets
reese Q0 uk20 13 8 results_for_datasets
reese Q0 uk21 14 7 results_for_datasets
reese Q0 uk22 15 6 results_for_datasets
reese Q0 uk23 16 5 results_for_datasets
reese Q0 uk24 17 4 results_for_datasets
reese Q0 uk25 18 3 results_for_datasets
reese Q0 uk26 19 2 results_for_datasets
reese Q0 uk27 20 1 results_for_datasets
rennie Q0 uk7 1 20 results_for_datasets
rennie Q0 uk8 2 19 results_for_datasets
rennie Q0 uk9 3 18 results_for_datasets
rennie Q0 uk10 4 17 results_for_datasets
rennie Q0 uk11 5 16 results_for_datasets
rennie Q0 uk12 6 15 results_for_datasets
rennie Q0 uk13 7 14 results_for_datasets
rennie Q0 uk14 8 13 results_for_datasets
rennie Q0 uk15 9 12 results_for_datasets
rennie Q0 uk16 10 11 results_for_datasets
rennie Q0 uk17 11 10 results_for_datasets
rennie Q0 uk18 12 9 results_for_datasets
rennie Q0 uk19 13 8 results_for_datasets
rennie Q0 uk20 14 7 results_for_datasets
rennie Q0 uk21 15 6 results_for_datasets
rennie Q0 uk22 16 5 results_for_datasets
rennie Q0 uk23 17 4 results_for_datasets
rennie Q0 uk24 18 3 results_for_datasets
rennie Q0 uk25 19 2 results_for_datasets
rennie Q0 uk26 20 1 results_for_datasets
ridley Q0 uk10 1 20 results_for_datasets
ridley Q0 uk11 2 19 results_for_datasets
ridley Q0 uk12 3 18 results_for_datasets
ridley Q0 uk13 4 17 results_for_datasets
ridley Q0 uk14 5 16 results_for_datasets
ridley Q0 k0 6 15 results_for_datasets
ridley Q0 uk15 7 14 results_for_datasets
ridley Q0 uk16 8 13 results_for_datasets
ridley Q0 uk17 9 12 results_for_datasets
ridley Q0 uk18 10 11 results_for_datasets
ridley Q0 uk19 11 10 results_for_datasets
ridley Q0 uk20 12 9 results_for_datasets
ridley Q0 uk21 13 8 results_for_datasets
ridley Q0 uk22 14 7 results_for_datasets
ridley Q0 uk23 15 6 results_for_datasets
ridley Q0 uk24 16 5 results_for_datasets
ridley Q0 uk25 17 4 results_for_datasets
ridley Q0 uk26 18 3 results_for_datasets
ridley Q0 uk27 19 2 results_for_datasets
ridley Q0 uk28 20 1 results_for_datasets
robert Q0 k0 1 19 results_for_datasets
robert Q0 uk7 2 18 results_for_datasets
robert Q0 uk8 3 17 results_for_datasets
robert Q0 uk9 4 16 results_for_datasets
robert Q0 uk10 5 15 results_for_datasets
robert Q0 uk11 6 14 results_for_datasets
robert Q0 uk12 7 13 results_for_datasets
robert Q0 uk13 8 12 results_for_datasets
robert Q0 uk14 9 11 results_for_datasets
robert Q0 uk15 10 10 results_for_datasets
robert Q0 uk16 11 9 results_for_datasets
robert Q0 uk17 12 8 results_for_datasets
robert Q0 uk18 13 7 results_for_datasets
robert Q0 uk19 14 6 results_for_datasets
robert Q0 uk20 15 5 results_for_datasets
robert Q0 uk21 16 4 results_for_datasets
robert Q0 uk22 17 3 results_for_datasets
robert Q0 uk23 18 2 results_for_datasets
robert Q0 uk24 19 1 results_for_datasets
roho Q0 k1 1 20 results_for_datasets
roho Q0 uk11 2 19 results_for_datasets
roho Q0 uk12 3 18 results_for_datasets
roho Q0 uk13 4 17 results_for_datasets
roho Q0 uk14 5 16 results_for_datasets
roho Q0 uk15 6 15 results_for_datasets
roho Q0 uk16 7 14 results_for_datasets
roho Q0 uk17 8 13 results_for_datasets
roho Q0 uk18 9 12 results_for_datasets
roho Q0 uk19 10 11 results_for_datasets
roho Q0 uk20 11 10 results_for_datasets
roho Q0 uk21 12 9 results_for_datasets
roho Q0 uk22 13 8 results_for_datasets
roho Q0 uk23 14 7 results_for_datasets
roho Q0 uk24 15 6 results_for_datasets
roho Q0 uk25 16 5 results_for_datasets
roho Q0 uk26 17 4 results_for_datasets
roho Q0 uk27 18 3 results_for_datasets
roho Q0 uk28 19 2 results_for_datasets
roho Q0 uk29 20 1 results_for_datasets
ross Q0 uk11 1 20 results_for_datasets
ross Q0 uk12 2 19 results_for_datasets
ross Q0 uk13 3 18 results_for_datasets
ross Q0 uk14 4 17 results_for_datasets
ross Q0 uk15 5 16 results_for_datasets
ross Q0 uk16 6 15 results_for_datasets
ross Q0 uk17 7 14 results_for_datasets
ross Q0 uk18 8 13 results_for_datasets
ross Q0 uk19 9 12 results_for_datasets
ross Q0 uk20 10 11 results_for_datasets
ross Q0 k0 11 10 results_for_datasets
ross Q0 uk21 12 9 results_for_datasets
ross Q0 uk22 13 8 results_for_datasets
ross Q0 uk23 14 7 results_for_datasets
ross Q0 uk24 15 6 results_for_datasets
ross Q0 uk25 16 5 results_for_datasets
ross Q0 uk26 17 4 results_for_datasets
ross Q0 uk27 18 3 results_for_datasets
ross Q0 uk28 19 2 results_for_datasets
ross Q0 uk29 20 1 results_for_datasets
rupara Q0 uk9 1 20 results_for_datasets
rupara Q0 k0 2 19 results_for_datasets
rupara Q0 uk10 3 18 results_for_datasets
rupara Q0 uk11 4 17 results_for_datasets
rupara Q0 uk12 5 16 results_for_datasets
rupara Q0 k5 6 15 results_for_datasets
rupara Q0 uk13 7 14 results_for_datasets
rupara Q0 uk14 8 13 results_for_datasets
rupara Q0 uk15 9 12 results_for_datasets
rupara Q0 uk16 10 11 results_for_datasets
rupara Q0 uk17 11 10 results_for_datasets
rupara Q0 uk18 12 9 results_for_datasets
rupara Q0 uk19 13 8 results_for_datasets
rupara Q0 uk20 14 7 results_for_datasets
rupara Q0 uk21 15 6 results_for_datasets
rupara Q0 uk22 16 5 results_for_datasets
rupara Q0 uk23 17 4 results_for_datasets
rupara Q0 uk24 18 3 results_for_datasets
rupara Q0 uk25 19 2 results_for_datasets
rupara Q0 uk26 20 1 results_for_datasets
scottg Q0 uk6 1 20 results_for_datasets
scottg Q0 uk7 2 19 results_for_datasets
scottg Q0 uk8 3 18 results_for_datasets
scottg Q0 uk9 4 17 results_for_datasets
scottg Q0 uk10 5 16 results_for_datasets
scottg Q0 uk11 6 15 results_for_datasets
scottg Q0 uk12 7 14 results_for_datasets
scottg Q0 uk13 8 13 results_for_datasets
scottg Q0 uk14 9 12 results_for_datasets
scottg Q0 uk15 10 11 results_for_datasets
scottg Q0 uk16 11 10 results_for_datasets
scottg Q0 uk17 12 9 results_for_datasets
scottg Q0 uk18 13 8 results_for_datasets
scottg Q0 uk19 14 7 results_for_datasets
scottg Q0 uk20 15 6 results_for_datasets
scottg Q0 uk21 16 5 results_for_datasets
scottg Q0 uk22 17 4 results_for_datasets
scottg Q0 uk23 18 3 results_for_datasets
scottg Q0 uk24 19 2 results_for_datasets
scottg Q0 uk25 20 1 results_for_datasets
shi Q0 uk5 1 20 results_for_datasets
shi Q0 k0 2 19 results_for_datasets
shi Q0 uk6 3 18 results_for_datasets
shi Q0 uk7 4 17 results_for_datasets
shi Q0 uk8 5 16 results_for_datasets
shi Q0 uk9 6 15 results_for_datasets
shi Q0 uk10 7 14 results_for_datasets
shi Q0 uk11 8 13 results_for_datasets
shi Q0 uk12 9 12 results_for_datasets
shi Q0 uk13 10 11 results_for_datasets
shi Q0 uk14 11 10 results_for_datasets
shi Q0 uk15 12 9 results_for_datasets
shi Q0 uk16 13 8 results_for_datasets
shi Q0 uk17 14 7 results_for_datasets
shi Q0 uk18 15 6 results_for_datasets
shi Q0 uk19 16 5 results_for_datasets
shi Q0 uk20 17 4 results_for_datasets
shi Q0 uk21 18 3 results_for_datasets
shi Q0 uk22 19 2 results_for_datasets
shi Q0 uk23 20 1 results_for_datasets
shneider Q0 uk8 1 20 results_for_datasets
shneider Q0 uk9 2 19 results_for_datasets
shneider Q0 k0 3 18 results_for_datasets
shneider Q0 uk10 4 17 results_for_datasets
shneider Q0 uk11 5 16 results_for_datasets
shneider Q0 uk12 6 15 results_for_datasets
shneider Q0 uk13 7 14 results_for_datasets
shneider Q0 uk14 8 13 results_for_datasets
shneider Q0 uk15 9 12 results_for_datasets
shneider Q0 uk16 10 11 results_for_datasets
shneider Q0 uk17 11 10 results_for_datasets
shneider Q0 uk18 12 9 results_for_datasets
shneider Q0 k2 13 8 results_for_datasets
shneider Q0 uk19 14 7 results_for_datasets
shneider Q0 uk20 15 6 results_for_datasets
shneider Q0 uk21 16 5 results_for_datasets
shneider Q0 uk22 17 4 results_for_datasets
shneider Q0 uk23 18 3 results_for_datasets
shneider Q0 uk24 19 2 results_for_datasets
shneider Q0 uk25 20 1 results_for_datasets
sophie Q0 uk9 1 20 results_for_datasets
sophie Q0 uk10 2 19 results_for_datasets
sophie Q0 uk11 3 18 results_for_datasets
sophie Q0 uk12 4 17 results_for_datasets
sophie Q0 uk13 5 16 results_for_datasets
sophie Q0 uk14 6 15 results_for_datasets
sophie Q0 uk15 7 14 results_for_datasets
sophie Q0 uk16 8 13 results_for_datasets
sophie Q0 uk17 9 12 results_for_datasets
sophie Q0 uk18 10 11 results_for_datasets
sophie Q0 uk19 11 10 results_for_datasets
sophie Q0 uk20 12 9 results_for_datasets
sophie Q0 uk21 13 8 results_for_datasets
sophie Q0 uk22 14 7 results_for_datasets
sophie Q0 uk23 15 6 results_for_datasets
sophie Q0 uk24 16 5 results_for_datasets
sophie Q0 uk25 17 4 results_for_datasets
sophie Q0 uk26 18 3 results_for_datasets
sophie Q0 uk27 19 2 results_for_datasets
sophie Q0 uk28 20 1 results_for_datasets
stolte Q0 uk8 1 20 results_for_datasets
stolte Q0 uk9 2 19 results_for_datasets
stolte Q0 uk10 3 18 results_for_datasets
stolte Q0 uk11 4 17 results_for_datasets
stolte Q0 uk12 5 16 results_for_datasets
stolte Q0 uk13 6 15 results_for_datasets
stolte Q0 uk14 7 14 results_for_datasets
stolte Q0 k4 8 13 results_for_datasets
stolte Q0 uk15 9 12 results_for_datasets
stolte Q0 uk16 10 11 results_for_datasets
stolte Q0 uk17 11 10 results_for_datasets
stolte Q0 uk18 12 9 results_for_datasets
stolte Q0 uk19 13 8 results_for_datasets
stolte Q0 uk20 14 7 results_for_datasets
stolte Q0 uk21 15 6 results_for_datasets
stolte Q0 uk22 16 5 results_for_datasets
stolte Q0 uk23 17 4 results_for_datasets
stolte Q0 uk24 18 3 results_for_datasets
stolte Q0 uk25 19 2 results_for_datasets
stolte Q0 uk26 20 1 results_for_datasets
sun Q0 uk4 1 20 results_for_datasets
sun Q0 uk5 2 19 results_for_datasets
sun Q0 uk6 3 18 results_for_datasets
sun Q0 uk7 4 17 results_for_datasets
sun Q0 k0 5 16 results_for_datasets
sun Q0 uk8 6 15 results_for_datasets
sun Q0 uk9 7 14 results_for_datasets
sun Q0 uk10 8 13 results_for_datasets
sun Q0 uk11 9 12 results_for_datasets
sun Q0 uk12 10 11 results_for_datasets
sun Q0 uk13 11 10 results_for_datasets
sun Q0 uk14 12 9 results_for_datasets
sun Q0 uk15 13 8 results_for_datasets
sun Q0 uk16 14 7 results_for_datasets
sun Q0 uk17 15 6 results_for_datasets
sun Q0 uk18 16 5 results_for_datasets
sun Q0 uk19 17 4 results_for_datasets
sun Q0 uk20 18 3 results_for_datasets
sun Q0 uk21 19 2 results_for_datasets
sun Q0 uk22 20 1 results_for_datasets
sutherland Q0 uk6 1 20 results_for_datasets
sutherland Q0 uk7 2 19 results_for_datasets
sutherland Q0 uk8 3 18 results_for_datasets
sutherland Q0 uk9 4 17 results_for_datasets
sutherland Q0 uk10 5 16 results_for_datasets
sutherland Q0 uk11 6 15 results_for_datasets
sutherland Q0 uk12 7 14 results_for_datasets
sutherland Q0 uk13 8 13 results_for_datasets
sutherland Q0 uk14 9 12 results_for_datasets
sutherland Q0 uk15 10 11 results_for_datasets
sutherland Q0 uk16 11 10 results_for_datasets
sutherland Q0 uk17 12 9 results_for_datasets
sutherland Q0 uk18 13 8 results_for_datasets
sutherland Q0 uk19 14 7 results_for_datasets
sutherland Q0 uk20 15 6 results_for_datasets
sutherland Q0 uk21 16 5 results_for_datasets
sutherland Q0 uk22 17 4 results_for_datasets
sutherland Q0 uk23 18 3 results_for_datasets
sutherland Q0 uk24 19 2 results_for_datasets
sutherland Q0 uk25 20 1 results_for_datasets
tamar Q0 uk5 1 20 results_for_datasets
tamar Q0 uk6 2 19 results_for_datasets
tamar Q0 uk7 3 18 results_for_datasets
tamar Q0 uk8 4 17 results_for_datasets
tamar Q0 uk9 5 16 results_for_datasets
tamar Q0 uk10 6 15 results_for_datasets
tamar Q0 uk11 7 14 results_for_datasets
tamar Q0 uk12 8 13 results_for_datasets
tamar Q0 uk13 9 12 results_for_datasets
tamar Q0 uk14 10 11 results_for_datasets
tamar Q0 uk15 11 10 results_for_datasets
tamar Q0 uk16 12 9 results_for_datasets
tamar Q0 uk17 13 8 results_for_datasets
tamar Q0 uk18 14 7 results_for_datasets
tamar Q0 uk19 15 6 results_for_datasets
tamar Q0 uk20 16 5 results_for_datasets
tamar Q0 uk21 17 4 results_for_datasets
tamar Q0 uk22 18 3 results_for_datasets
tamar Q0 uk23 19 2 results_for_datasets
tamar Q0 uk24 20 1 results_for_datasets
tery Q0 uk6 1 20 results_for_datasets
tery Q0 uk7 2 19 results_for_datasets
tery Q0 k3 3 18 results_for_datasets
tery Q0 uk8 4 17 results_for_datasets
tery Q0 uk9 5 16 results_for_datasets
tery Q0 uk10 6 15 results_for_datasets
tery Q0 uk11 7 14 results_for_datasets
tery Q0 uk12 8 13 results_for_datasets
tery Q0 uk13 9 12 results_for_datasets
tery Q0 uk14 10 11 results_for_datasets
tery Q0 uk15 11 10 results_for_datasets
tery Q0 k1 12 9 results_for_datasets
tery Q0 uk16 13 8 results_for_datasets
tery Q0 uk17 14 7 results_for_datasets
tery Q0 uk18 15 6 results_for_datasets
tery Q0 uk19 16 5 results_for_datasets
tery Q0 uk20 17 4 results_for_datasets
tery Q0 uk21 18 3 results_for_datasets
tery Q0 uk22 19 2 results_for_datasets
tery Q0 uk23 20 1 results_for_datasets
vivi Q0 uk4 1 20 results_for_datasets
vivi Q0 uk5 2 19 results_for_datasets
vivi Q0 uk6 3 18 results_for_datasets
vivi Q0 uk7 4 17 results_for_datasets
vivi Q0 uk8 5 16 results_for_datasets
vivi Q0 uk9 6 15 results_for_datasets
vivi Q0 uk10 7 14 results_for_datasets
vivi Q0 uk11 8 13 results_for_datasets
vivi Q0 uk12 9 12 results_for_datasets
vivi Q0 uk13 10 11 results_for_datasets
vivi Q0 uk14 11 10 results_for_datasets
vivi Q0 uk15 12 9 results_for_datasets
vivi Q0 uk16 13 8 results_for_datasets
vivi Q0 uk17 14 7 results_for_datasets
vivi Q0 uk18 15 6 results_for_datasets
vivi Q0 uk19 16 5 results_for_datasets
vivi Q0 uk20 17 4 results_for_datasets
vivi Q0 uk21 18 3 results_for_datasets
vivi Q0 uk22 19 2 results_for_datasets
vivi Q0 uk23 20 1 results_for_datasets
watkins Q0 uk8 1 20 results_for_datasets
watkins Q0 uk9 2 19 results_for_datasets
watkins Q0 k6 3 18 results_for_datasets
watkins Q0 uk10 4 17 results_for_datasets
watkins Q0 k0 5 16 results_for_datasets
watkins Q0 uk11 6 15 results_for_datasets
watkins Q0 uk12 7 14 results_for_datasets
watkins Q0 k5 8 13 results_for_datasets
watkins Q0 uk13 9 12 results_for_datasets
watkins Q0 uk14 10 11 results_for_datasets
watkins Q0 uk15 11 10 results_for_datasets
watkins Q0 uk16 12 9 results_for_datasets
watkins Q0 uk17 13 8 results_for_datasets
watkins Q0 uk18 14 7 results_for_datasets
watkins Q0 uk19 15 6 results_for_datasets
watkins Q0 uk20 16 5 results_for_datasets
watkins Q0 uk21 17 4 results_for_datasets
watkins Q0 uk22 18 3 results_for_datasets
watkins Q0 uk23 19 2 results_for_datasets
watkins Q0 uk24 20 1 results_for_datasets
wiata Q0 k4 1 20 results_for_datasets
wiata Q0 uk13 2 19 results_for_datasets
wiata Q0 uk14 3 18 results_for_datasets
wiata Q0 uk15 4 17 results_for_datasets
wiata Q0 uk16 5 16 results_for_datasets
wiata Q0 uk17 6 15 results_for_datasets
wiata Q0 uk18 7 14 results_for_datasets
wiata Q0 uk19 8 13 results_for_datasets
wiata Q0 uk20 9 12 results_for_datasets
wiata Q0 uk21 10 11 results_for_datasets
wiata Q0 uk22 11 10 results_for_datasets
wiata Q0 uk23 12 9 results_for_datasets
wiata Q0 uk24 13 8 results_for_datasets
wiata Q0 uk25 14 7 results_for_datasets
wiata Q0 uk26 15 6 results_for_datasets
wiata Q0 uk27 16 5 results_for_datasets
wiata Q0 uk28 17 4 results_for_datasets
wiata Q0 uk29 18 3 results_for_datasets
wiata Q0 uk30 19 2 results_for_datasets
wiata Q0 uk31 20 1 results_for_datasets
wright Q0 uk9 1 20 results_for_datasets
wright Q0 uk10 2 19 results_for_datasets
wright Q0 uk11 3 18 results_for_datasets
wright Q0 uk12 4 17 results_for_datasets
wright Q0 uk13 5 16 results_for_datasets
wright Q0 uk14 6 15 results_for_datasets
wright Q0 uk15 7 14 results_for_datasets
wright Q0 uk16 8 13 results_for_datasets
wright Q0 uk17 9 12 results_for_datasets
wright Q0 uk18 10 11 results_for_datasets
wright Q0 uk19 11 10 results_for_datasets
wright Q0 uk20 12 9 results_for_datasets
wright Q0 uk21 13 8 results_for_datasets
wright Q0 uk22 14 7 results_for_datasets
wright Q0 uk23 15 6 results_for_datasets
wright Q0 uk24 16 5 results_for_datasets
wright Q0 uk25 17 4 results_for_datasets
wright Q0 uk26 18 3 results_for_datasets
wright Q0 uk27 19 2 results_for_datasets
wright Q0 uk28 20 1 results_for_datasets
xiao Q0 uk12 1 20 results_for_datasets
xiao Q0 uk13 2 19 results_for_datasets
xiao Q0 uk14 3 18 results_for_datasets
xiao Q0 uk15 4 17 results_for_datasets
xiao Q0 uk16 5 16 results_for_datasets
xiao Q0 uk17 6 15 results_for_datasets
xiao Q0 uk18 7 14 results_for_datasets
xiao Q0 uk19 8 13 results_for_datasets
xiao Q0 uk20 9 12 results_for_datasets
xiao Q0 uk21 10 11 results_for_datasets
xiao Q0 uk22 11 10 results_for_datasets
xiao Q0 uk23 12 9 results_for_datasets
xiao Q0 uk24 13 8 results_for_datasets
xiao Q0 uk25 14 7 results_for_datasets
xiao Q0 uk26 15 6 results_for_datasets
xiao Q0 uk27 16 5 results_for_datasets
xiao Q0 uk28 17 4 results_for_datasets
xiao Q0 uk29 18 3 results_for_datasets
xiao Q0 uk30 19 2 results_for_datasets
xiao Q0 uk31 20 1 results_for_datasets
xu Q0 uk5 1 20 results_for_datasets
xu Q0 uk6 2 19 results_for_datasets
xu Q0 uk7 3 18 results_for_datasets
xu Q0 uk8 4 17 results_for_datasets
xu Q0 uk9 5 16 results_for_datasets
xu Q0 uk10 6 15 results_for_datasets
xu Q0 uk11 7 14 results_for_datasets
xu Q0 uk12 8 13 results_for_datasets
xu Q0 uk13 9 12 results_for_datasets
xu Q0 uk14 10 11 results_for_datasets
xu Q0 uk15 11 10 results_for_datasets
xu Q0 uk16 12 9 results_for_datasets
xu Q0 uk17 13 8 results_for_datasets
xu Q0 uk18 14 7 results_for_datasets
xu Q0 uk19 15 6 results_for_datasets
xu Q0 uk20 16 5 results_for_datasets
xu Q0 uk21 17 4 results_for_datasets
xu Q0 uk22 18 3 results_for_datasets
xu Q0 uk23 19 2 results_for_datasets
xu Q0 uk24 20 1 results_for_datasets
yeates Q0 uk5 1 20 results_for_datasets
yeates Q0 uk6 2 19 results_for_datasets
yeates Q0 uk7 3 18 results_for_datasets
yeates Q0 uk8 4 17 results_for_datasets
yeates Q0 uk9 5 16 results_for_datasets
yeates Q0 uk10 6 15 results_for_datasets
yeates Q0 uk11 7 14 results_for_datasets
yeates Q0 uk12 8 13 results_for_datasets
yeates Q0 uk13 9 12 results_for_datasets
yeates Q0 uk14 10 11 results_for_datasets
yeates Q0 uk15 11 10 results_for_datasets
yeates Q0 uk16 12 9 results_for_datasets
yeates Q0 uk17 13 8 results_for_datasets
yeates Q0 uk18 14 7 results_for_datasets
yeates Q0 uk19 15 6 results_for_datasets
yeates Q0 uk20 16 5 results_for_datasets
yeates Q0 uk21 17 4 results_for_datasets
yeates Q0 uk22 18 3 results_for_datasets
yeates Q0 uk23 19 2 results_for_datasets
yeates Q0 uk24 20 1 results_for_datasets
yux Q0 uk9 1 20 results_for_datasets
yux Q0 uk10 2 19 results_for_datasets
yux Q0 uk11 3 18 results_for_datasets
yux Q0 uk12 4 17 results_for_datasets
yux Q0 uk13 5 16 results_for_datasets
yux Q0 uk14 6 15 results_for_datasets
yux Q0 uk15 7 14 results_for_datasets
yux Q0 uk16 8 13 results_for_datasets
yux Q0 uk17 9 12 results_for_datasets
yux Q0 uk18 10 11 results_for_datasets
yux Q0 uk19 11 10 results_for_datasets
yux Q0 uk20 12 9 results_for_datasets
yux Q0 uk21 13 8 results_for_datasets
yux Q0 uk22 14 7 results_for_datasets
yux Q0 uk23 15 6 results_for_datasets
yux Q0 uk24 16 5 results_for_datasets
yux Q0 uk25 17 4 results_for_datasets
yux Q0 uk26 18 3 results_for_datasets
yux Q0 uk27 19 2 results_for_datasets
yux Q0 uk28 20 1 results_for_datasets
zavier Q0 uk6 1 20 results_for_datasets
zavier Q0 uk7 2 19 results_for_datasets
zavier Q0 uk8 3 18 results_for_datasets
zavier Q0 uk9 4 17 results_for_datasets
zavier Q0 uk10 5 16 results_for_datasets
zavier Q0 uk11 6 15 results_for_datasets
zavier Q0 uk12 7 14 results_for_datasets
zavier Q0 uk13 8 13 results_for_datasets
zavier Q0 uk14 9 12 results_for_datasets
zavier Q0 uk15 10 11 results_for_datasets
zavier Q0 uk16 11 10 results_for_datasets
zavier Q0 uk17 12 9 results_for_datasets
zavier Q0 uk18 13 8 results_for_datasets
zavier Q0 uk19 14 7 results_for_datasets
zavier Q0 uk20 15 6 results_for_datasets
zavier Q0 uk21 16 5 results_for_datasets
zavier Q0 uk22 17 4 results_for_datasets
zavier Q0 uk23 18 3 results_for_datasets
zavier Q0 uk24 19 2 results_for_datasets
zavier Q0 uk25 20 1 results_for_datasets
