10894 Q0 uk24 1 20 results_for_datasets
10894 Q0 uk25 2 19 results_for_datasets
10894 Q0 uk26 3 18 results_for_datasets
10894 Q0 uk27 4 17 results_for_datasets
10894 Q0 k10 5 16 results_for_datasets
10894 Q0 uk28 6 15 results_for_datasets
10894 Q0 uk29 7 14 results_for_datasets
10894 Q0 uk30 8 13 results_for_datasets
10894 Q0 uk31 9 12 results_for_datasets
10894 Q0 k9 10 11 results_for_datasets
10894 Q0 uk32 11 10 results_for_datasets
10894 Q0 uk33 12 9 results_for_datasets
10894 Q0 k21 13 8 results_for_datasets
10894 Q0 uk34 14 7 results_for_datasets
10894 Q0 uk35 15 6 results_for_datasets
10894 Q0 k15 16 5 results_for_datasets
10894 Q0 uk36 17 4 results_for_datasets
10894 Q0 uk37 18 3 results_for_datasets
10894 Q0 uk38 19 2 results_for_datasets
10894 Q0 k7 20 1 results_for_datasets
12049 Q0 uk35 1 20 results_for_datasets
12049 Q0 uk36 2 19 results_for_datasets
12049 Q0 uk37 3 18 results_for_datasets
12049 Q0 uk38 4 17 results_for_datasets
12049 Q0 uk39 5 16 results_for_datasets
12049 Q0 uk40 6 15 results_for_datasets
12049 Q0 uk41 7 14 results_for_datasets
12049 Q0 uk42 8 13 results_for_datasets
12049 Q0 uk43 9 12 results_for_datasets
12049 Q0 uk44 10 11 results_for_datasets
12049 Q0 k33 11 10 results_for_datasets
12049 Q0 k28 12 9 results_for_datasets
12049 Q0 uk45 13 8 results_for_datasets
12049 Q0 uk46 14 7 results_for_datasets
12049 Q0 uk47 15 6 results_for_datasets
12049 Q0 uk48 16 5 results_for_datasets
12049 Q0 uk49 17 4 results_for_datasets
12049 Q0 uk50 18 3 results_for_datasets
12049 Q0 uk51 19 2 results_for_datasets
12049 Q0 uk52 20 1 results_for_datasets
13259 Q0 uk47 1 20 results_for_datasets
13259 Q0 uk48 2 19 results_for_datasets
13259 Q0 uk49 3 18 results_for_datasets
13259 Q0 uk50 4 17 results_for_datasets
13259 Q0 uk51 5 16 results_for_datasets
13259 Q0 uk52 6 15 results_for_datasets
13259 Q0 uk53 7 14 results_for_datasets
13259 Q0 uk54 8 13 results_for_datasets
13259 Q0 uk55 9 12 results_for_datasets
13259 Q0 uk56 10 11 results_for_datasets
13259 Q0 uk57 11 10 results_for_datasets
13259 Q0 uk58 12 9 results_for_datasets
13259 Q0 uk59 13 8 results_for_datasets
13259 Q0 uk60 14 7 results_for_datasets
13259 Q0 uk61 15 6 results_for_datasets
13259 Q0 uk62 16 5 results_for_datasets
13259 Q0 uk63 17 4 results_for_datasets
13259 Q0 uk64 18 3 results_for_datasets
13259 Q0 uk65 19 2 results_for_datasets
13259 Q0 uk66 20 1 results_for_datasets
16393 Q0 k4 1 20 results_for_datasets
16393 Q0 uk34 2 19 results_for_datasets
16393 Q0 uk35 3 18 results_for_datasets
16393 Q0 uk36 4 17 results_for_datasets
16393 Q0 uk37 5 16 results_for_datasets
16393 Q0 uk38 6 15 results_for_datasets
16393 Q0 uk39 7 14 results_for_datasets
16393 Q0 uk40 8 13 results_for_datasets
16393 Q0 uk41 9 12 results_for_datasets
16393 Q0 uk42 10 11 results_for_datasets
16393 Q0 uk43 11 10 results_for_datasets
16393 Q0 k25 12 9 results_for_datasets
16393 Q0 uk44 13 8 results_for_datasets
16393 Q0 uk45 14 7 results_for_datasets
16393 Q0 uk46 15 6 results_for_datasets
16393 Q0 uk47 16 5 results_for_datasets
16393 Q0 uk48 17 4 results_for_datasets
16393 Q0 uk49 18 3 results_for_datasets
16393 Q0 uk50 19 2 results_for_datasets
16393 Q0 k22 20 1 results_for_datasets
18209 Q0 k21 1 20 results_for_datasets
18209 Q0 k18 2 19 results_for_datasets
18209 Q0 k19 3 18 results_for_datasets
18209 Q0 uk43 4 17 results_for_datasets
18209 Q0 uk44 5 16 results_for_datasets
18209 Q0 uk45 6 15 results_for_datasets
18209 Q0 k9 7 14 results_for_datasets
18209 Q0 uk46 8 13 results_for_datasets
18209 Q0 uk47 9 12 results_for_datasets
18209 Q0 uk48 10 11 results_for_datasets
18209 Q0 uk49 11 10 results_for_datasets
18209 Q0 k17 12 9 results_for_datasets
18209 Q0 uk50 13 8 results_for_datasets
18209 Q0 uk51 14 7 results_for_datasets
18209 Q0 uk52 15 6 results_for_datasets
18209 Q0 uk53 16 5 results_for_datasets
18209 Q0 uk54 17 4 results_for_datasets
18209 Q0 k24 18 3 results_for_datasets
18209 Q0 uk55 19 2 results_for_datasets
18209 Q0 k7 20 1 results_for_datasets
19970 Q0 uk36 1 20 results_for_datasets
19970 Q0 uk37 2 19 results_for_datasets
19970 Q0 k0 3 18 results_for_datasets
19970 Q0 k31 4 17 results_for_datasets
19970 Q0 k32 5 16 results_for_datasets
19970 Q0 uk38 6 15 results_for_datasets
19970 Q0 uk39 7 14 results_for_datasets
19970 Q0 uk40 8 13 results_for_datasets
19970 Q0 uk41 9 12 results_for_datasets
19970 Q0 uk42 10 11 results_for_datasets
19970 Q0 uk43 11 10 results_for_datasets
19970 Q0 uk44 12 9 results_for_datasets
19970 Q0 uk45 13 8 results_for_datasets
19970 Q0 uk46 14 7 results_for_datasets
19970 Q0 uk47 15 6 results_for_datasets
19970 Q0 uk48 16 5 results_for_datasets
19970 Q0 uk49 17 4 results_for_datasets
19970 Q0 uk50 18 3 results_for_datasets
19970 Q0 uk51 19 2 results_for_datasets
19970 Q0 uk52 20 1 results_for_datasets
20782 Q0 uk35 1 20 results_for_datasets
20782 Q0 uk36 2 19 results_for_datasets
20782 Q0 uk37 3 18 results_for_datasets
20782 Q0 uk38 4 17 results_for_datasets
20782 Q0 uk39 5 16 results_for_datasets
20782 Q0 uk40 6 15 results_for_datasets
20782 Q0 uk41 7 14 results_for_datasets
20782 Q0 uk42 8 13 results_for_datasets
20782 Q0 uk43 9 12 results_for_datasets
20782 Q0 uk44 10 11 results_for_datasets
20782 Q0 uk45 11 10 results_for_datasets
20782 Q0 uk46 12 9 results_for_datasets
20782 Q0 uk47 13 8 results_for_datasets
20782 Q0 uk48 14 7 results_for_datasets
20782 Q0 uk49 15 6 results_for_datasets
20782 Q0 uk50 16 5 results_for_datasets
20782 Q0 uk51 17 4 results_for_datasets
20782 Q0 uk52 18 3 results_for_datasets
20782 Q0 uk53 19 2 results_for_datasets
20782 Q0 uk54 20 1 results_for_datasets
23267 Q0 uk37 1 20 results_for_datasets
23267 Q0 uk38 2 19 results_for_datasets
23267 Q0 uk39 3 18 results_for_datasets
23267 Q0 k6 4 17 results_for_datasets
23267 Q0 uk40 5 16 results_for_datasets
23267 Q0 uk41 6 15 results_for_datasets
23267 Q0 uk42 7 14 results_for_datasets
23267 Q0 uk43 8 13 results_for_datasets
23267 Q0 uk44 9 12 results_for_datasets
23267 Q0 uk45 10 11 results_for_datasets
23267 Q0 uk46 11 10 results_for_datasets
23267 Q0 uk47 12 9 results_for_datasets
23267 Q0 uk48 13 8 results_for_datasets
23267 Q0 uk49 14 7 results_for_datasets
23267 Q0 uk50 15 6 results_for_datasets
23267 Q0 k33 16 5 results_for_datasets
23267 Q0 k15 17 4 results_for_datasets
23267 Q0 uk51 18 3 results_for_datasets
23267 Q0 uk52 19 2 results_for_datasets
23267 Q0 uk53 20 1 results_for_datasets
23507 Q0 uk40 1 20 results_for_datasets
23507 Q0 uk41 2 19 results_for_datasets
23507 Q0 k13 3 18 results_for_datasets
23507 Q0 uk42 4 17 results_for_datasets
23507 Q0 uk43 5 16 results_for_datasets
23507 Q0 uk44 6 15 results_for_datasets
23507 Q0 uk45 7 14 results_for_datasets
23507 Q0 k38 8 13 results_for_datasets
23507 Q0 k4 9 12 results_for_datasets
23507 Q0 k26 10 11 results_for_datasets
23507 Q0 uk46 11 10 results_for_datasets
23507 Q0 uk47 12 9 results_for_datasets
23507 Q0 k28 13 8 results_for_datasets
23507 Q0 uk48 14 7 results_for_datasets
23507 Q0 uk49 15 6 results_for_datasets
23507 Q0 uk50 16 5 results_for_datasets
23507 Q0 k36 17 4 results_for_datasets
23507 Q0 uk51 18 3 results_for_datasets
23507 Q0 uk52 19 2 results_for_datasets
23507 Q0 uk53 20 1 results_for_datasets
23596 Q0 uk38 1 20 results_for_datasets
23596 Q0 k4 2 19 results_for_datasets
23596 Q0 uk39 3 18 results_for_datasets
23596 Q0 uk40 4 17 results_for_datasets
23596 Q0 uk41 5 16 results_for_datasets
23596 Q0 uk42 6 15 results_for_datasets
23596 Q0 uk43 7 14 results_for_datasets
23596 Q0 uk44 8 13 results_for_datasets
23596 Q0 k34 9 12 results_for_datasets
23596 Q0 uk45 10 11 results_for_datasets
23596 Q0 uk46 11 10 results_for_datasets
23596 Q0 uk47 12 9 results_for_datasets
23596 Q0 k13 13 8 results_for_datasets
23596 Q0 uk48 14 7 results_for_datasets
23596 Q0 uk49 15 6 results_for_datasets
23596 Q0 uk50 16 5 results_for_datasets
23596 Q0 uk51 17 4 results_for_datasets
23596 Q0 uk52 18 3 results_for_datasets
23596 Q0 uk53 19 2 results_for_datasets
23596 Q0 uk54 20 1 results_for_datasets
25473 Q0 uk42 1 20 results_for_datasets
25473 Q0 uk43 2 19 results_for_datasets
25473 Q0 k32 3 18 results_for_datasets
25473 Q0 uk44 4 17 results_for_datasets
25473 Q0 uk45 5 16 results_for_datasets
25473 Q0 uk46 6 15 results_for_datasets
25473 Q0 k1 7 14 results_for_datasets
25473 Q0 uk47 8 13 results_for_datasets
25473 Q0 uk48 9 12 results_for_datasets
25473 Q0 uk49 10 11 results_for_datasets
25473 Q0 uk50 11 10 results_for_datasets
25473 Q0 uk51 12 9 results_for_datasets
25473 Q0 uk52 13 8 results_for_datasets
25473 Q0 k5 14 7 results_for_datasets
25473 Q0 uk53 15 6 results_for_datasets
25473 Q0 uk54 16 5 results_for_datasets
25473 Q0 uk55 17 4 results_for_datasets
25473 Q0 k11 18 3 results_for_datasets
25473 Q0 uk56 19 2 results_for_datasets
25473 Q0 uk57 20 1 results_for_datasets
287 Q0 uk30 1 20 results_for_datasets
287 Q0 uk31 2 19 results_for_datasets
287 Q0 uk32 3 18 results_for_datasets
287 Q0 uk33 4 17 results_for_datasets
287 Q0 uk34 5 16 results_for_datasets
287 Q0 uk35 6 15 results_for_datasets
287 Q0 k23 7 14 results_for_datasets
287 Q0 uk36 8 13 results_for_datasets
287 Q0 uk37 9 12 results_for_datasets
287 Q0 uk38 10 11 results_for_datasets
287 Q0 uk39 11 10 results_for_datasets
287 Q0 uk40 12 9 results_for_datasets
287 Q0 k21 13 8 results_for_datasets
287 Q0 uk41 14 7 results_for_datasets
287 Q0 uk42 15 6 results_for_datasets
287 Q0 k11 16 5 results_for_datasets
287 Q0 uk43 17 4 results_for_datasets
287 Q0 uk44 18 3 results_for_datasets
287 Q0 uk45 19 2 results_for_datasets
287 Q0 k12 20 1 results_for_datasets
37632 Q0 uk42 1 20 results_for_datasets
37632 Q0 uk43 2 19 results_for_datasets
37632 Q0 uk44 3 18 results_for_datasets
37632 Q0 k30 4 17 results_for_datasets
37632 Q0 uk45 5 16 results_for_datasets
37632 Q0 uk46 6 15 results_for_datasets
37632 Q0 k38 7 14 results_for_datasets
37632 Q0 uk47 8 13 results_for_datasets
37632 Q0 uk48 9 12 results_for_datasets
37632 Q0 uk49 10 11 results_for_datasets
37632 Q0 k20 11 10 results_for_datasets
37632 Q0 uk50 12 9 results_for_datasets
37632 Q0 uk51 13 8 results_for_datasets
37632 Q0 k23 14 7 results_for_datasets
37632 Q0 k8 15 6 results_for_datasets
37632 Q0 uk52 16 5 results_for_datasets
37632 Q0 uk53 17 4 results_for_datasets
37632 Q0 uk54 18 3 results_for_datasets
37632 Q0 uk55 19 2 results_for_datasets
37632 Q0 uk56 20 1 results_for_datasets
39172 Q0 uk32 1 20 results_for_datasets
39172 Q0 uk33 2 19 results_for_datasets
39172 Q0 k9 3 18 results_for_datasets
39172 Q0 uk34 4 17 results_for_datasets
39172 Q0 uk35 5 16 results_for_datasets
39172 Q0 uk36 6 15 results_for_datasets
39172 Q0 uk37 7 14 results_for_datasets
39172 Q0 k29 8 13 results_for_datasets
39172 Q0 uk38 9 12 results_for_datasets
39172 Q0 k7 10 11 results_for_datasets
39172 Q0 uk39 11 10 results_for_datasets
39172 Q0 uk40 12 9 results_for_datasets
39172 Q0 uk41 13 8 results_for_datasets
39172 Q0 uk42 14 7 results_for_datasets
39172 Q0 uk43 15 6 results_for_datasets
39172 Q0 uk44 16 5 results_for_datasets
39172 Q0 k1 17 4 results_for_datasets
39172 Q0 uk45 18 3 results_for_datasets
39172 Q0 uk46 19 2 results_for_datasets
39172 Q0 uk47 20 1 results_for_datasets
39955 Q0 uk36 1 20 results_for_datasets
39955 Q0 uk37 2 19 results_for_datasets
39955 Q0 uk38 3 18 results_for_datasets
39955 Q0 k12 4 17 results_for_datasets
39955 Q0 k14 5 16 results_for_datasets
39955 Q0 uk39 6 15 results_for_datasets
39955 Q0 uk40 7 14 results_for_datasets
39955 Q0 k30 8 13 results_for_datasets
39955 Q0 uk41 9 12 results_for_datasets
39955 Q0 uk42 10 11 results_for_datasets
39955 Q0 uk43 11 10 results_for_datasets
39955 Q0 uk44 12 9 results_for_datasets
39955 Q0 uk45 13 8 results_for_datasets
39955 Q0 uk46 14 7 results_for_datasets
39955 Q0 uk47 15 6 results_for_datasets
39955 Q0 uk48 16 5 results_for_datasets
39955 Q0 uk49 17 4 results_for_datasets
39955 Q0 k29 18 3 results_for_datasets
39955 Q0 uk50 19 2 results_for_datasets
39955 Q0 uk51 20 1 results_for_datasets
40879 Q0 uk33 1 20 results_for_datasets
40879 Q0 uk34 2 19 results_for_datasets
40879 Q0 uk35 3 18 results_for_datasets
40879 Q0 uk36 4 17 results_for_datasets
40879 Q0 uk37 5 16 results_for_datasets
40879 Q0 k31 6 15 results_for_datasets
40879 Q0 k0 7 14 results_for_datasets
40879 Q0 uk38 8 13 results_for_datasets
40879 Q0 uk39 9 12 results_for_datasets
40879 Q0 uk40 10 11 results_for_datasets
40879 Q0 uk41 11 10 results_for_datasets
40879 Q0 uk42 12 9 results_for_datasets
40879 Q0 uk43 13 8 results_for_datasets
40879 Q0 uk44 14 7 results_for_datasets
40879 Q0 uk45 15 6 results_for_datasets
40879 Q0 uk46 16 5 results_for_datasets
40879 Q0 uk47 17 4 results_for_datasets
40879 Q0 uk48 18 3 results_for_datasets
40879 Q0 k11 19 2 results_for_datasets
40879 Q0 uk49 20 1 results_for_datasets
43032 Q0 uk35 1 20 results_for_datasets
43032 Q0 uk36 2 19 results_for_datasets
43032 Q0 k32 3 18 results_for_datasets
43032 Q0 uk37 4 17 results_for_datasets
43032 Q0 uk38 5 16 results_for_datasets
43032 Q0 uk39 6 15 results_for_datasets
43032 Q0 uk40 7 14 results_for_datasets
43032 Q0 uk41 8 13 results_for_datasets
43032 Q0 uk42 9 12 results_for_datasets
43032 Q0 uk43 10 11 results_for_datasets
43032 Q0 uk44 11 10 results_for_datasets
43032 Q0 uk45 12 9 results_for_datasets
43032 Q0 uk46 13 8 results_for_datasets
43032 Q0 uk47 14 7 results_for_datasets
43032 Q0 uk48 15 6 results_for_datasets
43032 Q0 uk49 16 5 results_for_datasets
43032 Q0 k17 17 4 results_for_datasets
43032 Q0 uk50 18 3 results_for_datasets
43032 Q0 uk51 19 2 results_for_datasets
43032 Q0 uk52 20 1 results_for_datasets
7183 Q0 k2 1 20 results_for_datasets
7183 Q0 uk25 2 19 results_for_datasets
7183 Q0 uk26 3 18 results_for_datasets
7183 Q0 uk27 4 17 results_for_datasets
7183 Q0 uk28 5 16 results_for_datasets
7183 Q0 uk29 6 15 results_for_datasets
7183 Q0 uk30 7 14 results_for_datasets
7183 Q0 uk31 8 13 results_for_datasets
7183 Q0 uk32 9 12 results_for_datasets
7183 Q0 uk33 10 11 results_for_datasets
7183 Q0 uk34 11 10 results_for_datasets
7183 Q0 uk35 12 9 results_for_datasets
7183 Q0 k23 13 8 results_for_datasets
7183 Q0 uk36 14 7 results_for_datasets
7183 Q0 uk37 15 6 results_for_datasets
7183 Q0 uk38 16 5 results_for_datasets
7183 Q0 uk39 17 4 results_for_datasets
7183 Q0 uk40 18 3 results_for_datasets
7183 Q0 uk41 19 2 results_for_datasets
7183 Q0 uk42 20 1 results_for_datasets
7502 Q0 k38 1 20 results_for_datasets
7502 Q0 k22 2 19 results_for_datasets
7502 Q0 k10 3 18 results_for_datasets
7502 Q0 uk47 4 17 results_for_datasets
7502 Q0 k18 5 16 results_for_datasets
7502 Q0 uk48 6 15 results_for_datasets
7502 Q0 uk49 7 14 results_for_datasets
7502 Q0 uk50 8 13 results_for_datasets
7502 Q0 uk51 9 12 results_for_datasets
7502 Q0 uk52 10 11 results_for_datasets
7502 Q0 uk53 11 10 results_for_datasets
7502 Q0 uk54 12 9 results_for_datasets
7502 Q0 uk55 13 8 results_for_datasets
7502 Q0 uk56 14 7 results_for_datasets
7502 Q0 uk57 15 6 results_for_datasets
7502 Q0 uk58 16 5 results_for_datasets
7502 Q0 uk59 17 4 results_for_datasets
7502 Q0 uk60 18 3 results_for_datasets
7502 Q0 uk61 19 2 results_for_datasets
7502 Q0 uk62 20 1 results_for_datasets
9307 Q0 uk39 1 20 results_for_datasets
9307 Q0 uk40 2 19 results_for_datasets
9307 Q0 uk41 3 18 results_for_datasets
9307 Q0 uk42 4 17 results_for_datasets
9307 Q0 uk43 5 16 results_for_datasets
9307 Q0 uk44 6 15 results_for_datasets
9307 Q0 uk45 7 14 results_for_datasets
9307 Q0 uk46 8 13 results_for_datasets
9307 Q0 uk47 9 12 results_for_datasets
9307 Q0 uk48 10 11 results_for_datasets
9307 Q0 uk49 11 10 results_for_datasets
9307 Q0 uk50 12 9 results_for_datasets
9307 Q0 uk51 13 8 results_for_datasets
9307 Q0 uk52 14 7 results_for_datasets
9307 Q0 k28 15 6 results_for_datasets
9307 Q0 uk53 16 5 results_for_datasets
9307 Q0 uk54 17 4 results_for_datasets
9307 Q0 uk55 18 3 results_for_datasets
9307 Q0 uk56 19 2 results_for_datasets
9307 Q0 uk57 20 1 results_for_datasets
