43971 Q0 uk11 1 20 results_for_datasets
43971 Q0 uk12 2 19 results_for_datasets
43971 Q0 uk13 3 18 results_for_datasets
43971 Q0 uk14 4 17 results_for_datasets
43971 Q0 uk15 5 16 results_for_datasets
43971 Q0 uk16 6 15 results_for_datasets
43971 Q0 uk17 7 14 results_for_datasets
43971 Q0 k9 8 13 results_for_datasets
43971 Q0 uk18 9 12 results_for_datasets
43971 Q0 uk19 10 11 results_for_datasets
43971 Q0 uk20 11 10 results_for_datasets
43971 Q0 k4 12 9 results_for_datasets
43971 Q0 uk21 13 8 results_for_datasets
43971 Q0 uk22 14 7 results_for_datasets
43971 Q0 uk23 15 6 results_for_datasets
43971 Q0 uk24 16 5 results_for_datasets
43971 Q0 uk25 17 4 results_for_datasets
43971 Q0 uk26 18 3 results_for_datasets
43971 Q0 uk27 19 2 results_for_datasets
43971 Q0 uk28 20 1 results_for_datasets
44046 Q0 uk9 1 20 results_for_datasets
44046 Q0 uk10 2 19 results_for_datasets
44046 Q0 uk11 3 18 results_for_datasets
44046 Q0 uk12 4 17 results_for_datasets
44046 Q0 uk13 5 16 results_for_datasets
44046 Q0 uk14 6 15 results_for_datasets
44046 Q0 uk15 7 14 results_for_datasets
44046 Q0 k1 8 13 results_for_datasets
44046 Q0 uk16 9 12 results_for_datasets
44046 Q0 uk17 10 11 results_for_datasets
44046 Q0 uk18 11 10 results_for_datasets
44046 Q0 k2 12 9 results_for_datasets
44046 Q0 uk19 13 8 results_for_datasets
44046 Q0 uk20 14 7 results_for_datasets
44046 Q0 uk21 15 6 results_for_datasets
44046 Q0 uk22 16 5 results_for_datasets
44046 Q0 uk23 17 4 results_for_datasets
44046 Q0 uk24 18 3 results_for_datasets
44046 Q0 uk25 19 2 results_for_datasets
44046 Q0 uk26 20 1 results_for_datasets
44145 Q0 uk9 1 20 results_for_datasets
44145 Q0 uk10 2 19 results_for_datasets
44145 Q0 uk11 3 18 results_for_datasets
44145 Q0 uk12 4 17 results_for_datasets
44145 Q0 uk13 5 16 results_for_datasets
44145 Q0 uk14 6 15 results_for_datasets
44145 Q0 k0 7 14 results_for_datasets
44145 Q0 uk15 8 13 results_for_datasets
44145 Q0 uk16 9 12 results_for_datasets
44145 Q0 uk17 10 11 results_for_datasets
44145 Q0 uk18 11 10 results_for_datasets
44145 Q0 k7 12 9 results_for_datasets
44145 Q0 uk19 13 8 results_for_datasets
44145 Q0 k4 14 7 results_for_datasets
44145 Q0 k5 15 6 results_for_datasets
44145 Q0 uk20 16 5 results_for_datasets
44145 Q0 uk21 17 4 results_for_datasets
44145 Q0 uk22 18 3 results_for_datasets
44145 Q0 uk23 19 2 results_for_datasets
44145 Q0 k2 20 1 results_for_datasets
44231 Q0 uk12 1 20 results_for_datasets
44231 Q0 k2 2 19 results_for_datasets
44231 Q0 uk13 3 18 results_for_datasets
44231 Q0 uk14 4 17 results_for_datasets
44231 Q0 uk15 5 16 results_for_datasets
44231 Q0 uk16 6 15 results_for_datasets
44231 Q0 uk17 7 14 results_for_datasets
44231 Q0 uk18 8 13 results_for_datasets
44231 Q0 uk19 9 12 results_for_datasets
44231 Q0 uk20 10 11 results_for_datasets
44231 Q0 uk21 11 10 results_for_datasets
44231 Q0 uk22 12 9 results_for_datasets
44231 Q0 uk23 13 8 results_for_datasets
44231 Q0 uk24 14 7 results_for_datasets
44231 Q0 uk25 15 6 results_for_datasets
44231 Q0 uk26 16 5 results_for_datasets
44231 Q0 k5 17 4 results_for_datasets
44231 Q0 uk27 18 3 results_for_datasets
44231 Q0 uk28 19 2 results_for_datasets
44231 Q0 uk29 20 1 results_for_datasets
44269 Q0 uk12 1 20 results_for_datasets
44269 Q0 uk13 2 19 results_for_datasets
44269 Q0 uk14 3 18 results_for_datasets
44269 Q0 uk15 4 17 results_for_datasets
44269 Q0 k2 5 16 results_for_datasets
44269 Q0 uk16 6 15 results_for_datasets
44269 Q0 uk17 7 14 results_for_datasets
44269 Q0 k6 8 13 results_for_datasets
44269 Q0 uk18 9 12 results_for_datasets
44269 Q0 k0 10 11 results_for_datasets
44269 Q0 uk19 11 10 results_for_datasets
44269 Q0 uk20 12 9 results_for_datasets
44269 Q0 uk21 13 8 results_for_datasets
44269 Q0 uk22 14 7 results_for_datasets
44269 Q0 uk23 15 6 results_for_datasets
44269 Q0 uk24 16 5 results_for_datasets
44269 Q0 uk25 17 4 results_for_datasets
44269 Q0 uk26 18 3 results_for_datasets
44269 Q0 uk27 19 2 results_for_datasets
44269 Q0 uk28 20 1 results_for_datasets
44290 Q0 uk12 1 20 results_for_datasets
44290 Q0 uk13 2 19 results_for_datasets
44290 Q0 uk14 3 18 results_for_datasets
44290 Q0 k6 4 17 results_for_datasets
44290 Q0 k5 5 16 results_for_datasets
44290 Q0 k8 6 15 results_for_datasets
44290 Q0 uk15 7 14 results_for_datasets
44290 Q0 uk16 8 13 results_for_datasets
44290 Q0 uk17 9 12 results_for_datasets
44290 Q0 uk18 10 11 results_for_datasets
44290 Q0 uk19 11 10 results_for_datasets
44290 Q0 uk20 12 9 results_for_datasets
44290 Q0 uk21 13 8 results_for_datasets
44290 Q0 uk22 14 7 results_for_datasets
44290 Q0 uk23 15 6 results_for_datasets
44290 Q0 uk24 16 5 results_for_datasets
44290 Q0 uk25 17 4 results_for_datasets
44290 Q0 uk26 18 3 results_for_datasets
44290 Q0 uk27 19 2 results_for_datasets
44290 Q0 uk28 20 1 results_for_datasets
44292 Q0 k8 1 20 results_for_datasets
44292 Q0 k5 2 19 results_for_datasets
44292 Q0 k6 3 18 results_for_datasets
44292 Q0 k7 4 17 results_for_datasets
44292 Q0 uk10 5 16 results_for_datasets
44292 Q0 uk11 6 15 results_for_datasets
44292 Q0 uk12 7 14 results_for_datasets
44292 Q0 uk13 8 13 results_for_datasets
44292 Q0 uk14 9 12 results_for_datasets
44292 Q0 uk15 10 11 results_for_datasets
44292 Q0 uk16 11 10 results_for_datasets
44292 Q0 uk17 12 9 results_for_datasets
44292 Q0 uk18 13 8 results_for_datasets
44292 Q0 uk19 14 7 results_for_datasets
44292 Q0 uk20 15 6 results_for_datasets
44292 Q0 k1 16 5 results_for_datasets
44292 Q0 uk21 17 4 results_for_datasets
44292 Q0 uk22 18 3 results_for_datasets
44292 Q0 k0 19 2 results_for_datasets
44292 Q0 uk23 20 1 results_for_datasets
44313 Q0 uk6 1 20 results_for_datasets
44313 Q0 uk7 2 19 results_for_datasets
44313 Q0 uk8 3 18 results_for_datasets
44313 Q0 uk9 4 17 results_for_datasets
44313 Q0 k0 5 16 results_for_datasets
44313 Q0 uk10 6 15 results_for_datasets
44313 Q0 uk11 7 14 results_for_datasets
44313 Q0 uk12 8 13 results_for_datasets
44313 Q0 uk13 9 12 results_for_datasets
44313 Q0 k1 10 11 results_for_datasets
44313 Q0 uk14 11 10 results_for_datasets
44313 Q0 uk15 12 9 results_for_datasets
44313 Q0 k4 13 8 results_for_datasets
44313 Q0 uk16 14 7 results_for_datasets
44313 Q0 uk17 15 6 results_for_datasets
44313 Q0 uk18 16 5 results_for_datasets
44313 Q0 uk19 17 4 results_for_datasets
44313 Q0 uk20 18 3 results_for_datasets
44313 Q0 uk21 19 2 results_for_datasets
44313 Q0 uk22 20 1 results_for_datasets
44318 Q0 uk9 1 20 results_for_datasets
44318 Q0 uk10 2 19 results_for_datasets
44318 Q0 k7 3 18 results_for_datasets
44318 Q0 uk11 4 17 results_for_datasets
44318 Q0 uk12 5 16 results_for_datasets
44318 Q0 uk13 6 15 results_for_datasets
44318 Q0 k1 7 14 results_for_datasets
44318 Q0 uk14 8 13 results_for_datasets
44318 Q0 uk15 9 12 results_for_datasets
44318 Q0 uk16 10 11 results_for_datasets
44318 Q0 uk17 11 10 results_for_datasets
44318 Q0 uk18 12 9 results_for_datasets
44318 Q0 uk19 13 8 results_for_datasets
44318 Q0 uk20 14 7 results_for_datasets
44318 Q0 uk21 15 6 results_for_datasets
44318 Q0 uk22 16 5 results_for_datasets
44318 Q0 uk23 17 4 results_for_datasets
44318 Q0 uk24 18 3 results_for_datasets
44318 Q0 uk25 19 2 results_for_datasets
44318 Q0 uk26 20 1 results_for_datasets
44321 Q0 uk11 1 20 results_for_datasets
44321 Q0 uk12 2 19 results_for_datasets
44321 Q0 k9 3 18 results_for_datasets
44321 Q0 uk13 4 17 results_for_datasets
44321 Q0 uk14 5 16 results_for_datasets
44321 Q0 k3 6 15 results_for_datasets
44321 Q0 uk15 7 14 results_for_datasets
44321 Q0 uk16 8 13 results_for_datasets
44321 Q0 uk17 9 12 results_for_datasets
44321 Q0 uk18 10 11 results_for_datasets
44321 Q0 k4 11 10 results_for_datasets
44321 Q0 k2 12 9 results_for_datasets
44321 Q0 uk19 13 8 results_for_datasets
44321 Q0 uk20 14 7 results_for_datasets
44321 Q0 uk21 15 6 results_for_datasets
44321 Q0 uk22 16 5 results_for_datasets
44321 Q0 uk23 17 4 results_for_datasets
44321 Q0 uk24 18 3 results_for_datasets
44321 Q0 k5 19 2 results_for_datasets
44321 Q0 uk25 20 1 results_for_datasets
44336 Q0 uk10 1 20 results_for_datasets
44336 Q0 uk11 2 19 results_for_datasets
44336 Q0 uk12 3 18 results_for_datasets
44336 Q0 uk13 4 17 results_for_datasets
44336 Q0 uk14 5 16 results_for_datasets
44336 Q0 uk15 6 15 results_for_datasets
44336 Q0 uk16 7 14 results_for_datasets
44336 Q0 k6 8 13 results_for_datasets
44336 Q0 uk17 9 12 results_for_datasets
44336 Q0 uk18 10 11 results_for_datasets
44336 Q0 k4 11 10 results_for_datasets
44336 Q0 uk19 12 9 results_for_datasets
44336 Q0 uk20 13 8 results_for_datasets
44336 Q0 k0 14 7 results_for_datasets
44336 Q0 uk21 15 6 results_for_datasets
44336 Q0 uk22 16 5 results_for_datasets
44336 Q0 k8 17 4 results_for_datasets
44336 Q0 uk23 18 3 results_for_datasets
44336 Q0 uk24 19 2 results_for_datasets
44336 Q0 uk25 20 1 results_for_datasets
44337 Q0 uk11 1 20 results_for_datasets
44337 Q0 uk12 2 19 results_for_datasets
44337 Q0 uk13 3 18 results_for_datasets
44337 Q0 k2 4 17 results_for_datasets
44337 Q0 uk14 5 16 results_for_datasets
44337 Q0 uk15 6 15 results_for_datasets
44337 Q0 uk16 7 14 results_for_datasets
44337 Q0 uk17 8 13 results_for_datasets
44337 Q0 k4 9 12 results_for_datasets
44337 Q0 uk18 10 11 results_for_datasets
44337 Q0 uk19 11 10 results_for_datasets
44337 Q0 uk20 12 9 results_for_datasets
44337 Q0 uk21 13 8 results_for_datasets
44337 Q0 uk22 14 7 results_for_datasets
44337 Q0 uk23 15 6 results_for_datasets
44337 Q0 uk24 16 5 results_for_datasets
44337 Q0 uk25 17 4 results_for_datasets
44337 Q0 uk26 18 3 results_for_datasets
44337 Q0 uk27 19 2 results_for_datasets
44337 Q0 uk28 20 1 results_for_datasets
44355 Q0 uk12 1 20 results_for_datasets
44355 Q0 k0 2 19 results_for_datasets
44355 Q0 uk13 3 18 results_for_datasets
44355 Q0 uk14 4 17 results_for_datasets
44355 Q0 uk15 5 16 results_for_datasets
44355 Q0 uk16 6 15 results_for_datasets
44355 Q0 uk17 7 14 results_for_datasets
44355 Q0 k6 8 13 results_for_datasets
44355 Q0 uk18 9 12 results_for_datasets
44355 Q0 uk19 10 11 results_for_datasets
44355 Q0 uk20 11 10 results_for_datasets
44355 Q0 uk21 12 9 results_for_datasets
44355 Q0 uk22 13 8 results_for_datasets
44355 Q0 uk23 14 7 results_for_datasets
44355 Q0 uk24 15 6 results_for_datasets
44355 Q0 uk25 16 5 results_for_datasets
44355 Q0 uk26 17 4 results_for_datasets
44355 Q0 uk27 18 3 results_for_datasets
44355 Q0 uk28 19 2 results_for_datasets
44355 Q0 k9 20 1 results_for_datasets
44372 Q0 uk11 1 20 results_for_datasets
44372 Q0 k8 2 19 results_for_datasets
44372 Q0 k1 3 18 results_for_datasets
44372 Q0 uk12 4 17 results_for_datasets
44372 Q0 uk13 5 16 results_for_datasets
44372 Q0 uk14 6 15 results_for_datasets
44372 Q0 k3 7 14 results_for_datasets
44372 Q0 uk15 8 13 results_for_datasets
44372 Q0 uk16 9 12 results_for_datasets
44372 Q0 uk17 10 11 results_for_datasets
44372 Q0 uk18 11 10 results_for_datasets
44372 Q0 uk19 12 9 results_for_datasets
44372 Q0 uk20 13 8 results_for_datasets
44372 Q0 uk21 14 7 results_for_datasets
44372 Q0 uk22 15 6 results_for_datasets
44372 Q0 uk23 16 5 results_for_datasets
44372 Q0 k2 17 4 results_for_datasets
44372 Q0 uk24 18 3 results_for_datasets
44372 Q0 uk25 19 2 results_for_datasets
44372 Q0 uk26 20 1 results_for_datasets
44373 Q0 uk10 1 20 results_for_datasets
44373 Q0 uk11 2 19 results_for_datasets
44373 Q0 uk12 3 18 results_for_datasets
44373 Q0 uk13 4 17 results_for_datasets
44373 Q0 uk14 5 16 results_for_datasets
44373 Q0 k7 6 15 results_for_datasets
44373 Q0 uk15 7 14 results_for_datasets
44373 Q0 k3 8 13 results_for_datasets
44373 Q0 uk16 9 12 results_for_datasets
44373 Q0 uk17 10 11 results_for_datasets
44373 Q0 uk18 11 10 results_for_datasets
44373 Q0 uk19 12 9 results_for_datasets
44373 Q0 uk20 13 8 results_for_datasets
44373 Q0 uk21 14 7 results_for_datasets
44373 Q0 uk22 15 6 results_for_datasets
44373 Q0 uk23 16 5 results_for_datasets
44373 Q0 uk24 17 4 results_for_datasets
44373 Q0 k2 18 3 results_for_datasets
44373 Q0 uk25 19 2 results_for_datasets
44373 Q0 k8 20 1 results_for_datasets
44374 Q0 uk14 1 20 results_for_datasets
44374 Q0 uk15 2 19 results_for_datasets
44374 Q0 uk16 3 18 results_for_datasets
44374 Q0 uk17 4 17 results_for_datasets
44374 Q0 uk18 5 16 results_for_datasets
44374 Q0 uk19 6 15 results_for_datasets
44374 Q0 uk20 7 14 results_for_datasets
44374 Q0 uk21 8 13 results_for_datasets
44374 Q0 uk22 9 12 results_for_datasets
44374 Q0 k8 10 11 results_for_datasets
44374 Q0 uk23 11 10 results_for_datasets
44374 Q0 uk24 12 9 results_for_datasets
44374 Q0 uk25 13 8 results_for_datasets
44374 Q0 uk26 14 7 results_for_datasets
44374 Q0 uk27 15 6 results_for_datasets
44374 Q0 uk28 16 5 results_for_datasets
44374 Q0 uk29 17 4 results_for_datasets
44374 Q0 uk30 18 3 results_for_datasets
44374 Q0 k0 19 2 results_for_datasets
44374 Q0 uk31 20 1 results_for_datasets
44388 Q0 uk15 1 20 results_for_datasets
44388 Q0 uk16 2 19 results_for_datasets
44388 Q0 uk17 3 18 results_for_datasets
44388 Q0 uk18 4 17 results_for_datasets
44388 Q0 uk19 5 16 results_for_datasets
44388 Q0 uk20 6 15 results_for_datasets
44388 Q0 uk21 7 14 results_for_datasets
44388 Q0 uk22 8 13 results_for_datasets
44388 Q0 uk23 9 12 results_for_datasets
44388 Q0 uk24 10 11 results_for_datasets
44388 Q0 uk25 11 10 results_for_datasets
44388 Q0 uk26 12 9 results_for_datasets
44388 Q0 k12 13 8 results_for_datasets
44388 Q0 uk27 14 7 results_for_datasets
44388 Q0 uk28 15 6 results_for_datasets
44388 Q0 k9 16 5 results_for_datasets
44388 Q0 k1 17 4 results_for_datasets
44388 Q0 uk29 18 3 results_for_datasets
44388 Q0 uk30 19 2 results_for_datasets
44388 Q0 uk31 20 1 results_for_datasets
44389 Q0 uk8 1 20 results_for_datasets
44389 Q0 uk9 2 19 results_for_datasets
44389 Q0 uk10 3 18 results_for_datasets
44389 Q0 uk11 4 17 results_for_datasets
44389 Q0 uk12 5 16 results_for_datasets
44389 Q0 uk13 6 15 results_for_datasets
44389 Q0 uk14 7 14 results_for_datasets
44389 Q0 uk15 8 13 results_for_datasets
44389 Q0 uk16 9 12 results_for_datasets
44389 Q0 uk17 10 11 results_for_datasets
44389 Q0 uk18 11 10 results_for_datasets
44389 Q0 uk19 12 9 results_for_datasets
44389 Q0 uk20 13 8 results_for_datasets
44389 Q0 uk21 14 7 results_for_datasets
44389 Q0 uk22 15 6 results_for_datasets
44389 Q0 uk23 16 5 results_for_datasets
44389 Q0 uk24 17 4 results_for_datasets
44389 Q0 k0 18 3 results_for_datasets
44389 Q0 uk25 19 2 results_for_datasets
44389 Q0 uk26 20 1 results_for_datasets
44485 Q0 uk12 1 20 results_for_datasets
44485 Q0 uk13 2 19 results_for_datasets
44485 Q0 uk14 3 18 results_for_datasets
44485 Q0 uk15 4 17 results_for_datasets
44485 Q0 k8 5 16 results_for_datasets
44485 Q0 uk16 6 15 results_for_datasets
44485 Q0 uk17 7 14 results_for_datasets
44485 Q0 k10 8 13 results_for_datasets
44485 Q0 uk18 9 12 results_for_datasets
44485 Q0 uk19 10 11 results_for_datasets
44485 Q0 uk20 11 10 results_for_datasets
44485 Q0 uk21 12 9 results_for_datasets
44485 Q0 uk22 13 8 results_for_datasets
44485 Q0 uk23 14 7 results_for_datasets
44485 Q0 k0 15 6 results_for_datasets
44485 Q0 uk24 16 5 results_for_datasets
44485 Q0 uk25 17 4 results_for_datasets
44485 Q0 k7 18 3 results_for_datasets
44485 Q0 uk26 19 2 results_for_datasets
44485 Q0 uk27 20 1 results_for_datasets
44489 Q0 uk9 1 20 results_for_datasets
44489 Q0 uk10 2 19 results_for_datasets
44489 Q0 uk11 3 18 results_for_datasets
44489 Q0 k7 4 17 results_for_datasets
44489 Q0 uk12 5 16 results_for_datasets
44489 Q0 k6 6 15 results_for_datasets
44489 Q0 uk13 7 14 results_for_datasets
44489 Q0 uk14 8 13 results_for_datasets
44489 Q0 uk15 9 12 results_for_datasets
44489 Q0 uk16 10 11 results_for_datasets
44489 Q0 uk17 11 10 results_for_datasets
44489 Q0 uk18 12 9 results_for_datasets
44489 Q0 uk19 13 8 results_for_datasets
44489 Q0 uk20 14 7 results_for_datasets
44489 Q0 uk21 15 6 results_for_datasets
44489 Q0 uk22 16 5 results_for_datasets
44489 Q0 uk23 17 4 results_for_datasets
44489 Q0 uk24 18 3 results_for_datasets
44489 Q0 uk25 19 2 results_for_datasets
44489 Q0 k2 20 1 results_for_datasets
44499 Q0 uk7 1 20 results_for_datasets
44499 Q0 uk8 2 19 results_for_datasets
44499 Q0 uk9 3 18 results_for_datasets
44499 Q0 uk10 4 17 results_for_datasets
44499 Q0 uk11 5 16 results_for_datasets
44499 Q0 uk12 6 15 results_for_datasets
44499 Q0 uk13 7 14 results_for_datasets
44499 Q0 uk14 8 13 results_for_datasets
44499 Q0 uk15 9 12 results_for_datasets
44499 Q0 uk16 10 11 results_for_datasets
44499 Q0 uk17 11 10 results_for_datasets
44499 Q0 uk18 12 9 results_for_datasets
44499 Q0 uk19 13 8 results_for_datasets
44499 Q0 uk20 14 7 results_for_datasets
44499 Q0 uk21 15 6 results_for_datasets
44499 Q0 uk22 16 5 results_for_datasets
44499 Q0 k2 17 4 results_for_datasets
44499 Q0 uk23 18 3 results_for_datasets
44499 Q0 uk24 19 2 results_for_datasets
44499 Q0 uk25 20 1 results_for_datasets
44502 Q0 k4 1 20 results_for_datasets
44502 Q0 uk10 2 19 results_for_datasets
44502 Q0 uk11 3 18 results_for_datasets
44502 Q0 uk12 4 17 results_for_datasets
44502 Q0 uk13 5 16 results_for_datasets
44502 Q0 k0 6 15 results_for_datasets
44502 Q0 k7 7 14 results_for_datasets
44502 Q0 uk14 8 13 results_for_datasets
44502 Q0 uk15 9 12 results_for_datasets
44502 Q0 uk16 10 11 results_for_datasets
44502 Q0 k3 11 10 results_for_datasets
44502 Q0 uk17 12 9 results_for_datasets
44502 Q0 uk18 13 8 results_for_datasets
44502 Q0 uk19 14 7 results_for_datasets
44502 Q0 uk20 15 6 results_for_datasets
44502 Q0 uk21 16 5 results_for_datasets
44502 Q0 uk22 17 4 results_for_datasets
44502 Q0 uk23 18 3 results_for_datasets
44502 Q0 uk24 19 2 results_for_datasets
44502 Q0 uk25 20 1 results_for_datasets
44504 Q0 uk9 1 20 results_for_datasets
44504 Q0 uk10 2 19 results_for_datasets
44504 Q0 uk11 3 18 results_for_datasets
44504 Q0 uk12 4 17 results_for_datasets
44504 Q0 uk13 5 16 results_for_datasets
44504 Q0 uk14 6 15 results_for_datasets
44504 Q0 uk15 7 14 results_for_datasets
44504 Q0 k4 8 13 results_for_datasets
44504 Q0 uk16 9 12 results_for_datasets
44504 Q0 uk17 10 11 results_for_datasets
44504 Q0 uk18 11 10 results_for_datasets
44504 Q0 k7 12 9 results_for_datasets
44504 Q0 uk19 13 8 results_for_datasets
44504 Q0 uk20 14 7 results_for_datasets
44504 Q0 k3 15 6 results_for_datasets
44504 Q0 uk21 16 5 results_for_datasets
44504 Q0 uk22 17 4 results_for_datasets
44504 Q0 uk23 18 3 results_for_datasets
44504 Q0 uk24 19 2 results_for_datasets
44504 Q0 uk25 20 1 results_for_datasets
44507 Q0 uk14 1 20 results_for_datasets
44507 Q0 uk15 2 19 results_for_datasets
44507 Q0 uk16 3 18 results_for_datasets
44507 Q0 uk17 4 17 results_for_datasets
44507 Q0 uk18 5 16 results_for_datasets
44507 Q0 uk19 6 15 results_for_datasets
44507 Q0 uk20 7 14 results_for_datasets
44507 Q0 uk21 8 13 results_for_datasets
44507 Q0 uk22 9 12 results_for_datasets
44507 Q0 uk23 10 11 results_for_datasets
44507 Q0 uk24 11 10 results_for_datasets
44507 Q0 uk25 12 9 results_for_datasets
44507 Q0 uk26 13 8 results_for_datasets
44507 Q0 uk27 14 7 results_for_datasets
44507 Q0 uk28 15 6 results_for_datasets
44507 Q0 uk29 16 5 results_for_datasets
44507 Q0 uk30 17 4 results_for_datasets
44507 Q0 uk31 18 3 results_for_datasets
44507 Q0 uk32 19 2 results_for_datasets
44507 Q0 uk33 20 1 results_for_datasets
44510 Q0 k3 1 20 results_for_datasets
44510 Q0 uk13 2 19 results_for_datasets
44510 Q0 uk14 3 18 results_for_datasets
44510 Q0 uk15 4 17 results_for_datasets
44510 Q0 uk16 5 16 results_for_datasets
44510 Q0 uk17 6 15 results_for_datasets
44510 Q0 uk18 7 14 results_for_datasets
44510 Q0 k0 8 13 results_for_datasets
44510 Q0 k11 9 12 results_for_datasets
44510 Q0 uk19 10 11 results_for_datasets
44510 Q0 uk20 11 10 results_for_datasets
44510 Q0 uk21 12 9 results_for_datasets
44510 Q0 uk22 13 8 results_for_datasets
44510 Q0 uk23 14 7 results_for_datasets
44510 Q0 uk24 15 6 results_for_datasets
44510 Q0 uk25 16 5 results_for_datasets
44510 Q0 uk26 17 4 results_for_datasets
44510 Q0 uk27 18 3 results_for_datasets
44510 Q0 uk28 19 2 results_for_datasets
44510 Q0 uk29 20 1 results_for_datasets
44520 Q0 k6 1 20 results_for_datasets
44520 Q0 uk11 2 19 results_for_datasets
44520 Q0 uk12 3 18 results_for_datasets
44520 Q0 uk13 4 17 results_for_datasets
44520 Q0 uk14 5 16 results_for_datasets
44520 Q0 uk15 6 15 results_for_datasets
44520 Q0 k3 7 14 results_for_datasets
44520 Q0 uk16 8 13 results_for_datasets
44520 Q0 k5 9 12 results_for_datasets
44520 Q0 uk17 10 11 results_for_datasets
44520 Q0 k2 11 10 results_for_datasets
44520 Q0 uk18 12 9 results_for_datasets
44520 Q0 uk19 13 8 results_for_datasets
44520 Q0 uk20 14 7 results_for_datasets
44520 Q0 uk21 15 6 results_for_datasets
44520 Q0 uk22 16 5 results_for_datasets
44520 Q0 uk23 17 4 results_for_datasets
44520 Q0 uk24 18 3 results_for_datasets
44520 Q0 uk25 19 2 results_for_datasets
44520 Q0 uk26 20 1 results_for_datasets
44522 Q0 uk7 1 20 results_for_datasets
44522 Q0 uk8 2 19 results_for_datasets
44522 Q0 uk9 3 18 results_for_datasets
44522 Q0 k4 4 17 results_for_datasets
44522 Q0 uk10 5 16 results_for_datasets
44522 Q0 uk11 6 15 results_for_datasets
44522 Q0 k3 7 14 results_for_datasets
44522 Q0 uk12 8 13 results_for_datasets
44522 Q0 uk13 9 12 results_for_datasets
44522 Q0 uk14 10 11 results_for_datasets
44522 Q0 uk15 11 10 results_for_datasets
44522 Q0 uk16 12 9 results_for_datasets
44522 Q0 uk17 13 8 results_for_datasets
44522 Q0 uk18 14 7 results_for_datasets
44522 Q0 uk19 15 6 results_for_datasets
44522 Q0 uk20 16 5 results_for_datasets
44522 Q0 k2 17 4 results_for_datasets
44522 Q0 uk21 18 3 results_for_datasets
44522 Q0 uk22 19 2 results_for_datasets
44522 Q0 uk23 20 1 results_for_datasets
44527 Q0 uk14 1 20 results_for_datasets
44527 Q0 uk15 2 19 results_for_datasets
44527 Q0 uk16 3 18 results_for_datasets
44527 Q0 uk17 4 17 results_for_datasets
44527 Q0 k3 5 16 results_for_datasets
44527 Q0 uk18 6 15 results_for_datasets
44527 Q0 uk19 7 14 results_for_datasets
44527 Q0 uk20 8 13 results_for_datasets
44527 Q0 uk21 9 12 results_for_datasets
44527 Q0 uk22 10 11 results_for_datasets
44527 Q0 uk23 11 10 results_for_datasets
44527 Q0 uk24 12 9 results_for_datasets
44527 Q0 uk25 13 8 results_for_datasets
44527 Q0 uk26 14 7 results_for_datasets
44527 Q0 uk27 15 6 results_for_datasets
44527 Q0 k1 16 5 results_for_datasets
44527 Q0 k5 17 4 results_for_datasets
44527 Q0 uk28 18 3 results_for_datasets
44527 Q0 uk29 19 2 results_for_datasets
44527 Q0 k4 20 1 results_for_datasets
44530 Q0 uk17 1 20 results_for_datasets
44530 Q0 uk18 2 19 results_for_datasets
44530 Q0 uk19 3 18 results_for_datasets
44530 Q0 uk20 4 17 results_for_datasets
44530 Q0 uk21 5 16 results_for_datasets
44530 Q0 uk22 6 15 results_for_datasets
44530 Q0 k9 7 14 results_for_datasets
44530 Q0 uk23 8 13 results_for_datasets
44530 Q0 uk24 9 12 results_for_datasets
44530 Q0 k7 10 11 results_for_datasets
44530 Q0 uk25 11 10 results_for_datasets
44530 Q0 k8 12 9 results_for_datasets
44530 Q0 uk26 13 8 results_for_datasets
44530 Q0 k4 14 7 results_for_datasets
44530 Q0 uk27 15 6 results_for_datasets
44530 Q0 uk28 16 5 results_for_datasets
44530 Q0 uk29 17 4 results_for_datasets
44530 Q0 k10 18 3 results_for_datasets
44530 Q0 uk30 19 2 results_for_datasets
44530 Q0 uk31 20 1 results_for_datasets
44532 Q0 uk8 1 20 results_for_datasets
44532 Q0 k2 2 19 results_for_datasets
44532 Q0 uk9 3 18 results_for_datasets
44532 Q0 uk10 4 17 results_for_datasets
44532 Q0 uk11 5 16 results_for_datasets
44532 Q0 uk12 6 15 results_for_datasets
44532 Q0 uk13 7 14 results_for_datasets
44532 Q0 uk14 8 13 results_for_datasets
44532 Q0 uk15 9 12 results_for_datasets
44532 Q0 uk16 10 11 results_for_datasets
44532 Q0 uk17 11 10 results_for_datasets
44532 Q0 uk18 12 9 results_for_datasets
44532 Q0 k4 13 8 results_for_datasets
44532 Q0 uk19 14 7 results_for_datasets
44532 Q0 uk20 15 6 results_for_datasets
44532 Q0 uk21 16 5 results_for_datasets
44532 Q0 uk22 17 4 results_for_datasets
44532 Q0 uk23 18 3 results_for_datasets
44532 Q0 uk24 19 2 results_for_datasets
44532 Q0 uk25 20 1 results_for_datasets
44533 Q0 uk14 1 20 results_for_datasets
44533 Q0 uk15 2 19 results_for_datasets
44533 Q0 uk16 3 18 results_for_datasets
44533 Q0 uk17 4 17 results_for_datasets
44533 Q0 uk18 5 16 results_for_datasets
44533 Q0 uk19 6 15 results_for_datasets
44533 Q0 uk20 7 14 results_for_datasets
44533 Q0 k12 8 13 results_for_datasets
44533 Q0 uk21 9 12 results_for_datasets
44533 Q0 uk22 10 11 results_for_datasets
44533 Q0 uk23 11 10 results_for_datasets
44533 Q0 uk24 12 9 results_for_datasets
44533 Q0 uk25 13 8 results_for_datasets
44533 Q0 uk26 14 7 results_for_datasets
44533 Q0 uk27 15 6 results_for_datasets
44533 Q0 uk28 16 5 results_for_datasets
44533 Q0 uk29 17 4 results_for_datasets
44533 Q0 uk30 18 3 results_for_datasets
44533 Q0 k8 19 2 results_for_datasets
44533 Q0 uk31 20 1 results_for_datasets
44536 Q0 uk10 1 20 results_for_datasets
44536 Q0 uk11 2 19 results_for_datasets
44536 Q0 uk12 3 18 results_for_datasets
44536 Q0 k7 4 17 results_for_datasets
44536 Q0 k4 5 16 results_for_datasets
44536 Q0 uk13 6 15 results_for_datasets
44536 Q0 uk14 7 14 results_for_datasets
44536 Q0 uk15 8 13 results_for_datasets
44536 Q0 uk16 9 12 results_for_datasets
44536 Q0 uk17 10 11 results_for_datasets
44536 Q0 uk18 11 10 results_for_datasets
44536 Q0 uk19 12 9 results_for_datasets
44536 Q0 uk20 13 8 results_for_datasets
44536 Q0 uk21 14 7 results_for_datasets
44536 Q0 uk22 15 6 results_for_datasets
44536 Q0 uk23 16 5 results_for_datasets
44536 Q0 uk24 17 4 results_for_datasets
44536 Q0 uk25 18 3 results_for_datasets
44536 Q0 uk26 19 2 results_for_datasets
44536 Q0 uk27 20 1 results_for_datasets
44540 Q0 uk13 1 20 results_for_datasets
44540 Q0 uk14 2 19 results_for_datasets
44540 Q0 uk15 3 18 results_for_datasets
44540 Q0 k7 4 17 results_for_datasets
44540 Q0 uk16 5 16 results_for_datasets
44540 Q0 k11 6 15 results_for_datasets
44540 Q0 uk17 7 14 results_for_datasets
44540 Q0 uk18 8 13 results_for_datasets
44540 Q0 k9 9 12 results_for_datasets
44540 Q0 uk19 10 11 results_for_datasets
44540 Q0 uk20 11 10 results_for_datasets
44540 Q0 uk21 12 9 results_for_datasets
44540 Q0 uk22 13 8 results_for_datasets
44540 Q0 uk23 14 7 results_for_datasets
44540 Q0 uk24 15 6 results_for_datasets
44540 Q0 uk25 16 5 results_for_datasets
44540 Q0 k2 17 4 results_for_datasets
44540 Q0 uk26 18 3 results_for_datasets
44540 Q0 uk27 19 2 results_for_datasets
44540 Q0 uk28 20 1 results_for_datasets
44543 Q0 uk10 1 20 results_for_datasets
44543 Q0 k4 2 19 results_for_datasets
44543 Q0 uk11 3 18 results_for_datasets
44543 Q0 uk12 4 17 results_for_datasets
44543 Q0 uk13 5 16 results_for_datasets
44543 Q0 k2 6 15 results_for_datasets
44543 Q0 uk14 7 14 results_for_datasets
44543 Q0 uk15 8 13 results_for_datasets
44543 Q0 uk16 9 12 results_for_datasets
44543 Q0 uk17 10 11 results_for_datasets
44543 Q0 uk18 11 10 results_for_datasets
44543 Q0 uk19 12 9 results_for_datasets
44543 Q0 uk20 13 8 results_for_datasets
44543 Q0 uk21 14 7 results_for_datasets
44543 Q0 uk22 15 6 results_for_datasets
44543 Q0 uk23 16 5 results_for_datasets
44543 Q0 uk24 17 4 results_for_datasets
44543 Q0 uk25 18 3 results_for_datasets
44543 Q0 uk26 19 2 results_for_datasets
44543 Q0 uk27 20 1 results_for_datasets
44545 Q0 uk12 1 20 results_for_datasets
44545 Q0 uk13 2 19 results_for_datasets
44545 Q0 k8 3 18 results_for_datasets
44545 Q0 uk14 4 17 results_for_datasets
44545 Q0 uk15 5 16 results_for_datasets
44545 Q0 uk16 6 15 results_for_datasets
44545 Q0 uk17 7 14 results_for_datasets
44545 Q0 uk18 8 13 results_for_datasets
44545 Q0 uk19 9 12 results_for_datasets
44545 Q0 uk20 10 11 results_for_datasets
44545 Q0 uk21 11 10 results_for_datasets
44545 Q0 uk22 12 9 results_for_datasets
44545 Q0 uk23 13 8 results_for_datasets
44545 Q0 uk24 14 7 results_for_datasets
44545 Q0 k9 15 6 results_for_datasets
44545 Q0 uk25 16 5 results_for_datasets
44545 Q0 uk26 17 4 results_for_datasets
44545 Q0 uk27 18 3 results_for_datasets
44545 Q0 uk28 19 2 results_for_datasets
44545 Q0 uk29 20 1 results_for_datasets
44550 Q0 uk8 1 20 results_for_datasets
44550 Q0 uk9 2 19 results_for_datasets
44550 Q0 uk10 3 18 results_for_datasets
44550 Q0 uk11 4 17 results_for_datasets
44550 Q0 uk12 5 16 results_for_datasets
44550 Q0 uk13 6 15 results_for_datasets
44550 Q0 uk14 7 14 results_for_datasets
44550 Q0 uk15 8 13 results_for_datasets
44550 Q0 k4 9 12 results_for_datasets
44550 Q0 uk16 10 11 results_for_datasets
44550 Q0 uk17 11 10 results_for_datasets
44550 Q0 uk18 12 9 results_for_datasets
44550 Q0 uk19 13 8 results_for_datasets
44550 Q0 uk20 14 7 results_for_datasets
44550 Q0 k1 15 6 results_for_datasets
44550 Q0 uk21 16 5 results_for_datasets
44550 Q0 uk22 17 4 results_for_datasets
44550 Q0 uk23 18 3 results_for_datasets
44550 Q0 uk24 19 2 results_for_datasets
44550 Q0 uk25 20 1 results_for_datasets
44551 Q0 uk10 1 20 results_for_datasets
44551 Q0 uk11 2 19 results_for_datasets
44551 Q0 uk12 3 18 results_for_datasets
44551 Q0 uk13 4 17 results_for_datasets
44551 Q0 uk14 5 16 results_for_datasets
44551 Q0 k2 6 15 results_for_datasets
44551 Q0 k8 7 14 results_for_datasets
44551 Q0 uk15 8 13 results_for_datasets
44551 Q0 uk16 9 12 results_for_datasets
44551 Q0 uk17 10 11 results_for_datasets
44551 Q0 k4 11 10 results_for_datasets
44551 Q0 uk18 12 9 results_for_datasets
44551 Q0 k5 13 8 results_for_datasets
44551 Q0 k1 14 7 results_for_datasets
44551 Q0 uk19 15 6 results_for_datasets
44551 Q0 uk20 16 5 results_for_datasets
44551 Q0 uk21 17 4 results_for_datasets
44551 Q0 uk22 18 3 results_for_datasets
44551 Q0 uk23 19 2 results_for_datasets
44551 Q0 uk24 20 1 results_for_datasets
44552 Q0 uk12 1 20 results_for_datasets
44552 Q0 uk13 2 19 results_for_datasets
44552 Q0 k0 3 18 results_for_datasets
44552 Q0 uk14 4 17 results_for_datasets
44552 Q0 uk15 5 16 results_for_datasets
44552 Q0 uk16 6 15 results_for_datasets
44552 Q0 uk17 7 14 results_for_datasets
44552 Q0 uk18 8 13 results_for_datasets
44552 Q0 uk19 9 12 results_for_datasets
44552 Q0 k10 10 11 results_for_datasets
44552 Q0 k3 11 10 results_for_datasets
44552 Q0 uk20 12 9 results_for_datasets
44552 Q0 uk21 13 8 results_for_datasets
44552 Q0 uk22 14 7 results_for_datasets
44552 Q0 uk23 15 6 results_for_datasets
44552 Q0 uk24 16 5 results_for_datasets
44552 Q0 uk25 17 4 results_for_datasets
44552 Q0 uk26 18 3 results_for_datasets
44552 Q0 uk27 19 2 results_for_datasets
44552 Q0 uk28 20 1 results_for_datasets
44555 Q0 uk10 1 20 results_for_datasets
44555 Q0 uk11 2 19 results_for_datasets
44555 Q0 uk12 3 18 results_for_datasets
44555 Q0 uk13 4 17 results_for_datasets
44555 Q0 uk14 5 16 results_for_datasets
44555 Q0 uk15 6 15 results_for_datasets
44555 Q0 k5 7 14 results_for_datasets
44555 Q0 k0 8 13 results_for_datasets
44555 Q0 uk16 9 12 results_for_datasets
44555 Q0 uk17 10 11 results_for_datasets
44555 Q0 uk18 11 10 results_for_datasets
44555 Q0 uk19 12 9 results_for_datasets
44555 Q0 uk20 13 8 results_for_datasets
44555 Q0 uk21 14 7 results_for_datasets
44555 Q0 uk22 15 6 results_for_datasets
44555 Q0 uk23 16 5 results_for_datasets
44555 Q0 k4 17 4 results_for_datasets
44555 Q0 uk24 18 3 results_for_datasets
44555 Q0 uk25 19 2 results_for_datasets
44555 Q0 uk26 20 1 results_for_datasets
44568 Q0 k6 1 20 results_for_datasets
44568 Q0 uk18 2 19 results_for_datasets
44568 Q0 k8 3 18 results_for_datasets
44568 Q0 k0 4 17 results_for_datasets
44568 Q0 k4 5 16 results_for_datasets
44568 Q0 k1 6 15 results_for_datasets
44568 Q0 uk19 7 14 results_for_datasets
44568 Q0 uk20 8 13 results_for_datasets
44568 Q0 k12 9 12 results_for_datasets
44568 Q0 uk21 10 11 results_for_datasets
44568 Q0 uk22 11 10 results_for_datasets
44568 Q0 k7 12 9 results_for_datasets
44568 Q0 uk23 13 8 results_for_datasets
44568 Q0 uk24 14 7 results_for_datasets
44568 Q0 uk25 15 6 results_for_datasets
44568 Q0 k3 16 5 results_for_datasets
44568 Q0 uk26 17 4 results_for_datasets
44568 Q0 uk27 18 3 results_for_datasets
44568 Q0 uk28 19 2 results_for_datasets
44568 Q0 uk29 20 1 results_for_datasets
44570 Q0 uk9 1 20 results_for_datasets
44570 Q0 k6 2 19 results_for_datasets
44570 Q0 uk10 3 18 results_for_datasets
44570 Q0 uk11 4 17 results_for_datasets
44570 Q0 uk12 5 16 results_for_datasets
44570 Q0 k7 6 15 results_for_datasets
44570 Q0 uk13 7 14 results_for_datasets
44570 Q0 uk14 8 13 results_for_datasets
44570 Q0 k5 9 12 results_for_datasets
44570 Q0 uk15 10 11 results_for_datasets
44570 Q0 uk16 11 10 results_for_datasets
44570 Q0 uk17 12 9 results_for_datasets
44570 Q0 uk18 13 8 results_for_datasets
44570 Q0 uk19 14 7 results_for_datasets
44570 Q0 uk20 15 6 results_for_datasets
44570 Q0 uk21 16 5 results_for_datasets
44570 Q0 uk22 17 4 results_for_datasets
44570 Q0 uk23 18 3 results_for_datasets
44570 Q0 uk24 19 2 results_for_datasets
44570 Q0 uk25 20 1 results_for_datasets
44581 Q0 uk12 1 20 results_for_datasets
44581 Q0 k10 2 19 results_for_datasets
44581 Q0 uk13 3 18 results_for_datasets
44581 Q0 k6 4 17 results_for_datasets
44581 Q0 k2 5 16 results_for_datasets
44581 Q0 uk14 6 15 results_for_datasets
44581 Q0 uk15 7 14 results_for_datasets
44581 Q0 uk16 8 13 results_for_datasets
44581 Q0 k4 9 12 results_for_datasets
44581 Q0 uk17 10 11 results_for_datasets
44581 Q0 uk18 11 10 results_for_datasets
44581 Q0 uk19 12 9 results_for_datasets
44581 Q0 uk20 13 8 results_for_datasets
44581 Q0 uk21 14 7 results_for_datasets
44581 Q0 uk22 15 6 results_for_datasets
44581 Q0 uk23 16 5 results_for_datasets
44581 Q0 uk24 17 4 results_for_datasets
44581 Q0 uk25 18 3 results_for_datasets
44581 Q0 uk26 19 2 results_for_datasets
44581 Q0 uk27 20 1 results_for_datasets
44585 Q0 uk10 1 20 results_for_datasets
44585 Q0 uk11 2 19 results_for_datasets
44585 Q0 uk12 3 18 results_for_datasets
44585 Q0 k3 4 17 results_for_datasets
44585 Q0 uk13 5 16 results_for_datasets
44585 Q0 uk14 6 15 results_for_datasets
44585 Q0 uk15 7 14 results_for_datasets
44585 Q0 uk16 8 13 results_for_datasets
44585 Q0 uk17 9 12 results_for_datasets
44585 Q0 uk18 10 11 results_for_datasets
44585 Q0 k0 11 10 results_for_datasets
44585 Q0 uk19 12 9 results_for_datasets
44585 Q0 uk20 13 8 results_for_datasets
44585 Q0 uk21 14 7 results_for_datasets
44585 Q0 uk22 15 6 results_for_datasets
44585 Q0 uk23 16 5 results_for_datasets
44585 Q0 uk24 17 4 results_for_datasets
44585 Q0 uk25 18 3 results_for_datasets
44585 Q0 uk26 19 2 results_for_datasets
44585 Q0 uk27 20 1 results_for_datasets
44586 Q0 uk7 1 20 results_for_datasets
44586 Q0 k0 2 19 results_for_datasets
44586 Q0 uk8 3 18 results_for_datasets
44586 Q0 uk9 4 17 results_for_datasets
44586 Q0 uk10 5 16 results_for_datasets
44586 Q0 uk11 6 15 results_for_datasets
44586 Q0 uk12 7 14 results_for_datasets
44586 Q0 uk13 8 13 results_for_datasets
44586 Q0 uk14 9 12 results_for_datasets
44586 Q0 uk15 10 11 results_for_datasets
44586 Q0 uk16 11 10 results_for_datasets
44586 Q0 uk17 12 9 results_for_datasets
44586 Q0 uk18 13 8 results_for_datasets
44586 Q0 uk19 14 7 results_for_datasets
44586 Q0 k3 15 6 results_for_datasets
44586 Q0 uk20 16 5 results_for_datasets
44586 Q0 uk21 17 4 results_for_datasets
44586 Q0 k5 18 3 results_for_datasets
44586 Q0 uk22 19 2 results_for_datasets
44586 Q0 uk23 20 1 results_for_datasets
44589 Q0 k3 1 20 results_for_datasets
44589 Q0 uk11 2 19 results_for_datasets
44589 Q0 k2 3 18 results_for_datasets
44589 Q0 uk12 4 17 results_for_datasets
44589 Q0 uk13 5 16 results_for_datasets
44589 Q0 k4 6 15 results_for_datasets
44589 Q0 uk14 7 14 results_for_datasets
44589 Q0 uk15 8 13 results_for_datasets
44589 Q0 uk16 9 12 results_for_datasets
44589 Q0 k6 10 11 results_for_datasets
44589 Q0 uk17 11 10 results_for_datasets
44589 Q0 k0 12 9 results_for_datasets
44589 Q0 uk18 13 8 results_for_datasets
44589 Q0 k7 14 7 results_for_datasets
44589 Q0 uk19 15 6 results_for_datasets
44589 Q0 uk20 16 5 results_for_datasets
44589 Q0 uk21 17 4 results_for_datasets
44589 Q0 uk22 18 3 results_for_datasets
44589 Q0 uk23 19 2 results_for_datasets
44589 Q0 uk24 20 1 results_for_datasets
44618 Q0 uk11 1 20 results_for_datasets
44618 Q0 uk12 2 19 results_for_datasets
44618 Q0 uk13 3 18 results_for_datasets
44618 Q0 k1 4 17 results_for_datasets
44618 Q0 k3 5 16 results_for_datasets
44618 Q0 uk14 6 15 results_for_datasets
44618 Q0 k4 7 14 results_for_datasets
44618 Q0 k0 8 13 results_for_datasets
44618 Q0 uk15 9 12 results_for_datasets
44618 Q0 uk16 10 11 results_for_datasets
44618 Q0 uk17 11 10 results_for_datasets
44618 Q0 uk18 12 9 results_for_datasets
44618 Q0 k7 13 8 results_for_datasets
44618 Q0 uk19 14 7 results_for_datasets
44618 Q0 uk20 15 6 results_for_datasets
44618 Q0 uk21 16 5 results_for_datasets
44618 Q0 uk22 17 4 results_for_datasets
44618 Q0 k2 18 3 results_for_datasets
44618 Q0 uk23 19 2 results_for_datasets
44618 Q0 uk24 20 1 results_for_datasets
44635 Q0 k0 1 20 results_for_datasets
44635 Q0 k12 2 19 results_for_datasets
44635 Q0 uk14 3 18 results_for_datasets
44635 Q0 uk15 4 17 results_for_datasets
44635 Q0 k7 5 16 results_for_datasets
44635 Q0 k8 6 15 results_for_datasets
44635 Q0 uk16 7 14 results_for_datasets
44635 Q0 uk17 8 13 results_for_datasets
44635 Q0 k11 9 12 results_for_datasets
44635 Q0 uk18 10 11 results_for_datasets
44635 Q0 uk19 11 10 results_for_datasets
44635 Q0 uk20 12 9 results_for_datasets
44635 Q0 uk21 13 8 results_for_datasets
44635 Q0 uk22 14 7 results_for_datasets
44635 Q0 uk23 15 6 results_for_datasets
44635 Q0 uk24 16 5 results_for_datasets
44635 Q0 uk25 17 4 results_for_datasets
44635 Q0 uk26 18 3 results_for_datasets
44635 Q0 uk27 19 2 results_for_datasets
44635 Q0 uk28 20 1 results_for_datasets
44636 Q0 uk7 1 20 results_for_datasets
44636 Q0 k4 2 19 results_for_datasets
44636 Q0 uk8 3 18 results_for_datasets
44636 Q0 uk9 4 17 results_for_datasets
44636 Q0 uk10 5 16 results_for_datasets
44636 Q0 uk11 6 15 results_for_datasets
44636 Q0 uk12 7 14 results_for_datasets
44636 Q0 k3 8 13 results_for_datasets
44636 Q0 k5 9 12 results_for_datasets
44636 Q0 uk13 10 11 results_for_datasets
44636 Q0 k2 11 10 results_for_datasets
44636 Q0 uk14 12 9 results_for_datasets
44636 Q0 uk15 13 8 results_for_datasets
44636 Q0 uk16 14 7 results_for_datasets
44636 Q0 uk17 15 6 results_for_datasets
44636 Q0 uk18 16 5 results_for_datasets
44636 Q0 uk19 17 4 results_for_datasets
44636 Q0 uk20 18 3 results_for_datasets
44636 Q0 uk21 19 2 results_for_datasets
44636 Q0 uk22 20 1 results_for_datasets
44652 Q0 k0 1 20 results_for_datasets
44652 Q0 uk13 2 19 results_for_datasets
44652 Q0 uk14 3 18 results_for_datasets
44652 Q0 k10 4 17 results_for_datasets
44652 Q0 k2 5 16 results_for_datasets
44652 Q0 uk15 6 15 results_for_datasets
44652 Q0 uk16 7 14 results_for_datasets
44652 Q0 uk17 8 13 results_for_datasets
44652 Q0 uk18 9 12 results_for_datasets
44652 Q0 uk19 10 11 results_for_datasets
44652 Q0 uk20 11 10 results_for_datasets
44652 Q0 uk21 12 9 results_for_datasets
44652 Q0 uk22 13 8 results_for_datasets
44652 Q0 uk23 14 7 results_for_datasets
44652 Q0 uk24 15 6 results_for_datasets
44652 Q0 uk25 16 5 results_for_datasets
44652 Q0 uk26 17 4 results_for_datasets
44652 Q0 uk27 18 3 results_for_datasets
44652 Q0 uk28 19 2 results_for_datasets
44652 Q0 uk29 20 1 results_for_datasets
44655 Q0 uk15 1 20 results_for_datasets
44655 Q0 uk16 2 19 results_for_datasets
44655 Q0 uk17 3 18 results_for_datasets
44655 Q0 uk18 4 17 results_for_datasets
44655 Q0 uk19 5 16 results_for_datasets
44655 Q0 uk20 6 15 results_for_datasets
44655 Q0 uk21 7 14 results_for_datasets
44655 Q0 uk22 8 13 results_for_datasets
44655 Q0 uk23 9 12 results_for_datasets
44655 Q0 uk24 10 11 results_for_datasets
44655 Q0 uk25 11 10 results_for_datasets
44655 Q0 uk26 12 9 results_for_datasets
44655 Q0 uk27 13 8 results_for_datasets
44655 Q0 uk28 14 7 results_for_datasets
44655 Q0 uk29 15 6 results_for_datasets
44655 Q0 uk30 16 5 results_for_datasets
44655 Q0 uk31 17 4 results_for_datasets
44655 Q0 uk32 18 3 results_for_datasets
44655 Q0 k1 19 2 results_for_datasets
44655 Q0 uk33 20 1 results_for_datasets
44672 Q0 uk10 1 20 results_for_datasets
44672 Q0 uk11 2 19 results_for_datasets
44672 Q0 k0 3 18 results_for_datasets
44672 Q0 uk12 4 17 results_for_datasets
44672 Q0 uk13 5 16 results_for_datasets
44672 Q0 uk14 6 15 results_for_datasets
44672 Q0 uk15 7 14 results_for_datasets
44672 Q0 uk16 8 13 results_for_datasets
44672 Q0 uk17 9 12 results_for_datasets
44672 Q0 uk18 10 11 results_for_datasets
44672 Q0 uk19 11 10 results_for_datasets
44672 Q0 uk20 12 9 results_for_datasets
44672 Q0 uk21 13 8 results_for_datasets
44672 Q0 uk22 14 7 results_for_datasets
44672 Q0 uk23 15 6 results_for_datasets
44672 Q0 k7 16 5 results_for_datasets
44672 Q0 uk24 17 4 results_for_datasets
44672 Q0 uk25 18 3 results_for_datasets
44672 Q0 uk26 19 2 results_for_datasets
44672 Q0 uk27 20 1 results_for_datasets
44772 Q0 uk16 1 20 results_for_datasets
44772 Q0 uk17 2 19 results_for_datasets
44772 Q0 k13 3 18 results_for_datasets
44772 Q0 k6 4 17 results_for_datasets
44772 Q0 uk18 5 16 results_for_datasets
44772 Q0 uk19 6 15 results_for_datasets
44772 Q0 uk20 7 14 results_for_datasets
44772 Q0 uk21 8 13 results_for_datasets
44772 Q0 uk22 9 12 results_for_datasets
44772 Q0 uk23 10 11 results_for_datasets
44772 Q0 uk24 11 10 results_for_datasets
44772 Q0 uk25 12 9 results_for_datasets
44772 Q0 uk26 13 8 results_for_datasets
44772 Q0 uk27 14 7 results_for_datasets
44772 Q0 uk28 15 6 results_for_datasets
44772 Q0 uk29 16 5 results_for_datasets
44772 Q0 uk30 17 4 results_for_datasets
44772 Q0 uk31 18 3 results_for_datasets
44772 Q0 uk32 19 2 results_for_datasets
44772 Q0 uk33 20 1 results_for_datasets
44833 Q0 uk9 1 20 results_for_datasets
44833 Q0 uk10 2 19 results_for_datasets
44833 Q0 uk11 3 18 results_for_datasets
44833 Q0 k0 4 17 results_for_datasets
44833 Q0 uk12 5 16 results_for_datasets
44833 Q0 k4 6 15 results_for_datasets
44833 Q0 k2 7 14 results_for_datasets
44833 Q0 uk13 8 13 results_for_datasets
44833 Q0 uk14 9 12 results_for_datasets
44833 Q0 uk15 10 11 results_for_datasets
44833 Q0 k7 11 10 results_for_datasets
44833 Q0 uk16 12 9 results_for_datasets
44833 Q0 uk17 13 8 results_for_datasets
44833 Q0 uk18 14 7 results_for_datasets
44833 Q0 uk19 15 6 results_for_datasets
44833 Q0 uk20 16 5 results_for_datasets
44833 Q0 uk21 17 4 results_for_datasets
44833 Q0 uk22 18 3 results_for_datasets
44833 Q0 uk23 19 2 results_for_datasets
44833 Q0 uk24 20 1 results_for_datasets
44839 Q0 uk12 1 20 results_for_datasets
44839 Q0 k9 2 19 results_for_datasets
44839 Q0 uk13 3 18 results_for_datasets
44839 Q0 uk14 4 17 results_for_datasets
44839 Q0 uk15 5 16 results_for_datasets
44839 Q0 k0 6 15 results_for_datasets
44839 Q0 k8 7 14 results_for_datasets
44839 Q0 uk16 8 13 results_for_datasets
44839 Q0 uk17 9 12 results_for_datasets
44839 Q0 k7 10 11 results_for_datasets
44839 Q0 uk18 11 10 results_for_datasets
44839 Q0 uk19 12 9 results_for_datasets
44839 Q0 k4 13 8 results_for_datasets
44839 Q0 k10 14 7 results_for_datasets
44839 Q0 uk20 15 6 results_for_datasets
44839 Q0 uk21 16 5 results_for_datasets
44839 Q0 k2 17 4 results_for_datasets
44839 Q0 uk22 18 3 results_for_datasets
44839 Q0 uk23 19 2 results_for_datasets
44839 Q0 uk24 20 1 results_for_datasets
44860 Q0 uk10 1 20 results_for_datasets
44860 Q0 k3 2 19 results_for_datasets
44860 Q0 uk11 3 18 results_for_datasets
44860 Q0 uk12 4 17 results_for_datasets
44860 Q0 uk13 5 16 results_for_datasets
44860 Q0 uk14 6 15 results_for_datasets
44860 Q0 uk15 7 14 results_for_datasets
44860 Q0 uk16 8 13 results_for_datasets
44860 Q0 uk17 9 12 results_for_datasets
44860 Q0 uk18 10 11 results_for_datasets
44860 Q0 uk19 11 10 results_for_datasets
44860 Q0 uk20 12 9 results_for_datasets
44860 Q0 uk21 13 8 results_for_datasets
44860 Q0 uk22 14 7 results_for_datasets
44860 Q0 uk23 15 6 results_for_datasets
44860 Q0 uk24 16 5 results_for_datasets
44860 Q0 uk25 17 4 results_for_datasets
44860 Q0 uk26 18 3 results_for_datasets
44860 Q0 uk27 19 2 results_for_datasets
44860 Q0 uk28 20 1 results_for_datasets
44881 Q0 uk17 1 20 results_for_datasets
44881 Q0 uk18 2 19 results_for_datasets
44881 Q0 uk19 3 18 results_for_datasets
44881 Q0 k12 4 17 results_for_datasets
44881 Q0 uk20 5 16 results_for_datasets
44881 Q0 uk21 6 15 results_for_datasets
44881 Q0 uk22 7 14 results_for_datasets
44881 Q0 uk23 8 13 results_for_datasets
44881 Q0 k6 9 12 results_for_datasets
44881 Q0 k15 10 11 results_for_datasets
44881 Q0 uk24 11 10 results_for_datasets
44881 Q0 uk25 12 9 results_for_datasets
44881 Q0 uk26 13 8 results_for_datasets
44881 Q0 k5 14 7 results_for_datasets
44881 Q0 k10 15 6 results_for_datasets
44881 Q0 uk27 16 5 results_for_datasets
44881 Q0 uk28 17 4 results_for_datasets
44881 Q0 uk29 18 3 results_for_datasets
44881 Q0 uk30 19 2 results_for_datasets
44881 Q0 uk31 20 1 results_for_datasets
44939 Q0 uk11 1 20 results_for_datasets
44939 Q0 k8 2 19 results_for_datasets
44939 Q0 uk12 3 18 results_for_datasets
44939 Q0 uk13 4 17 results_for_datasets
44939 Q0 uk14 5 16 results_for_datasets
44939 Q0 k0 6 15 results_for_datasets
44939 Q0 k7 7 14 results_for_datasets
44939 Q0 uk15 8 13 results_for_datasets
44939 Q0 uk16 9 12 results_for_datasets
44939 Q0 uk17 10 11 results_for_datasets
44939 Q0 uk18 11 10 results_for_datasets
44939 Q0 uk19 12 9 results_for_datasets
44939 Q0 uk20 13 8 results_for_datasets
44939 Q0 uk21 14 7 results_for_datasets
44939 Q0 k4 15 6 results_for_datasets
44939 Q0 uk22 16 5 results_for_datasets
44939 Q0 uk23 17 4 results_for_datasets
44939 Q0 uk24 18 3 results_for_datasets
44939 Q0 uk25 19 2 results_for_datasets
44939 Q0 uk26 20 1 results_for_datasets
44940 Q0 uk7 1 20 results_for_datasets
44940 Q0 uk8 2 19 results_for_datasets
44940 Q0 uk9 3 18 results_for_datasets
44940 Q0 k5 4 17 results_for_datasets
44940 Q0 uk10 5 16 results_for_datasets
44940 Q0 uk11 6 15 results_for_datasets
44940 Q0 uk12 7 14 results_for_datasets
44940 Q0 uk13 8 13 results_for_datasets
44940 Q0 uk14 9 12 results_for_datasets
44940 Q0 uk15 10 11 results_for_datasets
44940 Q0 uk16 11 10 results_for_datasets
44940 Q0 uk17 12 9 results_for_datasets
44940 Q0 uk18 13 8 results_for_datasets
44940 Q0 uk19 14 7 results_for_datasets
44940 Q0 uk20 15 6 results_for_datasets
44940 Q0 uk21 16 5 results_for_datasets
44940 Q0 uk22 17 4 results_for_datasets
44940 Q0 uk23 18 3 results_for_datasets
44940 Q0 k4 19 2 results_for_datasets
44940 Q0 uk24 20 1 results_for_datasets
44959 Q0 k8 1 20 results_for_datasets
44959 Q0 uk18 2 19 results_for_datasets
44959 Q0 uk19 3 18 results_for_datasets
44959 Q0 uk20 4 17 results_for_datasets
44959 Q0 uk21 5 16 results_for_datasets
44959 Q0 uk22 6 15 results_for_datasets
44959 Q0 uk23 7 14 results_for_datasets
44959 Q0 uk24 8 13 results_for_datasets
44959 Q0 k16 9 12 results_for_datasets
44959 Q0 uk25 10 11 results_for_datasets
44959 Q0 k11 11 10 results_for_datasets
44959 Q0 uk26 12 9 results_for_datasets
44959 Q0 uk27 13 8 results_for_datasets
44959 Q0 uk28 14 7 results_for_datasets
44959 Q0 k9 15 6 results_for_datasets
44959 Q0 uk29 16 5 results_for_datasets
44959 Q0 k3 17 4 results_for_datasets
44959 Q0 uk30 18 3 results_for_datasets
44959 Q0 uk31 19 2 results_for_datasets
44959 Q0 uk32 20 1 results_for_datasets
44960 Q0 uk12 1 20 results_for_datasets
44960 Q0 uk13 2 19 results_for_datasets
44960 Q0 k8 3 18 results_for_datasets
44960 Q0 k6 4 17 results_for_datasets
44960 Q0 k0 5 16 results_for_datasets
44960 Q0 k5 6 15 results_for_datasets
44960 Q0 k3 7 14 results_for_datasets
44960 Q0 uk14 8 13 results_for_datasets
44960 Q0 uk15 9 12 results_for_datasets
44960 Q0 uk16 10 11 results_for_datasets
44960 Q0 uk17 11 10 results_for_datasets
44960 Q0 uk18 12 9 results_for_datasets
44960 Q0 uk19 13 8 results_for_datasets
44960 Q0 uk20 14 7 results_for_datasets
44960 Q0 uk21 15 6 results_for_datasets
44960 Q0 uk22 16 5 results_for_datasets
44960 Q0 uk23 17 4 results_for_datasets
44960 Q0 uk24 18 3 results_for_datasets
44960 Q0 k4 19 2 results_for_datasets
44960 Q0 uk25 20 1 results_for_datasets
44963 Q0 k8 1 20 results_for_datasets
44963 Q0 k0 2 19 results_for_datasets
44963 Q0 uk11 3 18 results_for_datasets
44963 Q0 k2 4 17 results_for_datasets
44963 Q0 uk12 5 16 results_for_datasets
44963 Q0 uk13 6 15 results_for_datasets
44963 Q0 uk14 7 14 results_for_datasets
44963 Q0 uk15 8 13 results_for_datasets
44963 Q0 uk16 9 12 results_for_datasets
44963 Q0 uk17 10 11 results_for_datasets
44963 Q0 uk18 11 10 results_for_datasets
44963 Q0 uk19 12 9 results_for_datasets
44963 Q0 uk20 13 8 results_for_datasets
44963 Q0 uk21 14 7 results_for_datasets
44963 Q0 uk22 15 6 results_for_datasets
44963 Q0 uk23 16 5 results_for_datasets
44963 Q0 uk24 17 4 results_for_datasets
44963 Q0 uk25 18 3 results_for_datasets
44963 Q0 uk26 19 2 results_for_datasets
44963 Q0 uk27 20 1 results_for_datasets
44974 Q0 k2 1 20 results_for_datasets
44974 Q0 uk12 2 19 results_for_datasets
44974 Q0 uk13 3 18 results_for_datasets
44974 Q0 uk14 4 17 results_for_datasets
44974 Q0 uk15 5 16 results_for_datasets
44974 Q0 uk16 6 15 results_for_datasets
44974 Q0 k1 7 14 results_for_datasets
44974 Q0 uk17 8 13 results_for_datasets
44974 Q0 uk18 9 12 results_for_datasets
44974 Q0 uk19 10 11 results_for_datasets
44974 Q0 uk20 11 10 results_for_datasets
44974 Q0 uk21 12 9 results_for_datasets
44974 Q0 uk22 13 8 results_for_datasets
44974 Q0 uk23 14 7 results_for_datasets
44974 Q0 uk24 15 6 results_for_datasets
44974 Q0 uk25 16 5 results_for_datasets
44974 Q0 uk26 17 4 results_for_datasets
44974 Q0 uk27 18 3 results_for_datasets
44974 Q0 uk28 19 2 results_for_datasets
44974 Q0 uk29 20 1 results_for_datasets
44975 Q0 uk20 1 20 results_for_datasets
44975 Q0 uk21 2 19 results_for_datasets
44975 Q0 uk22 3 18 results_for_datasets
44975 Q0 uk23 4 17 results_for_datasets
44975 Q0 k9 5 16 results_for_datasets
44975 Q0 uk24 6 15 results_for_datasets
44975 Q0 k12 7 14 results_for_datasets
44975 Q0 uk25 8 13 results_for_datasets
44975 Q0 uk26 9 12 results_for_datasets
44975 Q0 uk27 10 11 results_for_datasets
44975 Q0 uk28 11 10 results_for_datasets
44975 Q0 uk29 12 9 results_for_datasets
44975 Q0 uk30 13 8 results_for_datasets
44975 Q0 k7 14 7 results_for_datasets
44975 Q0 uk31 15 6 results_for_datasets
44975 Q0 uk32 16 5 results_for_datasets
44975 Q0 k15 17 4 results_for_datasets
44975 Q0 uk33 18 3 results_for_datasets
44975 Q0 uk34 19 2 results_for_datasets
44975 Q0 uk35 20 1 results_for_datasets
44998 Q0 uk13 1 20 results_for_datasets
44998 Q0 uk14 2 19 results_for_datasets
44998 Q0 uk15 3 18 results_for_datasets
44998 Q0 uk16 4 17 results_for_datasets
44998 Q0 k5 5 16 results_for_datasets
44998 Q0 k9 6 15 results_for_datasets
44998 Q0 uk17 7 14 results_for_datasets
44998 Q0 uk18 8 13 results_for_datasets
44998 Q0 uk19 9 12 results_for_datasets
44998 Q0 k1 10 11 results_for_datasets
44998 Q0 k11 11 10 results_for_datasets
44998 Q0 uk20 12 9 results_for_datasets
44998 Q0 uk21 13 8 results_for_datasets
44998 Q0 uk22 14 7 results_for_datasets
44998 Q0 k3 15 6 results_for_datasets
44998 Q0 uk23 16 5 results_for_datasets
44998 Q0 uk24 17 4 results_for_datasets
44998 Q0 uk25 18 3 results_for_datasets
44998 Q0 uk26 19 2 results_for_datasets
44998 Q0 uk27 20 1 results_for_datasets
44999 Q0 uk9 1 20 results_for_datasets
44999 Q0 k3 2 19 results_for_datasets
44999 Q0 uk10 3 18 results_for_datasets
44999 Q0 k7 4 17 results_for_datasets
44999 Q0 uk11 5 16 results_for_datasets
44999 Q0 uk12 6 15 results_for_datasets
44999 Q0 uk13 7 14 results_for_datasets
44999 Q0 uk14 8 13 results_for_datasets
44999 Q0 uk15 9 12 results_for_datasets
44999 Q0 uk16 10 11 results_for_datasets
44999 Q0 uk17 11 10 results_for_datasets
44999 Q0 uk18 12 9 results_for_datasets
44999 Q0 uk19 13 8 results_for_datasets
44999 Q0 uk20 14 7 results_for_datasets
44999 Q0 uk21 15 6 results_for_datasets
44999 Q0 uk22 16 5 results_for_datasets
44999 Q0 uk23 17 4 results_for_datasets
44999 Q0 uk24 18 3 results_for_datasets
44999 Q0 uk25 19 2 results_for_datasets
44999 Q0 uk26 20 1 results_for_datasets
45037 Q0 uk16 1 20 results_for_datasets
45037 Q0 uk17 2 19 results_for_datasets
45037 Q0 k10 3 18 results_for_datasets
45037 Q0 k0 4 17 results_for_datasets
45037 Q0 uk18 5 16 results_for_datasets
45037 Q0 uk19 6 15 results_for_datasets
45037 Q0 uk20 7 14 results_for_datasets
45037 Q0 uk21 8 13 results_for_datasets
45037 Q0 uk22 9 12 results_for_datasets
45037 Q0 uk23 10 11 results_for_datasets
45037 Q0 uk24 11 10 results_for_datasets
45037 Q0 uk25 12 9 results_for_datasets
45037 Q0 uk26 13 8 results_for_datasets
45037 Q0 uk27 14 7 results_for_datasets
45037 Q0 uk28 15 6 results_for_datasets
45037 Q0 uk29 16 5 results_for_datasets
45037 Q0 uk30 17 4 results_for_datasets
45037 Q0 uk31 18 3 results_for_datasets
45037 Q0 uk32 19 2 results_for_datasets
45037 Q0 uk33 20 1 results_for_datasets
45070 Q0 k7 1 20 results_for_datasets
45070 Q0 uk14 2 19 results_for_datasets
45070 Q0 uk15 3 18 results_for_datasets
45070 Q0 uk16 4 17 results_for_datasets
45070 Q0 uk17 5 16 results_for_datasets
45070 Q0 uk18 6 15 results_for_datasets
45070 Q0 k11 7 14 results_for_datasets
45070 Q0 k6 8 13 results_for_datasets
45070 Q0 k12 9 12 results_for_datasets
45070 Q0 uk19 10 11 results_for_datasets
45070 Q0 uk20 11 10 results_for_datasets
45070 Q0 uk21 12 9 results_for_datasets
45070 Q0 uk22 13 8 results_for_datasets
45070 Q0 uk23 14 7 results_for_datasets
45070 Q0 uk24 15 6 results_for_datasets
45070 Q0 uk25 16 5 results_for_datasets
45070 Q0 k3 17 4 results_for_datasets
45070 Q0 uk26 18 3 results_for_datasets
45070 Q0 uk27 19 2 results_for_datasets
45070 Q0 uk28 20 1 results_for_datasets
45197 Q0 uk9 1 20 results_for_datasets
45197 Q0 uk10 2 19 results_for_datasets
45197 Q0 uk11 3 18 results_for_datasets
45197 Q0 uk12 4 17 results_for_datasets
45197 Q0 uk13 5 16 results_for_datasets
45197 Q0 uk14 6 15 results_for_datasets
45197 Q0 k4 7 14 results_for_datasets
45197 Q0 uk15 8 13 results_for_datasets
45197 Q0 uk16 9 12 results_for_datasets
45197 Q0 uk17 10 11 results_for_datasets
45197 Q0 uk18 11 10 results_for_datasets
45197 Q0 uk19 12 9 results_for_datasets
45197 Q0 uk20 13 8 results_for_datasets
45197 Q0 uk21 14 7 results_for_datasets
45197 Q0 k5 15 6 results_for_datasets
45197 Q0 uk22 16 5 results_for_datasets
45197 Q0 uk23 17 4 results_for_datasets
45197 Q0 uk24 18 3 results_for_datasets
45197 Q0 uk25 19 2 results_for_datasets
45197 Q0 k7 20 1 results_for_datasets
45346 Q0 uk13 1 20 results_for_datasets
45346 Q0 uk14 2 19 results_for_datasets
45346 Q0 uk15 3 18 results_for_datasets
45346 Q0 uk16 4 17 results_for_datasets
45346 Q0 uk17 5 16 results_for_datasets
45346 Q0 uk18 6 15 results_for_datasets
45346 Q0 uk19 7 14 results_for_datasets
45346 Q0 uk20 8 13 results_for_datasets
45346 Q0 uk21 9 12 results_for_datasets
45346 Q0 uk22 10 11 results_for_datasets
45346 Q0 uk23 11 10 results_for_datasets
45346 Q0 uk24 12 9 results_for_datasets
45346 Q0 uk25 13 8 results_for_datasets
45346 Q0 uk26 14 7 results_for_datasets
45346 Q0 uk27 15 6 results_for_datasets
45346 Q0 uk28 16 5 results_for_datasets
45346 Q0 uk29 17 4 results_for_datasets
45346 Q0 k10 18 3 results_for_datasets
45346 Q0 uk30 19 2 results_for_datasets
45346 Q0 uk31 20 1 results_for_datasets
45364 Q0 uk11 1 20 results_for_datasets
45364 Q0 k4 2 19 results_for_datasets
45364 Q0 uk12 3 18 results_for_datasets
45364 Q0 uk13 4 17 results_for_datasets
45364 Q0 uk14 5 16 results_for_datasets
45364 Q0 uk15 6 15 results_for_datasets
45364 Q0 uk16 7 14 results_for_datasets
45364 Q0 uk17 8 13 results_for_datasets
45364 Q0 k2 9 12 results_for_datasets
45364 Q0 uk18 10 11 results_for_datasets
45364 Q0 uk19 11 10 results_for_datasets
45364 Q0 uk20 12 9 results_for_datasets
45364 Q0 uk21 13 8 results_for_datasets
45364 Q0 uk22 14 7 results_for_datasets
45364 Q0 uk23 15 6 results_for_datasets
45364 Q0 uk24 16 5 results_for_datasets
45364 Q0 k1 17 4 results_for_datasets
45364 Q0 k8 18 3 results_for_datasets
45364 Q0 uk25 19 2 results_for_datasets
45364 Q0 uk26 20 1 results_for_datasets
45467 Q0 uk10 1 20 results_for_datasets
45467 Q0 uk11 2 19 results_for_datasets
45467 Q0 uk12 3 18 results_for_datasets
45467 Q0 uk13 4 17 results_for_datasets
45467 Q0 k6 5 16 results_for_datasets
45467 Q0 k2 6 15 results_for_datasets
45467 Q0 uk14 7 14 results_for_datasets
45467 Q0 uk15 8 13 results_for_datasets
45467 Q0 uk16 9 12 results_for_datasets
45467 Q0 uk17 10 11 results_for_datasets
45467 Q0 k1 11 10 results_for_datasets
45467 Q0 uk18 12 9 results_for_datasets
45467 Q0 uk19 13 8 results_for_datasets
45467 Q0 uk20 14 7 results_for_datasets
45467 Q0 uk21 15 6 results_for_datasets
45467 Q0 uk22 16 5 results_for_datasets
45467 Q0 uk23 17 4 results_for_datasets
45467 Q0 uk24 18 3 results_for_datasets
45467 Q0 uk25 19 2 results_for_datasets
45467 Q0 uk26 20 1 results_for_datasets
45468 Q0 uk9 1 20 results_for_datasets
45468 Q0 uk10 2 19 results_for_datasets
45468 Q0 uk11 3 18 results_for_datasets
45468 Q0 uk12 4 17 results_for_datasets
45468 Q0 uk13 5 16 results_for_datasets
45468 Q0 uk14 6 15 results_for_datasets
45468 Q0 k4 7 14 results_for_datasets
45468 Q0 uk15 8 13 results_for_datasets
45468 Q0 uk16 9 12 results_for_datasets
45468 Q0 uk17 10 11 results_for_datasets
45468 Q0 uk18 11 10 results_for_datasets
45468 Q0 uk19 12 9 results_for_datasets
45468 Q0 uk20 13 8 results_for_datasets
45468 Q0 uk21 14 7 results_for_datasets
45468 Q0 uk22 15 6 results_for_datasets
45468 Q0 uk23 16 5 results_for_datasets
45468 Q0 uk24 17 4 results_for_datasets
45468 Q0 uk25 18 3 results_for_datasets
45468 Q0 uk26 19 2 results_for_datasets
45468 Q0 uk27 20 1 results_for_datasets
45496 Q0 uk18 1 20 results_for_datasets
45496 Q0 uk19 2 19 results_for_datasets
45496 Q0 uk20 3 18 results_for_datasets
45496 Q0 uk21 4 17 results_for_datasets
45496 Q0 uk22 5 16 results_for_datasets
45496 Q0 k0 6 15 results_for_datasets
45496 Q0 uk23 7 14 results_for_datasets
45496 Q0 uk24 8 13 results_for_datasets
45496 Q0 uk25 9 12 results_for_datasets
45496 Q0 uk26 10 11 results_for_datasets
45496 Q0 uk27 11 10 results_for_datasets
45496 Q0 uk28 12 9 results_for_datasets
45496 Q0 k15 13 8 results_for_datasets
45496 Q0 uk29 14 7 results_for_datasets
45496 Q0 uk30 15 6 results_for_datasets
45496 Q0 k8 16 5 results_for_datasets
45496 Q0 uk31 17 4 results_for_datasets
45496 Q0 uk32 18 3 results_for_datasets
45496 Q0 uk33 19 2 results_for_datasets
45496 Q0 uk34 20 1 results_for_datasets
45498 Q0 uk11 1 20 results_for_datasets
45498 Q0 uk12 2 19 results_for_datasets
45498 Q0 uk13 3 18 results_for_datasets
45498 Q0 k3 4 17 results_for_datasets
45498 Q0 uk14 5 16 results_for_datasets
45498 Q0 uk15 6 15 results_for_datasets
45498 Q0 uk16 7 14 results_for_datasets
45498 Q0 uk17 8 13 results_for_datasets
45498 Q0 uk18 9 12 results_for_datasets
45498 Q0 uk19 10 11 results_for_datasets
45498 Q0 k9 11 10 results_for_datasets
45498 Q0 uk20 12 9 results_for_datasets
45498 Q0 uk21 13 8 results_for_datasets
45498 Q0 uk22 14 7 results_for_datasets
45498 Q0 uk23 15 6 results_for_datasets
45498 Q0 uk24 16 5 results_for_datasets
45498 Q0 uk25 17 4 results_for_datasets
45498 Q0 uk26 18 3 results_for_datasets
45498 Q0 uk27 19 2 results_for_datasets
45498 Q0 uk28 20 1 results_for_datasets
45513 Q0 uk9 1 20 results_for_datasets
45513 Q0 uk10 2 19 results_for_datasets
45513 Q0 uk11 3 18 results_for_datasets
45513 Q0 k3 4 17 results_for_datasets
45513 Q0 uk12 5 16 results_for_datasets
45513 Q0 uk13 6 15 results_for_datasets
45513 Q0 k1 7 14 results_for_datasets
45513 Q0 uk14 8 13 results_for_datasets
45513 Q0 uk15 9 12 results_for_datasets
45513 Q0 uk16 10 11 results_for_datasets
45513 Q0 uk17 11 10 results_for_datasets
45513 Q0 uk18 12 9 results_for_datasets
45513 Q0 uk19 13 8 results_for_datasets
45513 Q0 uk20 14 7 results_for_datasets
45513 Q0 uk21 15 6 results_for_datasets
45513 Q0 uk22 16 5 results_for_datasets
45513 Q0 uk23 17 4 results_for_datasets
45513 Q0 uk24 18 3 results_for_datasets
45513 Q0 uk25 19 2 results_for_datasets
45513 Q0 uk26 20 1 results_for_datasets
45525 Q0 uk14 1 20 results_for_datasets
45525 Q0 uk15 2 19 results_for_datasets
45525 Q0 uk16 3 18 results_for_datasets
45525 Q0 uk17 4 17 results_for_datasets
45525 Q0 k12 5 16 results_for_datasets
45525 Q0 uk18 6 15 results_for_datasets
45525 Q0 uk19 7 14 results_for_datasets
45525 Q0 uk20 8 13 results_for_datasets
45525 Q0 k9 9 12 results_for_datasets
45525 Q0 uk21 10 11 results_for_datasets
45525 Q0 uk22 11 10 results_for_datasets
45525 Q0 uk23 12 9 results_for_datasets
45525 Q0 uk24 13 8 results_for_datasets
45525 Q0 uk25 14 7 results_for_datasets
45525 Q0 uk26 15 6 results_for_datasets
45525 Q0 uk27 16 5 results_for_datasets
45525 Q0 uk28 17 4 results_for_datasets
45525 Q0 uk29 18 3 results_for_datasets
45525 Q0 uk30 19 2 results_for_datasets
45525 Q0 uk31 20 1 results_for_datasets
45527 Q0 uk16 1 20 results_for_datasets
45527 Q0 uk17 2 19 results_for_datasets
45527 Q0 uk18 3 18 results_for_datasets
45527 Q0 uk19 4 17 results_for_datasets
45527 Q0 uk20 5 16 results_for_datasets
45527 Q0 k5 6 15 results_for_datasets
45527 Q0 uk21 7 14 results_for_datasets
45527 Q0 k12 8 13 results_for_datasets
45527 Q0 k13 9 12 results_for_datasets
45527 Q0 uk22 10 11 results_for_datasets
45527 Q0 uk23 11 10 results_for_datasets
45527 Q0 uk24 12 9 results_for_datasets
45527 Q0 uk25 13 8 results_for_datasets
45527 Q0 uk26 14 7 results_for_datasets
45527 Q0 uk27 15 6 results_for_datasets
45527 Q0 uk28 16 5 results_for_datasets
45527 Q0 uk29 17 4 results_for_datasets
45527 Q0 uk30 18 3 results_for_datasets
45527 Q0 uk31 19 2 results_for_datasets
45527 Q0 uk32 20 1 results_for_datasets
45592 Q0 uk10 1 20 results_for_datasets
45592 Q0 uk11 2 19 results_for_datasets
45592 Q0 uk12 3 18 results_for_datasets
45592 Q0 uk13 4 17 results_for_datasets
45592 Q0 uk14 5 16 results_for_datasets
45592 Q0 k7 6 15 results_for_datasets
45592 Q0 k6 7 14 results_for_datasets
45592 Q0 k3 8 13 results_for_datasets
45592 Q0 uk15 9 12 results_for_datasets
45592 Q0 uk16 10 11 results_for_datasets
45592 Q0 uk17 11 10 results_for_datasets
45592 Q0 uk18 12 9 results_for_datasets
45592 Q0 uk19 13 8 results_for_datasets
45592 Q0 k4 14 7 results_for_datasets
45592 Q0 uk20 15 6 results_for_datasets
45592 Q0 k8 16 5 results_for_datasets
45592 Q0 uk21 17 4 results_for_datasets
45592 Q0 uk22 18 3 results_for_datasets
45592 Q0 uk23 19 2 results_for_datasets
45592 Q0 k2 20 1 results_for_datasets
45611 Q0 uk11 1 20 results_for_datasets
45611 Q0 uk12 2 19 results_for_datasets
45611 Q0 k1 3 18 results_for_datasets
45611 Q0 uk13 4 17 results_for_datasets
45611 Q0 uk14 5 16 results_for_datasets
45611 Q0 uk15 6 15 results_for_datasets
45611 Q0 uk16 7 14 results_for_datasets
45611 Q0 k9 8 13 results_for_datasets
45611 Q0 uk17 9 12 results_for_datasets
45611 Q0 uk18 10 11 results_for_datasets
45611 Q0 uk19 11 10 results_for_datasets
45611 Q0 uk20 12 9 results_for_datasets
45611 Q0 uk21 13 8 results_for_datasets
45611 Q0 uk22 14 7 results_for_datasets
45611 Q0 uk23 15 6 results_for_datasets
45611 Q0 uk24 16 5 results_for_datasets
45611 Q0 uk25 17 4 results_for_datasets
45611 Q0 uk26 18 3 results_for_datasets
45611 Q0 uk27 19 2 results_for_datasets
45611 Q0 uk28 20 1 results_for_datasets
45614 Q0 uk16 1 20 results_for_datasets
45614 Q0 k3 2 19 results_for_datasets
45614 Q0 uk17 3 18 results_for_datasets
45614 Q0 uk18 4 17 results_for_datasets
45614 Q0 k5 5 16 results_for_datasets
45614 Q0 k12 6 15 results_for_datasets
45614 Q0 uk19 7 14 results_for_datasets
45614 Q0 k13 8 13 results_for_datasets
45614 Q0 uk20 9 12 results_for_datasets
45614 Q0 uk21 10 11 results_for_datasets
45614 Q0 k2 11 10 results_for_datasets
45614 Q0 uk22 12 9 results_for_datasets
45614 Q0 uk23 13 8 results_for_datasets
45614 Q0 uk24 14 7 results_for_datasets
45614 Q0 uk25 15 6 results_for_datasets
45614 Q0 uk26 16 5 results_for_datasets
45614 Q0 uk27 17 4 results_for_datasets
45614 Q0 uk28 18 3 results_for_datasets
45614 Q0 uk29 19 2 results_for_datasets
45614 Q0 uk30 20 1 results_for_datasets
45619 Q0 uk13 1 20 results_for_datasets
45619 Q0 uk14 2 19 results_for_datasets
45619 Q0 uk15 3 18 results_for_datasets
45619 Q0 uk16 4 17 results_for_datasets
45619 Q0 uk17 5 16 results_for_datasets
45619 Q0 uk18 6 15 results_for_datasets
45619 Q0 uk19 7 14 results_for_datasets
45619 Q0 uk20 8 13 results_for_datasets
45619 Q0 uk21 9 12 results_for_datasets
45619 Q0 uk22 10 11 results_for_datasets
45619 Q0 uk23 11 10 results_for_datasets
45619 Q0 uk24 12 9 results_for_datasets
45619 Q0 uk25 13 8 results_for_datasets
45619 Q0 uk26 14 7 results_for_datasets
45619 Q0 uk27 15 6 results_for_datasets
45619 Q0 uk28 16 5 results_for_datasets
45619 Q0 uk29 17 4 results_for_datasets
45619 Q0 uk30 18 3 results_for_datasets
45619 Q0 k6 19 2 results_for_datasets
45619 Q0 k3 20 1 results_for_datasets
45621 Q0 uk11 1 20 results_for_datasets
45621 Q0 uk12 2 19 results_for_datasets
45621 Q0 uk13 3 18 results_for_datasets
45621 Q0 uk14 4 17 results_for_datasets
45621 Q0 uk15 5 16 results_for_datasets
45621 Q0 k3 6 15 results_for_datasets
45621 Q0 uk16 7 14 results_for_datasets
45621 Q0 k0 8 13 results_for_datasets
45621 Q0 uk17 9 12 results_for_datasets
45621 Q0 uk18 10 11 results_for_datasets
45621 Q0 uk19 11 10 results_for_datasets
45621 Q0 k1 12 9 results_for_datasets
45621 Q0 uk20 13 8 results_for_datasets
45621 Q0 uk21 14 7 results_for_datasets
45621 Q0 uk22 15 6 results_for_datasets
45621 Q0 k7 16 5 results_for_datasets
45621 Q0 uk23 17 4 results_for_datasets
45621 Q0 k2 18 3 results_for_datasets
45621 Q0 uk24 19 2 results_for_datasets
45621 Q0 uk25 20 1 results_for_datasets
45625 Q0 k8 1 20 results_for_datasets
45625 Q0 uk12 2 19 results_for_datasets
45625 Q0 uk13 3 18 results_for_datasets
45625 Q0 uk14 4 17 results_for_datasets
45625 Q0 k2 5 16 results_for_datasets
45625 Q0 uk15 6 15 results_for_datasets
45625 Q0 uk16 7 14 results_for_datasets
45625 Q0 uk17 8 13 results_for_datasets
45625 Q0 uk18 9 12 results_for_datasets
45625 Q0 k0 10 11 results_for_datasets
45625 Q0 uk19 11 10 results_for_datasets
45625 Q0 k5 12 9 results_for_datasets
45625 Q0 uk20 13 8 results_for_datasets
45625 Q0 uk21 14 7 results_for_datasets
45625 Q0 uk22 15 6 results_for_datasets
45625 Q0 uk23 16 5 results_for_datasets
45625 Q0 uk24 17 4 results_for_datasets
45625 Q0 uk25 18 3 results_for_datasets
45625 Q0 k7 19 2 results_for_datasets
45625 Q0 uk26 20 1 results_for_datasets
45626 Q0 k7 1 20 results_for_datasets
45626 Q0 uk15 2 19 results_for_datasets
45626 Q0 uk16 3 18 results_for_datasets
45626 Q0 k10 4 17 results_for_datasets
45626 Q0 uk17 5 16 results_for_datasets
45626 Q0 uk18 6 15 results_for_datasets
45626 Q0 uk19 7 14 results_for_datasets
45626 Q0 uk20 8 13 results_for_datasets
45626 Q0 k12 9 12 results_for_datasets
45626 Q0 k1 10 11 results_for_datasets
45626 Q0 k13 11 10 results_for_datasets
45626 Q0 uk21 12 9 results_for_datasets
45626 Q0 k5 13 8 results_for_datasets
45626 Q0 uk22 14 7 results_for_datasets
45626 Q0 uk23 15 6 results_for_datasets
45626 Q0 k8 16 5 results_for_datasets
45626 Q0 uk24 17 4 results_for_datasets
45626 Q0 uk25 18 3 results_for_datasets
45626 Q0 k0 19 2 results_for_datasets
45626 Q0 uk26 20 1 results_for_datasets
45628 Q0 k3 1 20 results_for_datasets
45628 Q0 uk15 2 19 results_for_datasets
45628 Q0 uk16 3 18 results_for_datasets
45628 Q0 uk17 4 17 results_for_datasets
45628 Q0 uk18 5 16 results_for_datasets
45628 Q0 uk19 6 15 results_for_datasets
45628 Q0 uk20 7 14 results_for_datasets
45628 Q0 uk21 8 13 results_for_datasets
45628 Q0 uk22 9 12 results_for_datasets
45628 Q0 uk23 10 11 results_for_datasets
45628 Q0 uk24 11 10 results_for_datasets
45628 Q0 uk25 12 9 results_for_datasets
45628 Q0 k11 13 8 results_for_datasets
45628 Q0 uk26 14 7 results_for_datasets
45628 Q0 uk27 15 6 results_for_datasets
45628 Q0 k12 16 5 results_for_datasets
45628 Q0 uk28 17 4 results_for_datasets
45628 Q0 uk29 18 3 results_for_datasets
45628 Q0 uk30 19 2 results_for_datasets
45628 Q0 uk31 20 1 results_for_datasets
45635 Q0 uk9 1 20 results_for_datasets
45635 Q0 uk10 2 19 results_for_datasets
45635 Q0 uk11 3 18 results_for_datasets
45635 Q0 uk12 4 17 results_for_datasets
45635 Q0 uk13 5 16 results_for_datasets
45635 Q0 k7 6 15 results_for_datasets
45635 Q0 uk14 7 14 results_for_datasets
45635 Q0 uk15 8 13 results_for_datasets
45635 Q0 uk16 9 12 results_for_datasets
45635 Q0 uk17 10 11 results_for_datasets
45635 Q0 k4 11 10 results_for_datasets
45635 Q0 uk18 12 9 results_for_datasets
45635 Q0 uk19 13 8 results_for_datasets
45635 Q0 uk20 14 7 results_for_datasets
45635 Q0 uk21 15 6 results_for_datasets
45635 Q0 uk22 16 5 results_for_datasets
45635 Q0 uk23 17 4 results_for_datasets
45635 Q0 uk24 18 3 results_for_datasets
45635 Q0 uk25 19 2 results_for_datasets
45635 Q0 uk26 20 1 results_for_datasets
45643 Q0 k4 1 20 results_for_datasets
45643 Q0 uk17 2 19 results_for_datasets
45643 Q0 uk18 3 18 results_for_datasets
45643 Q0 uk19 4 17 results_for_datasets
45643 Q0 k3 5 16 results_for_datasets
45643 Q0 k2 6 15 results_for_datasets
45643 Q0 k12 7 14 results_for_datasets
45643 Q0 uk20 8 13 results_for_datasets
45643 Q0 uk21 9 12 results_for_datasets
45643 Q0 uk22 10 11 results_for_datasets
45643 Q0 uk23 11 10 results_for_datasets
45643 Q0 k14 12 9 results_for_datasets
45643 Q0 uk24 13 8 results_for_datasets
45643 Q0 uk25 14 7 results_for_datasets
45643 Q0 uk26 15 6 results_for_datasets
45643 Q0 uk27 16 5 results_for_datasets
45643 Q0 uk28 17 4 results_for_datasets
45643 Q0 k6 18 3 results_for_datasets
45643 Q0 k1 19 2 results_for_datasets
45643 Q0 uk29 20 1 results_for_datasets
45644 Q0 uk13 1 20 results_for_datasets
45644 Q0 uk14 2 19 results_for_datasets
45644 Q0 uk15 3 18 results_for_datasets
45644 Q0 uk16 4 17 results_for_datasets
45644 Q0 uk17 5 16 results_for_datasets
45644 Q0 uk18 6 15 results_for_datasets
45644 Q0 uk19 7 14 results_for_datasets
45644 Q0 uk20 8 13 results_for_datasets
45644 Q0 uk21 9 12 results_for_datasets
45644 Q0 uk22 10 11 results_for_datasets
45644 Q0 k4 11 10 results_for_datasets
45644 Q0 uk23 12 9 results_for_datasets
45644 Q0 uk24 13 8 results_for_datasets
45644 Q0 k2 14 7 results_for_datasets
45644 Q0 k0 15 6 results_for_datasets
45644 Q0 uk25 16 5 results_for_datasets
45644 Q0 k10 17 4 results_for_datasets
45644 Q0 uk26 18 3 results_for_datasets
45644 Q0 uk27 19 2 results_for_datasets
45644 Q0 uk28 20 1 results_for_datasets
45669 Q0 uk13 1 20 results_for_datasets
45669 Q0 uk14 2 19 results_for_datasets
45669 Q0 uk15 3 18 results_for_datasets
45669 Q0 uk16 4 17 results_for_datasets
45669 Q0 uk17 5 16 results_for_datasets
45669 Q0 k9 6 15 results_for_datasets
45669 Q0 k5 7 14 results_for_datasets
45669 Q0 uk18 8 13 results_for_datasets
45669 Q0 uk19 9 12 results_for_datasets
45669 Q0 uk20 10 11 results_for_datasets
45669 Q0 uk21 11 10 results_for_datasets
45669 Q0 uk22 12 9 results_for_datasets
45669 Q0 uk23 13 8 results_for_datasets
45669 Q0 uk24 14 7 results_for_datasets
45669 Q0 uk25 15 6 results_for_datasets
45669 Q0 uk26 16 5 results_for_datasets
45669 Q0 uk27 17 4 results_for_datasets
45669 Q0 uk28 18 3 results_for_datasets
45669 Q0 uk29 19 2 results_for_datasets
45669 Q0 uk30 20 1 results_for_datasets
45674 Q0 uk13 1 20 results_for_datasets
45674 Q0 uk14 2 19 results_for_datasets
45674 Q0 uk15 3 18 results_for_datasets
45674 Q0 uk16 4 17 results_for_datasets
45674 Q0 uk17 5 16 results_for_datasets
45674 Q0 uk18 6 15 results_for_datasets
45674 Q0 uk19 7 14 results_for_datasets
45674 Q0 uk20 8 13 results_for_datasets
45674 Q0 k11 9 12 results_for_datasets
45674 Q0 uk21 10 11 results_for_datasets
45674 Q0 uk22 11 10 results_for_datasets
45674 Q0 uk23 12 9 results_for_datasets
45674 Q0 uk24 13 8 results_for_datasets
45674 Q0 k6 14 7 results_for_datasets
45674 Q0 uk25 15 6 results_for_datasets
45674 Q0 uk26 16 5 results_for_datasets
45674 Q0 uk27 17 4 results_for_datasets
45674 Q0 uk28 18 3 results_for_datasets
45674 Q0 uk29 19 2 results_for_datasets
45674 Q0 k9 20 1 results_for_datasets
45712 Q0 uk13 1 20 results_for_datasets
45712 Q0 uk14 2 19 results_for_datasets
45712 Q0 k8 3 18 results_for_datasets
45712 Q0 uk15 4 17 results_for_datasets
45712 Q0 uk16 5 16 results_for_datasets
45712 Q0 uk17 6 15 results_for_datasets
45712 Q0 uk18 7 14 results_for_datasets
45712 Q0 k0 8 13 results_for_datasets
45712 Q0 k5 9 12 results_for_datasets
45712 Q0 uk19 10 11 results_for_datasets
45712 Q0 uk20 11 10 results_for_datasets
45712 Q0 uk21 12 9 results_for_datasets
45712 Q0 uk22 13 8 results_for_datasets
45712 Q0 uk23 14 7 results_for_datasets
45712 Q0 uk24 15 6 results_for_datasets
45712 Q0 uk25 16 5 results_for_datasets
45712 Q0 uk26 17 4 results_for_datasets
45712 Q0 uk27 18 3 results_for_datasets
45712 Q0 uk28 19 2 results_for_datasets
45712 Q0 uk29 20 1 results_for_datasets
45722 Q0 k11 1 20 results_for_datasets
45722 Q0 uk14 2 19 results_for_datasets
45722 Q0 uk15 3 18 results_for_datasets
45722 Q0 uk16 4 17 results_for_datasets
45722 Q0 uk17 5 16 results_for_datasets
45722 Q0 uk18 6 15 results_for_datasets
45722 Q0 uk19 7 14 results_for_datasets
45722 Q0 uk20 8 13 results_for_datasets
45722 Q0 uk21 9 12 results_for_datasets
45722 Q0 uk22 10 11 results_for_datasets
45722 Q0 uk23 11 10 results_for_datasets
45722 Q0 k7 12 9 results_for_datasets
45722 Q0 uk24 13 8 results_for_datasets
45722 Q0 uk25 14 7 results_for_datasets
45722 Q0 uk26 15 6 results_for_datasets
45722 Q0 uk27 16 5 results_for_datasets
45722 Q0 uk28 17 4 results_for_datasets
45722 Q0 uk29 18 3 results_for_datasets
45722 Q0 uk30 19 2 results_for_datasets
45722 Q0 uk31 20 1 results_for_datasets
45736 Q0 k5 1 20 results_for_datasets
45736 Q0 uk11 2 19 results_for_datasets
45736 Q0 uk12 3 18 results_for_datasets
45736 Q0 k4 4 17 results_for_datasets
45736 Q0 uk13 5 16 results_for_datasets
45736 Q0 uk14 6 15 results_for_datasets
45736 Q0 uk15 7 14 results_for_datasets
45736 Q0 uk16 8 13 results_for_datasets
45736 Q0 uk17 9 12 results_for_datasets
45736 Q0 k0 10 11 results_for_datasets
45736 Q0 uk18 11 10 results_for_datasets
45736 Q0 uk19 12 9 results_for_datasets
45736 Q0 k2 13 8 results_for_datasets
45736 Q0 uk20 14 7 results_for_datasets
45736 Q0 uk21 15 6 results_for_datasets
45736 Q0 uk22 16 5 results_for_datasets
45736 Q0 uk23 17 4 results_for_datasets
45736 Q0 uk24 18 3 results_for_datasets
45736 Q0 uk25 19 2 results_for_datasets
45736 Q0 uk26 20 1 results_for_datasets
45750 Q0 uk16 1 20 results_for_datasets
45750 Q0 uk17 2 19 results_for_datasets
45750 Q0 uk18 3 18 results_for_datasets
45750 Q0 uk19 4 17 results_for_datasets
45750 Q0 k11 5 16 results_for_datasets
45750 Q0 uk20 6 15 results_for_datasets
45750 Q0 uk21 7 14 results_for_datasets
45750 Q0 uk22 8 13 results_for_datasets
45750 Q0 uk23 9 12 results_for_datasets
45750 Q0 uk24 10 11 results_for_datasets
45750 Q0 uk25 11 10 results_for_datasets
45750 Q0 uk26 12 9 results_for_datasets
45750 Q0 uk27 13 8 results_for_datasets
45750 Q0 uk28 14 7 results_for_datasets
45750 Q0 uk29 15 6 results_for_datasets
45750 Q0 k12 16 5 results_for_datasets
45750 Q0 uk30 17 4 results_for_datasets
45750 Q0 uk31 18 3 results_for_datasets
45750 Q0 k2 19 2 results_for_datasets
45750 Q0 uk32 20 1 results_for_datasets
45758 Q0 k3 1 20 results_for_datasets
45758 Q0 uk8 2 19 results_for_datasets
45758 Q0 uk9 3 18 results_for_datasets
45758 Q0 uk10 4 17 results_for_datasets
45758 Q0 uk11 5 16 results_for_datasets
45758 Q0 uk12 6 15 results_for_datasets
45758 Q0 k4 7 14 results_for_datasets
45758 Q0 uk13 8 13 results_for_datasets
45758 Q0 uk14 9 12 results_for_datasets
45758 Q0 k1 10 11 results_for_datasets
45758 Q0 uk15 11 10 results_for_datasets
45758 Q0 uk16 12 9 results_for_datasets
45758 Q0 uk17 13 8 results_for_datasets
45758 Q0 uk18 14 7 results_for_datasets
45758 Q0 uk19 15 6 results_for_datasets
45758 Q0 uk20 16 5 results_for_datasets
45758 Q0 uk21 17 4 results_for_datasets
45758 Q0 uk22 18 3 results_for_datasets
45758 Q0 k5 19 2 results_for_datasets
45758 Q0 uk23 20 1 results_for_datasets
45761 Q0 uk15 1 20 results_for_datasets
45761 Q0 uk16 2 19 results_for_datasets
45761 Q0 k7 3 18 results_for_datasets
45761 Q0 uk17 4 17 results_for_datasets
45761 Q0 uk18 5 16 results_for_datasets
45761 Q0 uk19 6 15 results_for_datasets
45761 Q0 k8 7 14 results_for_datasets
45761 Q0 uk20 8 13 results_for_datasets
45761 Q0 uk21 9 12 results_for_datasets
45761 Q0 uk22 10 11 results_for_datasets
45761 Q0 uk23 11 10 results_for_datasets
45761 Q0 uk24 12 9 results_for_datasets
45761 Q0 uk25 13 8 results_for_datasets
45761 Q0 uk26 14 7 results_for_datasets
45761 Q0 uk27 15 6 results_for_datasets
45761 Q0 uk28 16 5 results_for_datasets
45761 Q0 uk29 17 4 results_for_datasets
45761 Q0 uk30 18 3 results_for_datasets
45761 Q0 uk31 19 2 results_for_datasets
45761 Q0 uk32 20 1 results_for_datasets
45764 Q0 uk15 1 20 results_for_datasets
45764 Q0 uk16 2 19 results_for_datasets
45764 Q0 uk17 3 18 results_for_datasets
45764 Q0 uk18 4 17 results_for_datasets
45764 Q0 uk19 5 16 results_for_datasets
45764 Q0 uk20 6 15 results_for_datasets
45764 Q0 uk21 7 14 results_for_datasets
45764 Q0 uk22 8 13 results_for_datasets
45764 Q0 uk23 9 12 results_for_datasets
45764 Q0 uk24 10 11 results_for_datasets
45764 Q0 uk25 11 10 results_for_datasets
45764 Q0 uk26 12 9 results_for_datasets
45764 Q0 uk27 13 8 results_for_datasets
45764 Q0 uk28 14 7 results_for_datasets
45764 Q0 uk29 15 6 results_for_datasets
45764 Q0 uk30 16 5 results_for_datasets
45764 Q0 uk31 17 4 results_for_datasets
45764 Q0 uk32 18 3 results_for_datasets
45764 Q0 uk33 19 2 results_for_datasets
45764 Q0 k13 20 1 results_for_datasets
45766 Q0 uk13 1 20 results_for_datasets
45766 Q0 uk14 2 19 results_for_datasets
45766 Q0 uk15 3 18 results_for_datasets
45766 Q0 k7 4 17 results_for_datasets
45766 Q0 k1 5 16 results_for_datasets
45766 Q0 uk16 6 15 results_for_datasets
45766 Q0 k3 7 14 results_for_datasets
45766 Q0 uk17 8 13 results_for_datasets
45766 Q0 uk18 9 12 results_for_datasets
45766 Q0 uk19 10 11 results_for_datasets
45766 Q0 k5 11 10 results_for_datasets
45766 Q0 uk20 12 9 results_for_datasets
45766 Q0 uk21 13 8 results_for_datasets
45766 Q0 uk22 14 7 results_for_datasets
45766 Q0 uk23 15 6 results_for_datasets
45766 Q0 uk24 16 5 results_for_datasets
45766 Q0 uk25 17 4 results_for_datasets
45766 Q0 uk26 18 3 results_for_datasets
45766 Q0 uk27 19 2 results_for_datasets
45766 Q0 uk28 20 1 results_for_datasets
45774 Q0 k4 1 20 results_for_datasets
45774 Q0 uk9 2 19 results_for_datasets
45774 Q0 uk10 3 18 results_for_datasets
45774 Q0 k6 4 17 results_for_datasets
45774 Q0 uk11 5 16 results_for_datasets
45774 Q0 uk12 6 15 results_for_datasets
45774 Q0 uk13 7 14 results_for_datasets
45774 Q0 k3 8 13 results_for_datasets
45774 Q0 uk14 9 12 results_for_datasets
45774 Q0 k5 10 11 results_for_datasets
45774 Q0 uk15 11 10 results_for_datasets
45774 Q0 uk16 12 9 results_for_datasets
45774 Q0 uk17 13 8 results_for_datasets
45774 Q0 uk18 14 7 results_for_datasets
45774 Q0 uk19 15 6 results_for_datasets
45774 Q0 k2 16 5 results_for_datasets
45774 Q0 uk20 17 4 results_for_datasets
45774 Q0 uk21 18 3 results_for_datasets
45774 Q0 uk22 19 2 results_for_datasets
45774 Q0 uk23 20 1 results_for_datasets
45789 Q0 k1 1 20 results_for_datasets
45789 Q0 uk9 2 19 results_for_datasets
45789 Q0 k4 3 18 results_for_datasets
45789 Q0 uk10 4 17 results_for_datasets
45789 Q0 uk11 5 16 results_for_datasets
45789 Q0 uk12 6 15 results_for_datasets
45789 Q0 uk13 7 14 results_for_datasets
45789 Q0 uk14 8 13 results_for_datasets
45789 Q0 uk15 9 12 results_for_datasets
45789 Q0 uk16 10 11 results_for_datasets
45789 Q0 uk17 11 10 results_for_datasets
45789 Q0 uk18 12 9 results_for_datasets
45789 Q0 k6 13 8 results_for_datasets
45789 Q0 uk19 14 7 results_for_datasets
45789 Q0 uk20 15 6 results_for_datasets
45789 Q0 k2 16 5 results_for_datasets
45789 Q0 uk21 17 4 results_for_datasets
45789 Q0 uk22 18 3 results_for_datasets
45789 Q0 uk23 19 2 results_for_datasets
45789 Q0 uk24 20 1 results_for_datasets
